# JRE version: OpenJDK Runtime Environment (7.0_55-b14) (build 1.7.0_55-b14)
# Java VM: OpenJDK 64-Bit Server VM (24.51-b03 mixed mode linux-amd64 compressed oops)
Heap
 PSYoungGen      total 119296K, used 75554K [0x00000000f8000000, 0x0000000100000000, 0x0000000100000000)
  eden space 110080K, 63% used [0x00000000f8000000,0x00000000fc3cb9a0,0x00000000feb80000)
  from space 9216K, 66% used [0x00000000feb80000,0x00000000ff17cfa0,0x00000000ff480000)
  to   space 9728K, 0% used [0x00000000ff680000,0x00000000ff680000,0x0000000100000000)
 ParOldGen       total 81408K, used 44972K [0x00000000e8000000, 0x00000000ecf80000, 0x00000000f8000000)
  object space 81408K, 55% used [0x00000000e8000000,0x00000000eabeb3f8,0x00000000ecf80000)
 PSPermGen       total 72704K, used 72156K [0x00000000d8000000, 0x00000000dc700000, 0x00000000e8000000)
  object space 72704K, 99% used [0x00000000d8000000,0x00000000dc677090,0x00000000dc700000)
GC Heap History (10 events):
Event: 3324.179 GC heap before
{Heap before GC invocations=122 (full 45):
 PSYoungGen      total 119808K, used 17322K [0x00000000f8000000, 0x00000000ffe80000, 0x0000000100000000)
  eden space 110080K, 15% used [0x00000000f8000000,0x00000000f90ea888,0x00000000feb80000)
  from space 9728K, 0% used [0x00000000ff500000,0x00000000ff500000,0x00000000ffe80000)
  to   space 9728K, 0% used [0x00000000feb80000,0x00000000feb80000,0x00000000ff500000)
 ParOldGen       total 81408K, used 45185K [0x00000000e8000000, 0x00000000ecf80000, 0x00000000f8000000)
  object space 81408K, 55% used [0x00000000e8000000,0x00000000eac206c0,0x00000000ecf80000)
 PSPermGen       total 73216K, used 71880K [0x00000000d8000000, 0x00000000dc780000, 0x00000000e8000000)
  object space 73216K, 98% used [0x00000000d8000000,0x00000000dc6323d8,0x00000000dc780000)
Event: 3324.192 GC heap after
Heap after GC invocations=122 (full 45):
 PSYoungGen      total 111104K, used 912K [0x00000000f8000000, 0x00000000ffd80000, 0x0000000100000000)
  eden space 110080K, 0% used [0x00000000f8000000,0x00000000f8000000,0x00000000feb80000)
  from space 1024K, 89% used [0x00000000feb80000,0x00000000fec64010,0x00000000fec80000)
  to   space 9216K, 0% used [0x00000000ff480000,0x00000000ff480000,0x00000000ffd80000)
 ParOldGen       total 81408K, used 45185K [0x00000000e8000000, 0x00000000ecf80000, 0x00000000f8000000)
  object space 81408K, 55% used [0x00000000e8000000,0x00000000eac206c0,0x00000000ecf80000)
 PSPermGen       total 73216K, used 71880K [0x00000000d8000000, 0x00000000dc780000, 0x00000000e8000000)
  object space 73216K, 98% used [0x00000000d8000000,0x00000000dc6323d8,0x00000000dc780000)
}
Event: 3324.192 GC heap before
{Heap before GC invocations=123 (full 46):
 PSYoungGen      total 111104K, used 912K [0x00000000f8000000, 0x00000000ffd80000, 0x0000000100000000)
  eden space 110080K, 0% used [0x00000000f8000000,0x00000000f8000000,0x00000000feb80000)
  from space 1024K, 89% used [0x00000000feb80000,0x00000000fec64010,0x00000000fec80000)
  to   space 9216K, 0% used [0x00000000ff480000,0x00000000ff480000,0x00000000ffd80000)
 ParOldGen       total 81408K, used 45185K [0x00000000e8000000, 0x00000000ecf80000, 0x00000000f8000000)
  object space 81408K, 55% used [0x00000000e8000000,0x00000000eac206c0,0x00000000ecf80000)
 PSPermGen       total 73216K, used 71880K [0x00000000d8000000, 0x00000000dc780000, 0x00000000e8000000)
  object space 73216K, 98% used [0x00000000d8000000,0x00000000dc6323d8,0x00000000dc780000)
Event: 3324.678 GC heap after
Heap after GC invocations=123 (full 46):
 PSYoungGen      total 111104K, used 0K [0x00000000f8000000, 0x00000000ffd80000, 0x0000000100000000)
  eden space 110080K, 0% used [0x00000000f8000000,0x00000000f8000000,0x00000000feb80000)
  from space 1024K, 0% used [0x00000000feb80000,0x00000000feb80000,0x00000000fec80000)
  to   space 9216K, 0% used [0x00000000ff480000,0x00000000ff480000,0x00000000ffd80000)
 ParOldGen       total 81408K, used 45054K [0x00000000e8000000, 0x00000000ecf80000, 0x00000000f8000000)
  object space 81408K, 55% used [0x00000000e8000000,0x00000000eabffac0,0x00000000ecf80000)
 PSPermGen       total 72704K, used 71880K [0x00000000d8000000, 0x00000000dc700000, 0x00000000e8000000)
  object space 72704K, 98% used [0x00000000d8000000,0x00000000dc632398,0x00000000dc700000)
}
Event: 3395.363 GC heap before
{Heap before GC invocations=124 (full 46):
 PSYoungGen      total 111104K, used 6186K [0x00000000f8000000, 0x00000000ffd80000, 0x0000000100000000)
  eden space 110080K, 5% used [0x00000000f8000000,0x00000000f860ab18,0x00000000feb80000)
  from space 1024K, 0% used [0x00000000feb80000,0x00000000feb80000,0x00000000fec80000)
  to   space 9216K, 0% used [0x00000000ff480000,0x00000000ff480000,0x00000000ffd80000)
 ParOldGen       total 81408K, used 45054K [0x00000000e8000000, 0x00000000ecf80000, 0x00000000f8000000)
  object space 81408K, 55% used [0x00000000e8000000,0x00000000eabffac0,0x00000000ecf80000)
 PSPermGen       total 72704K, used 72015K [0x00000000d8000000, 0x00000000dc700000, 0x00000000e8000000)
  object space 72704K, 99% used [0x00000000d8000000,0x00000000dc653cc8,0x00000000dc700000)
Event: 3395.373 GC heap after
Heap after GC invocations=124 (full 46):
 PSYoungGen      total 119296K, used 326K [0x00000000f8000000, 0x00000000ffd80000, 0x0000000100000000)
  eden space 110080K, 0% used [0x00000000f8000000,0x00000000f8000000,0x00000000feb80000)
  from space 9216K, 3% used [0x00000000ff480000,0x00000000ff4d18c0,0x00000000ffd80000)
  to   space 9216K, 0% used [0x00000000feb80000,0x00000000feb80000,0x00000000ff480000)
 ParOldGen       total 81408K, used 45054K [0x00000000e8000000, 0x00000000ecf80000, 0x00000000f8000000)
  object space 81408K, 55% used [0x00000000e8000000,0x00000000eabffac0,0x00000000ecf80000)
 PSPermGen       total 72704K, used 72015K [0x00000000d8000000, 0x00000000dc700000, 0x00000000e8000000)
  object space 72704K, 99% used [0x00000000d8000000,0x00000000dc653cc8,0x00000000dc700000)
}
Event: 3395.373 GC heap before
{Heap before GC invocations=125 (full 47):
 PSYoungGen      total 119296K, used 326K [0x00000000f8000000, 0x00000000ffd80000, 0x0000000100000000)
  eden space 110080K, 0% used [0x00000000f8000000,0x00000000f8000000,0x00000000feb80000)
  from space 9216K, 3% used [0x00000000ff480000,0x00000000ff4d18c0,0x00000000ffd80000)
  to   space 9216K, 0% used [0x00000000feb80000,0x00000000feb80000,0x00000000ff480000)
 ParOldGen       total 81408K, used 45054K [0x00000000e8000000, 0x00000000ecf80000, 0x00000000f8000000)
  object space 81408K, 55% used [0x00000000e8000000,0x00000000eabffac0,0x00000000ecf80000)
 PSPermGen       total 72704K, used 72015K [0x00000000d8000000, 0x00000000dc700000, 0x00000000e8000000)
  object space 72704K, 99% used [0x00000000d8000000,0x00000000dc653cc8,0x00000000dc700000)
Event: 3395.830 GC heap after
Heap after GC invocations=125 (full 47):
 PSYoungGen      total 119296K, used 0K [0x00000000f8000000, 0x00000000ffd80000, 0x0000000100000000)
  eden space 110080K, 0% used [0x00000000f8000000,0x00000000f8000000,0x00000000feb80000)
  from space 9216K, 0% used [0x00000000ff480000,0x00000000ff480000,0x00000000ffd80000)
  to   space 9216K, 0% used [0x00000000feb80000,0x00000000feb80000,0x00000000ff480000)
 ParOldGen       total 81408K, used 44972K [0x00000000e8000000, 0x00000000ecf80000, 0x00000000f8000000)
  object space 81408K, 55% used [0x00000000e8000000,0x00000000eabeb3f8,0x00000000ecf80000)
 PSPermGen       total 72704K, used 72015K [0x00000000d8000000, 0x00000000dc700000, 0x00000000e8000000)
  object space 72704K, 99% used [0x00000000d8000000,0x00000000dc653cc8,0x00000000dc700000)
}
Event: 3639.399 GC heap before
{Heap before GC invocations=126 (full 47):
 PSYoungGen      total 119296K, used 110080K [0x00000000f8000000, 0x00000000ffd80000, 0x0000000100000000)
  eden space 110080K, 100% used [0x00000000f8000000,0x00000000feb80000,0x00000000feb80000)
  from space 9216K, 0% used [0x00000000ff480000,0x00000000ff480000,0x00000000ffd80000)
  to   space 9216K, 0% used [0x00000000feb80000,0x00000000feb80000,0x00000000ff480000)
 ParOldGen       total 81408K, used 44972K [0x00000000e8000000, 0x00000000ecf80000, 0x00000000f8000000)
  object space 81408K, 55% used [0x00000000e8000000,0x00000000eabeb3f8,0x00000000ecf80000)
 PSPermGen       total 72704K, used 72100K [0x00000000d8000000, 0x00000000dc700000, 0x00000000e8000000)
  object space 72704K, 99% used [0x00000000d8000000,0x00000000dc669248,0x00000000dc700000)
Event: 3639.430 GC heap after
Heap after GC invocations=126 (full 47):
 PSYoungGen      total 119296K, used 6131K [0x00000000f8000000, 0x0000000100000000, 0x0000000100000000)
  eden space 110080K, 0% used [0x00000000f8000000,0x00000000f8000000,0x00000000feb80000)
  from space 9216K, 66% used [0x00000000feb80000,0x00000000ff17cfa0,0x00000000ff480000)
  to   space 9728K, 0% used [0x00000000ff680000,0x00000000ff680000,0x0000000100000000)
 ParOldGen       total 81408K, used 44972K [0x00000000e8000000, 0x00000000ecf80000, 0x00000000f8000000)
  object space 81408K, 55% used [0x00000000e8000000,0x00000000eabeb3f8,0x00000000ecf80000)
 PSPermGen       total 72704K, used 72100K [0x00000000d8000000, 0x00000000dc700000, 0x00000000e8000000)
  object space 72704K, 99% used [0x00000000d8000000,0x00000000dc669248,0x00000000dc700000)
}

# JRE version: OpenJDK Runtime Environment (7.0_55-b14) (build 1.7.0_55-b14)
# Java VM: OpenJDK 64-Bit Server VM (24.51-b03 mixed mode linux-amd64 compressed oops)
Heap
 PSYoungGen      total 119296K, used 75554K [0x00000000f8000000, 0x0000000100000000, 0x0000000100000000)
  eden space 110080K, 63% used [0x00000000f8000000,0x00000000fc3cb9a0,0x00000000feb80000)
  from space 9216K, 66% used [0x00000000feb80000,0x00000000ff17cfa0,0x00000000ff480000)
  to   space 9728K, 0% used [0x00000000ff680000,0x00000000ff680000,0x0000000100000000)
 ParOldGen       total 81408K, used 44972K [0x00000000e8000000, 0x00000000ecf80000, 0x00000000f8000000)
  object space 81408K, 55% used [0x00000000e8000000,0x00000000eabeb3f8,0x00000000ecf80000)
 PSPermGen       total 72704K, used 72156K [0x00000000d8000000, 0x00000000dc700000, 0x00000000e8000000)
  object space 72704K, 99% used [0x00000000d8000000,0x00000000dc677090,0x00000000dc700000)
GC Heap History (10 events):
Event: 3324.179 GC heap before
{Heap before GC invocations=122 (full 45):
 PSYoungGen      total 119808K, used 17322K [0x00000000f8000000, 0x00000000ffe80000, 0x0000000100000000)
  eden space 110080K, 15% used [0x00000000f8000000,0x00000000f90ea888,0x00000000feb80000)
  from space 9728K, 0% used [0x00000000ff500000,0x00000000ff500000,0x00000000ffe80000)
  to   space 9728K, 0% used [0x00000000feb80000,0x00000000feb80000,0x00000000ff500000)
 ParOldGen       total 81408K, used 45185K [0x00000000e8000000, 0x00000000ecf80000, 0x00000000f8000000)
  object space 81408K, 55% used [0x00000000e8000000,0x00000000eac206c0,0x00000000ecf80000)
 PSPermGen       total 73216K, used 71880K [0x00000000d8000000, 0x00000000dc780000, 0x00000000e8000000)
  object space 73216K, 98% used [0x00000000d8000000,0x00000000dc6323d8,0x00000000dc780000)
Event: 3324.192 GC heap after
Heap after GC invocations=122 (full 45):
 PSYoungGen      total 111104K, used 912K [0x00000000f8000000, 0x00000000ffd80000, 0x0000000100000000)
  eden space 110080K, 0% used [0x00000000f8000000,0x00000000f8000000,0x00000000feb80000)
  from space 1024K, 89% used [0x00000000feb80000,0x00000000fec64010,0x00000000fec80000)
  to   space 9216K, 0% used [0x00000000ff480000,0x00000000ff480000,0x00000000ffd80000)
 ParOldGen       total 81408K, used 45185K [0x00000000e8000000, 0x00000000ecf80000, 0x00000000f8000000)
  object space 81408K, 55% used [0x00000000e8000000,0x00000000eac206c0,0x00000000ecf80000)
 PSPermGen       total 73216K, used 71880K [0x00000000d8000000, 0x00000000dc780000, 0x00000000e8000000)
  object space 73216K, 98% used [0x00000000d8000000,0x00000000dc6323d8,0x00000000dc780000)
}
Event: 3324.192 GC heap before
{Heap before GC invocations=123 (full 46):
 PSYoungGen      total 111104K, used 912K [0x00000000f8000000, 0x00000000ffd80000, 0x0000000100000000)
  eden space 110080K, 0% used [0x00000000f8000000,0x00000000f8000000,0x00000000feb80000)
  from space 1024K, 89% used [0x00000000feb80000,0x00000000fec64010,0x00000000fec80000)
  to   space 9216K, 0% used [0x00000000ff480000,0x00000000ff480000,0x00000000ffd80000)
 ParOldGen       total 81408K, used 45185K [0x00000000e8000000, 0x00000000ecf80000, 0x00000000f8000000)
  object space 81408K, 55% used [0x00000000e8000000,0x00000000eac206c0,0x00000000ecf80000)
 PSPermGen       total 73216K, used 71880K [0x00000000d8000000, 0x00000000dc780000, 0x00000000e8000000)
  object space 73216K, 98% used [0x00000000d8000000,0x00000000dc6323d8,0x00000000dc780000)
Event: 3324.678 GC heap after
Heap after GC invocations=123 (full 46):
 PSYoungGen      total 111104K, used 0K [0x00000000f8000000, 0x00000000ffd80000, 0x0000000100000000)
  eden space 110080K, 0% used [0x00000000f8000000,0x00000000f8000000,0x00000000feb80000)
  from space 1024K, 0% used [0x00000000feb80000,0x00000000feb80000,0x00000000fec80000)
  to   space 9216K, 0% used [0x00000000ff480000,0x00000000ff480000,0x00000000ffd80000)
 ParOldGen       total 81408K, used 45054K [0x00000000e8000000, 0x00000000ecf80000, 0x00000000f8000000)
  object space 81408K, 55% used [0x00000000e8000000,0x00000000eabffac0,0x00000000ecf80000)
 PSPermGen       total 72704K, used 71880K [0x00000000d8000000, 0x00000000dc700000, 0x00000000e8000000)
  object space 72704K, 98% used [0x00000000d8000000,0x00000000dc632398,0x00000000dc700000)
}
Event: 3395.363 GC heap before
{Heap before GC invocations=124 (full 46):
 PSYoungGen      total 111104K, used 6186K [0x00000000f8000000, 0x00000000ffd80000, 0x0000000100000000)
  eden space 110080K, 5% used [0x00000000f8000000,0x00000000f860ab18,0x00000000feb80000)
  from space 1024K, 0% used [0x00000000feb80000,0x00000000feb80000,0x00000000fec80000)
  to   space 9216K, 0% used [0x00000000ff480000,0x00000000ff480000,0x00000000ffd80000)
 ParOldGen       total 81408K, used 45054K [0x00000000e8000000, 0x00000000ecf80000, 0x00000000f8000000)
  object space 81408K, 55% used [0x00000000e8000000,0x00000000eabffac0,0x00000000ecf80000)
 PSPermGen       total 72704K, used 72015K [0x00000000d8000000, 0x00000000dc700000, 0x00000000e8000000)
  object space 72704K, 99% used [0x00000000d8000000,0x00000000dc653cc8,0x00000000dc700000)
Event: 3395.373 GC heap after
Heap after GC invocations=124 (full 46):
 PSYoungGen      total 119296K, used 326K [0x00000000f8000000, 0x00000000ffd80000, 0x0000000100000000)
  eden space 110080K, 0% used [0x00000000f8000000,0x00000000f8000000,0x00000000feb80000)
  from space 9216K, 3% used [0x00000000ff480000,0x00000000ff4d18c0,0x00000000ffd80000)
  to   space 9216K, 0% used [0x00000000feb80000,0x00000000feb80000,0x00000000ff480000)
 ParOldGen       total 81408K, used 45054K [0x00000000e8000000, 0x00000000ecf80000, 0x00000000f8000000)
  object space 81408K, 55% used [0x00000000e8000000,0x00000000eabffac0,0x00000000ecf80000)
 PSPermGen       total 72704K, used 72015K [0x00000000d8000000, 0x00000000dc700000, 0x00000000e8000000)
  object space 72704K, 99% used [0x00000000d8000000,0x00000000dc653cc8,0x00000000dc700000)
}
Event: 3395.373 GC heap before
{Heap before GC invocations=125 (full 47):
 PSYoungGen      total 119296K, used 326K [0x00000000f8000000, 0x00000000ffd80000, 0x0000000100000000)
  eden space 110080K, 0% used [0x00000000f8000000,0x00000000f8000000,0x00000000feb80000)
  from space 9216K, 3% used [0x00000000ff480000,0x00000000ff4d18c0,0x00000000ffd80000)
  to   space 9216K, 0% used [0x00000000feb80000,0x00000000feb80000,0x00000000ff480000)
 ParOldGen       total 81408K, used 45054K [0x00000000e8000000, 0x00000000ecf80000, 0x00000000f8000000)
  object space 81408K, 55% used [0x00000000e8000000,0x00000000eabffac0,0x00000000ecf80000)
 PSPermGen       total 72704K, used 72015K [0x00000000d8000000, 0x00000000dc700000, 0x00000000e8000000)
  object space 72704K, 99% used [0x00000000d8000000,0x00000000dc653cc8,0x00000000dc700000)
Event: 3395.830 GC heap after
Heap after GC invocations=125 (full 47):
 PSYoungGen      total 119296K, used 0K [0x00000000f8000000, 0x00000000ffd80000, 0x0000000100000000)
  eden space 110080K, 0% used [0x00000000f8000000,0x00000000f8000000,0x00000000feb80000)
  from space 9216K, 0% used [0x00000000ff480000,0x00000000ff480000,0x00000000ffd80000)
  to   space 9216K, 0% used [0x00000000feb80000,0x00000000feb80000,0x00000000ff480000)
 ParOldGen       total 81408K, used 44972K [0x00000000e8000000, 0x00000000ecf80000, 0x00000000f8000000)
  object space 81408K, 55% used [0x00000000e8000000,0x00000000eabeb3f8,0x00000000ecf80000)
 PSPermGen       total 72704K, used 72015K [0x00000000d8000000, 0x00000000dc700000, 0x00000000e8000000)
  object space 72704K, 99% used [0x00000000d8000000,0x00000000dc653cc8,0x00000000dc700000)
}
Event: 3639.399 GC heap before
{Heap before GC invocations=126 (full 47):
 PSYoungGen      total 119296K, used 110080K [0x00000000f8000000, 0x00000000ffd80000, 0x0000000100000000)
  eden space 110080K, 100% used [0x00000000f8000000,0x00000000feb80000,0x00000000feb80000)
  from space 9216K, 0% used [0x00000000ff480000,0x00000000ff480000,0x00000000ffd80000)
  to   space 9216K, 0% used [0x00000000feb80000,0x00000000feb80000,0x00000000ff480000)
 ParOldGen       total 81408K, used 44972K [0x00000000e8000000, 0x00000000ecf80000, 0x00000000f8000000)
  object space 81408K, 55% used [0x00000000e8000000,0x00000000eabeb3f8,0x00000000ecf80000)
 PSPermGen       total 72704K, used 72100K [0x00000000d8000000, 0x00000000dc700000, 0x00000000e8000000)
  object space 72704K, 99% used [0x00000000d8000000,0x00000000dc669248,0x00000000dc700000)
Event: 3639.430 GC heap after
Heap after GC invocations=126 (full 47):
 PSYoungGen      total 119296K, used 6131K [0x00000000f8000000, 0x0000000100000000, 0x0000000100000000)
  eden space 110080K, 0% used [0x00000000f8000000,0x00000000f8000000,0x00000000feb80000)
  from space 9216K, 66% used [0x00000000feb80000,0x00000000ff17cfa0,0x00000000ff480000)
  to   space 9728K, 0% used [0x00000000ff680000,0x00000000ff680000,0x0000000100000000)
 ParOldGen       total 81408K, used 44972K [0x00000000e8000000, 0x00000000ecf80000, 0x00000000f8000000)
  object space 81408K, 55% used [0x00000000e8000000,0x00000000eabeb3f8,0x00000000ecf80000)
 PSPermGen       total 72704K, used 72100K [0x00000000d8000000, 0x00000000dc700000, 0x00000000e8000000)
  object space 72704K, 99% used [0x00000000d8000000,0x00000000dc669248,0x00000000dc700000)
}

# JRE version: OpenJDK Runtime Environment (7.0_55-b14) (build 1.7.0_55-b14)
# Java VM: OpenJDK 64-Bit Server VM (24.51-b03 mixed mode linux-amd64 compressed oops)
Heap
 PSYoungGen      total 119296K, used 75554K [0x00000000f8000000, 0x0000000100000000, 0x0000000100000000)
  eden space 110080K, 63% used [0x00000000f8000000,0x00000000fc3cb9a0,0x00000000feb80000)
  from space 9216K, 66% used [0x00000000feb80000,0x00000000ff17cfa0,0x00000000ff480000)
  to   space 9728K, 0% used [0x00000000ff680000,0x00000000ff680000,0x0000000100000000)
 ParOldGen       total 81408K, used 44972K [0x00000000e8000000, 0x00000000ecf80000, 0x00000000f8000000)
  object space 81408K, 55% used [0x00000000e8000000,0x00000000eabeb3f8,0x00000000ecf80000)
 PSPermGen       total 72704K, used 72156K [0x00000000d8000000, 0x00000000dc700000, 0x00000000e8000000)
  object space 72704K, 99% used [0x00000000d8000000,0x00000000dc677090,0x00000000dc700000)
GC Heap History (10 events):
Event: 3324.179 GC heap before
{Heap before GC invocations=122 (full 45):
 PSYoungGen      total 119808K, used 17322K [0x00000000f8000000, 0x00000000ffe80000, 0x0000000100000000)
  eden space 110080K, 15% used [0x00000000f8000000,0x00000000f90ea888,0x00000000feb80000)
  from space 9728K, 0% used [0x00000000ff500000,0x00000000ff500000,0x00000000ffe80000)
  to   space 9728K, 0% used [0x00000000feb80000,0x00000000feb80000,0x00000000ff500000)
 ParOldGen       total 81408K, used 45185K [0x00000000e8000000, 0x00000000ecf80000, 0x00000000f8000000)
  object space 81408K, 55% used [0x00000000e8000000,0x00000000eac206c0,0x00000000ecf80000)
 PSPermGen       total 73216K, used 71880K [0x00000000d8000000, 0x00000000dc780000, 0x00000000e8000000)
  object space 73216K, 98% used [0x00000000d8000000,0x00000000dc6323d8,0x00000000dc780000)
Event: 3324.192 GC heap after
Heap after GC invocations=122 (full 45):
 PSYoungGen      total 111104K, used 912K [0x00000000f8000000, 0x00000000ffd80000, 0x0000000100000000)
  eden space 110080K, 0% used [0x00000000f8000000,0x00000000f8000000,0x00000000feb80000)
  from space 1024K, 89% used [0x00000000feb80000,0x00000000fec64010,0x00000000fec80000)
  to   space 9216K, 0% used [0x00000000ff480000,0x00000000ff480000,0x00000000ffd80000)
 ParOldGen       total 81408K, used 45185K [0x00000000e8000000, 0x00000000ecf80000, 0x00000000f8000000)
  object space 81408K, 55% used [0x00000000e8000000,0x00000000eac206c0,0x00000000ecf80000)
 PSPermGen       total 73216K, used 71880K [0x00000000d8000000, 0x00000000dc780000, 0x00000000e8000000)
  object space 73216K, 98% used [0x00000000d8000000,0x00000000dc6323d8,0x00000000dc780000)
}
Event: 3324.192 GC heap before
{Heap before GC invocations=123 (full 46):
 PSYoungGen      total 111104K, used 912K [0x00000000f8000000, 0x00000000ffd80000, 0x0000000100000000)
  eden space 110080K, 0% used [0x00000000f8000000,0x00000000f8000000,0x00000000feb80000)
  from space 1024K, 89% used [0x00000000feb80000,0x00000000fec64010,0x00000000fec80000)
  to   space 9216K, 0% used [0x00000000ff480000,0x00000000ff480000,0x00000000ffd80000)
 ParOldGen       total 81408K, used 45185K [0x00000000e8000000, 0x00000000ecf80000, 0x00000000f8000000)
  object space 81408K, 55% used [0x00000000e8000000,0x00000000eac206c0,0x00000000ecf80000)
 PSPermGen       total 73216K, used 71880K [0x00000000d8000000, 0x00000000dc780000, 0x00000000e8000000)
  object space 73216K, 98% used [0x00000000d8000000,0x00000000dc6323d8,0x00000000dc780000)
Event: 3324.678 GC heap after
Heap after GC invocations=123 (full 46):
 PSYoungGen      total 111104K, used 0K [0x00000000f8000000, 0x00000000ffd80000, 0x0000000100000000)
  eden space 110080K, 0% used [0x00000000f8000000,0x00000000f8000000,0x00000000feb80000)
  from space 1024K, 0% used [0x00000000feb80000,0x00000000feb80000,0x00000000fec80000)
  to   space 9216K, 0% used [0x00000000ff480000,0x00000000ff480000,0x00000000ffd80000)
 ParOldGen       total 81408K, used 45054K [0x00000000e8000000, 0x00000000ecf80000, 0x00000000f8000000)
  object space 81408K, 55% used [0x00000000e8000000,0x00000000eabffac0,0x00000000ecf80000)
 PSPermGen       total 72704K, used 71880K [0x00000000d8000000, 0x00000000dc700000, 0x00000000e8000000)
  object space 72704K, 98% used [0x00000000d8000000,0x00000000dc632398,0x00000000dc700000)
}
Event: 3395.363 GC heap before
{Heap before GC invocations=124 (full 46):
 PSYoungGen      total 111104K, used 6186K [0x00000000f8000000, 0x00000000ffd80000, 0x0000000100000000)
  eden space 110080K, 5% used [0x00000000f8000000,0x00000000f860ab18,0x00000000feb80000)
  from space 1024K, 0% used [0x00000000feb80000,0x00000000feb80000,0x00000000fec80000)
  to   space 9216K, 0% used [0x00000000ff480000,0x00000000ff480000,0x00000000ffd80000)
 ParOldGen       total 81408K, used 45054K [0x00000000e8000000, 0x00000000ecf80000, 0x00000000f8000000)
  object space 81408K, 55% used [0x00000000e8000000,0x00000000eabffac0,0x00000000ecf80000)
 PSPermGen       total 72704K, used 72015K [0x00000000d8000000, 0x00000000dc700000, 0x00000000e8000000)
  object space 72704K, 99% used [0x00000000d8000000,0x00000000dc653cc8,0x00000000dc700000)
Event: 3395.373 GC heap after
Heap after GC invocations=124 (full 46):
 PSYoungGen      total 119296K, used 326K [0x00000000f8000000, 0x00000000ffd80000, 0x0000000100000000)
  eden space 110080K, 0% used [0x00000000f8000000,0x00000000f8000000,0x00000000feb80000)
  from space 9216K, 3% used [0x00000000ff480000,0x00000000ff4d18c0,0x00000000ffd80000)
  to   space 9216K, 0% used [0x00000000feb80000,0x00000000feb80000,0x00000000ff480000)
 ParOldGen       total 81408K, used 45054K [0x00000000e8000000, 0x00000000ecf80000, 0x00000000f8000000)
  object space 81408K, 55% used [0x00000000e8000000,0x00000000eabffac0,0x00000000ecf80000)
 PSPermGen       total 72704K, used 72015K [0x00000000d8000000, 0x00000000dc700000, 0x00000000e8000000)
  object space 72704K, 99% used [0x00000000d8000000,0x00000000dc653cc8,0x00000000dc700000)
}
Event: 3395.373 GC heap before
{Heap before GC invocations=125 (full 47):
 PSYoungGen      total 119296K, used 326K [0x00000000f8000000, 0x00000000ffd80000, 0x0000000100000000)
  eden space 110080K, 0% used [0x00000000f8000000,0x00000000f8000000,0x00000000feb80000)
  from space 9216K, 3% used [0x00000000ff480000,0x00000000ff4d18c0,0x00000000ffd80000)
  to   space 9216K, 0% used [0x00000000feb80000,0x00000000feb80000,0x00000000ff480000)
 ParOldGen       total 81408K, used 45054K [0x00000000e8000000, 0x00000000ecf80000, 0x00000000f8000000)
  object space 81408K, 55% used [0x00000000e8000000,0x00000000eabffac0,0x00000000ecf80000)
 PSPermGen       total 72704K, used 72015K [0x00000000d8000000, 0x00000000dc700000, 0x00000000e8000000)
  object space 72704K, 99% used [0x00000000d8000000,0x00000000dc653cc8,0x00000000dc700000)
Event: 3395.830 GC heap after
Heap after GC invocations=125 (full 47):
 PSYoungGen      total 119296K, used 0K [0x00000000f8000000, 0x00000000ffd80000, 0x0000000100000000)
  eden space 110080K, 0% used [0x00000000f8000000,0x00000000f8000000,0x00000000feb80000)
  from space 9216K, 0% used [0x00000000ff480000,0x00000000ff480000,0x00000000ffd80000)
  to   space 9216K, 0% used [0x00000000feb80000,0x00000000feb80000,0x00000000ff480000)
 ParOldGen       total 81408K, used 44972K [0x00000000e8000000, 0x00000000ecf80000, 0x00000000f8000000)
  object space 81408K, 55% used [0x00000000e8000000,0x00000000eabeb3f8,0x00000000ecf80000)
 PSPermGen       total 72704K, used 72015K [0x00000000d8000000, 0x00000000dc700000, 0x00000000e8000000)
  object space 72704K, 99% used [0x00000000d8000000,0x00000000dc653cc8,0x00000000dc700000)
}
Event: 3639.399 GC heap before
{Heap before GC invocations=126 (full 47):
 PSYoungGen      total 119296K, used 110080K [0x00000000f8000000, 0x00000000ffd80000, 0x0000000100000000)
  eden space 110080K, 100% used [0x00000000f8000000,0x00000000feb80000,0x00000000feb80000)
  from space 9216K, 0% used [0x00000000ff480000,0x00000000ff480000,0x00000000ffd80000)
  to   space 9216K, 0% used [0x00000000feb80000,0x00000000feb80000,0x00000000ff480000)
 ParOldGen       total 81408K, used 44972K [0x00000000e8000000, 0x00000000ecf80000, 0x00000000f8000000)
  object space 81408K, 55% used [0x00000000e8000000,0x00000000eabeb3f8,0x00000000ecf80000)
 PSPermGen       total 72704K, used 72100K [0x00000000d8000000, 0x00000000dc700000, 0x00000000e8000000)
  object space 72704K, 99% used [0x00000000d8000000,0x00000000dc669248,0x00000000dc700000)
Event: 3639.430 GC heap after
Heap after GC invocations=126 (full 47):
 PSYoungGen      total 119296K, used 6131K [0x00000000f8000000, 0x0000000100000000, 0x0000000100000000)
  eden space 110080K, 0% used [0x00000000f8000000,0x00000000f8000000,0x00000000feb80000)
  from space 9216K, 66% used [0x00000000feb80000,0x00000000ff17cfa0,0x00000000ff480000)
  to   space 9728K, 0% used [0x00000000ff680000,0x00000000ff680000,0x0000000100000000)
 ParOldGen       total 81408K, used 44972K [0x00000000e8000000, 0x00000000ecf80000, 0x00000000f8000000)
  object space 81408K, 55% used [0x00000000e8000000,0x00000000eabeb3f8,0x00000000ecf80000)
 PSPermGen       total 72704K, used 72100K [0x00000000d8000000, 0x00000000dc700000, 0x00000000e8000000)
  object space 72704K, 99% used [0x00000000d8000000,0x00000000dc669248,0x00000000dc700000)
}

# JRE version: OpenJDK Runtime Environment (7.0_55-b14) (build 1.7.0_55-b14)
# Java VM: OpenJDK 64-Bit Server VM (24.51-b03 mixed mode linux-amd64 compressed oops)
Heap
 PSYoungGen      total 119296K, used 75554K [0x00000000f8000000, 0x0000000100000000, 0x0000000100000000)
  eden space 110080K, 63% used [0x00000000f8000000,0x00000000fc3cb9a0,0x00000000feb80000)
  from space 9216K, 66% used [0x00000000feb80000,0x00000000ff17cfa0,0x00000000ff480000)
  to   space 9728K, 0% used [0x00000000ff680000,0x00000000ff680000,0x0000000100000000)
 ParOldGen       total 81408K, used 44972K [0x00000000e8000000, 0x00000000ecf80000, 0x00000000f8000000)
  object space 81408K, 55% used [0x00000000e8000000,0x00000000eabeb3f8,0x00000000ecf80000)
 PSPermGen       total 72704K, used 72156K [0x00000000d8000000, 0x00000000dc700000, 0x00000000e8000000)
  object space 72704K, 99% used [0x00000000d8000000,0x00000000dc677090,0x00000000dc700000)
GC Heap History (10 events):
Event: 3324.179 GC heap before
{Heap before GC invocations=122 (full 45):
 PSYoungGen      total 119808K, used 17322K [0x00000000f8000000, 0x00000000ffe80000, 0x0000000100000000)
  eden space 110080K, 15% used [0x00000000f8000000,0x00000000f90ea888,0x00000000feb80000)
  from space 9728K, 0% used [0x00000000ff500000,0x00000000ff500000,0x00000000ffe80000)
  to   space 9728K, 0% used [0x00000000feb80000,0x00000000feb80000,0x00000000ff500000)
 ParOldGen       total 81408K, used 45185K [0x00000000e8000000, 0x00000000ecf80000, 0x00000000f8000000)
  object space 81408K, 55% used [0x00000000e8000000,0x00000000eac206c0,0x00000000ecf80000)
 PSPermGen       total 73216K, used 71880K [0x00000000d8000000, 0x00000000dc780000, 0x00000000e8000000)
  object space 73216K, 98% used [0x00000000d8000000,0x00000000dc6323d8,0x00000000dc780000)
Event: 3324.192 GC heap after
Heap after GC invocations=122 (full 45):
 PSYoungGen      total 111104K, used 912K [0x00000000f8000000, 0x00000000ffd80000, 0x0000000100000000)
  eden space 110080K, 0% used [0x00000000f8000000,0x00000000f8000000,0x00000000feb80000)
  from space 1024K, 89% used [0x00000000feb80000,0x00000000fec64010,0x00000000fec80000)
  to   space 9216K, 0% used [0x00000000ff480000,0x00000000ff480000,0x00000000ffd80000)
 ParOldGen       total 81408K, used 45185K [0x00000000e8000000, 0x00000000ecf80000, 0x00000000f8000000)
  object space 81408K, 55% used [0x00000000e8000000,0x00000000eac206c0,0x00000000ecf80000)
 PSPermGen       total 73216K, used 71880K [0x00000000d8000000, 0x00000000dc780000, 0x00000000e8000000)
  object space 73216K, 98% used [0x00000000d8000000,0x00000000dc6323d8,0x00000000dc780000)
}
Event: 3324.192 GC heap before
{Heap before GC invocations=123 (full 46):
 PSYoungGen      total 111104K, used 912K [0x00000000f8000000, 0x00000000ffd80000, 0x0000000100000000)
  eden space 110080K, 0% used [0x00000000f8000000,0x00000000f8000000,0x00000000feb80000)
  from space 1024K, 89% used [0x00000000feb80000,0x00000000fec64010,0x00000000fec80000)
  to   space 9216K, 0% used [0x00000000ff480000,0x00000000ff480000,0x00000000ffd80000)
 ParOldGen       total 81408K, used 45185K [0x00000000e8000000, 0x00000000ecf80000, 0x00000000f8000000)
  object space 81408K, 55% used [0x00000000e8000000,0x00000000eac206c0,0x00000000ecf80000)
 PSPermGen       total 73216K, used 71880K [0x00000000d8000000, 0x00000000dc780000, 0x00000000e8000000)
  object space 73216K, 98% used [0x00000000d8000000,0x00000000dc6323d8,0x00000000dc780000)
Event: 3324.678 GC heap after
Heap after GC invocations=123 (full 46):
 PSYoungGen      total 111104K, used 0K [0x00000000f8000000, 0x00000000ffd80000, 0x0000000100000000)
  eden space 110080K, 0% used [0x00000000f8000000,0x00000000f8000000,0x00000000feb80000)
  from space 1024K, 0% used [0x00000000feb80000,0x00000000feb80000,0x00000000fec80000)
  to   space 9216K, 0% used [0x00000000ff480000,0x00000000ff480000,0x00000000ffd80000)
 ParOldGen       total 81408K, used 45054K [0x00000000e8000000, 0x00000000ecf80000, 0x00000000f8000000)
  object space 81408K, 55% used [0x00000000e8000000,0x00000000eabffac0,0x00000000ecf80000)
 PSPermGen       total 72704K, used 71880K [0x00000000d8000000, 0x00000000dc700000, 0x00000000e8000000)
  object space 72704K, 98% used [0x00000000d8000000,0x00000000dc632398,0x00000000dc700000)
}
Event: 3395.363 GC heap before
{Heap before GC invocations=124 (full 46):
 PSYoungGen      total 111104K, used 6186K [0x00000000f8000000, 0x00000000ffd80000, 0x0000000100000000)
  eden space 110080K, 5% used [0x00000000f8000000,0x00000000f860ab18,0x00000000feb80000)
  from space 1024K, 0% used [0x00000000feb80000,0x00000000feb80000,0x00000000fec80000)
  to   space 9216K, 0% used [0x00000000ff480000,0x00000000ff480000,0x00000000ffd80000)
 ParOldGen       total 81408K, used 45054K [0x00000000e8000000, 0x00000000ecf80000, 0x00000000f8000000)
  object space 81408K, 55% used [0x00000000e8000000,0x00000000eabffac0,0x00000000ecf80000)
 PSPermGen       total 72704K, used 72015K [0x00000000d8000000, 0x00000000dc700000, 0x00000000e8000000)
  object space 72704K, 99% used [0x00000000d8000000,0x00000000dc653cc8,0x00000000dc700000)
Event: 3395.373 GC heap after
Heap after GC invocations=124 (full 46):
 PSYoungGen      total 119296K, used 326K [0x00000000f8000000, 0x00000000ffd80000, 0x0000000100000000)
  eden space 110080K, 0% used [0x00000000f8000000,0x00000000f8000000,0x00000000feb80000)
  from space 9216K, 3% used [0x00000000ff480000,0x00000000ff4d18c0,0x00000000ffd80000)
  to   space 9216K, 0% used [0x00000000feb80000,0x00000000feb80000,0x00000000ff480000)
 ParOldGen       total 81408K, used 45054K [0x00000000e8000000, 0x00000000ecf80000, 0x00000000f8000000)
  object space 81408K, 55% used [0x00000000e8000000,0x00000000eabffac0,0x00000000ecf80000)
 PSPermGen       total 72704K, used 72015K [0x00000000d8000000, 0x00000000dc700000, 0x00000000e8000000)
  object space 72704K, 99% used [0x00000000d8000000,0x00000000dc653cc8,0x00000000dc700000)
}
Event: 3395.373 GC heap before
{Heap before GC invocations=125 (full 47):
 PSYoungGen      total 119296K, used 326K [0x00000000f8000000, 0x00000000ffd80000, 0x0000000100000000)
  eden space 110080K, 0% used [0x00000000f8000000,0x00000000f8000000,0x00000000feb80000)
  from space 9216K, 3% used [0x00000000ff480000,0x00000000ff4d18c0,0x00000000ffd80000)
  to   space 9216K, 0% used [0x00000000feb80000,0x00000000feb80000,0x00000000ff480000)
 ParOldGen       total 81408K, used 45054K [0x00000000e8000000, 0x00000000ecf80000, 0x00000000f8000000)
  object space 81408K, 55% used [0x00000000e8000000,0x00000000eabffac0,0x00000000ecf80000)
 PSPermGen       total 72704K, used 72015K [0x00000000d8000000, 0x00000000dc700000, 0x00000000e8000000)
  object space 72704K, 99% used [0x00000000d8000000,0x00000000dc653cc8,0x00000000dc700000)
Event: 3395.830 GC heap after
Heap after GC invocations=125 (full 47):
 PSYoungGen      total 119296K, used 0K [0x00000000f8000000, 0x00000000ffd80000, 0x0000000100000000)
  eden space 110080K, 0% used [0x00000000f8000000,0x00000000f8000000,0x00000000feb80000)
  from space 9216K, 0% used [0x00000000ff480000,0x00000000ff480000,0x00000000ffd80000)
  to   space 9216K, 0% used [0x00000000feb80000,0x00000000feb80000,0x00000000ff480000)
 ParOldGen       total 81408K, used 44972K [0x00000000e8000000, 0x00000000ecf80000, 0x00000000f8000000)
  object space 81408K, 55% used [0x00000000e8000000,0x00000000eabeb3f8,0x00000000ecf80000)
 PSPermGen       total 72704K, used 72015K [0x00000000d8000000, 0x00000000dc700000, 0x00000000e8000000)
  object space 72704K, 99% used [0x00000000d8000000,0x00000000dc653cc8,0x00000000dc700000)
}
Event: 3639.399 GC heap before
{Heap before GC invocations=126 (full 47):
 PSYoungGen      total 119296K, used 110080K [0x00000000f8000000, 0x00000000ffd80000, 0x0000000100000000)
  eden space 110080K, 100% used [0x00000000f8000000,0x00000000feb80000,0x00000000feb80000)
  from space 9216K, 0% used [0x00000000ff480000,0x00000000ff480000,0x00000000ffd80000)
  to   space 9216K, 0% used [0x00000000feb80000,0x00000000feb80000,0x00000000ff480000)
 ParOldGen       total 81408K, used 44972K [0x00000000e8000000, 0x00000000ecf80000, 0x00000000f8000000)
  object space 81408K, 55% used [0x00000000e8000000,0x00000000eabeb3f8,0x00000000ecf80000)
 PSPermGen       total 72704K, used 72100K [0x00000000d8000000, 0x00000000dc700000, 0x00000000e8000000)
  object space 72704K, 99% used [0x00000000d8000000,0x00000000dc669248,0x00000000dc700000)
Event: 3639.430 GC heap after
Heap after GC invocations=126 (full 47):
 PSYoungGen      total 119296K, used 6131K [0x00000000f8000000, 0x0000000100000000, 0x0000000100000000)
  eden space 110080K, 0% used [0x00000000f8000000,0x00000000f8000000,0x00000000feb80000)
  from space 9216K, 66% used [0x00000000feb80000,0x00000000ff17cfa0,0x00000000ff480000)
  to   space 9728K, 0% used [0x00000000ff680000,0x00000000ff680000,0x0000000100000000)
 ParOldGen       total 81408K, used 44972K [0x00000000e8000000, 0x00000000ecf80000, 0x00000000f8000000)
  object space 81408K, 55% used [0x00000000e8000000,0x00000000eabeb3f8,0x00000000ecf80000)
 PSPermGen       total 72704K, used 72100K [0x00000000d8000000, 0x00000000dc700000, 0x00000000e8000000)
  object space 72704K, 99% used [0x00000000d8000000,0x00000000dc669248,0x00000000dc700000)
}

# JRE version: OpenJDK Runtime Environment (7.0_55-b14) (build 1.7.0_55-b14)
# Java VM: OpenJDK 64-Bit Server VM (24.51-b03 mixed mode linux-amd64 compressed oops)
Heap
 PSYoungGen      total 119296K, used 75554K [0x00000000f8000000, 0x0000000100000000, 0x0000000100000000)
  eden space 110080K, 63% used [0x00000000f8000000,0x00000000fc3cb9a0,0x00000000feb80000)
  from space 9216K, 66% used [0x00000000feb80000,0x00000000ff17cfa0,0x00000000ff480000)
  to   space 9728K, 0% used [0x00000000ff680000,0x00000000ff680000,0x0000000100000000)
 ParOldGen       total 81408K, used 44972K [0x00000000e8000000, 0x00000000ecf80000, 0x00000000f8000000)
  object space 81408K, 55% used [0x00000000e8000000,0x00000000eabeb3f8,0x00000000ecf80000)
 PSPermGen       total 72704K, used 72156K [0x00000000d8000000, 0x00000000dc700000, 0x00000000e8000000)
  object space 72704K, 99% used [0x00000000d8000000,0x00000000dc677090,0x00000000dc700000)
GC Heap History (10 events):
Event: 3324.179 GC heap before
{Heap before GC invocations=122 (full 45):
 PSYoungGen      total 119808K, used 17322K [0x00000000f8000000, 0x00000000ffe80000, 0x0000000100000000)
  eden space 110080K, 15% used [0x00000000f8000000,0x00000000f90ea888,0x00000000feb80000)
  from space 9728K, 0% used [0x00000000ff500000,0x00000000ff500000,0x00000000ffe80000)
  to   space 9728K, 0% used [0x00000000feb80000,0x00000000feb80000,0x00000000ff500000)
 ParOldGen       total 81408K, used 45185K [0x00000000e8000000, 0x00000000ecf80000, 0x00000000f8000000)
  object space 81408K, 55% used [0x00000000e8000000,0x00000000eac206c0,0x00000000ecf80000)
 PSPermGen       total 73216K, used 71880K [0x00000000d8000000, 0x00000000dc780000, 0x00000000e8000000)
  object space 73216K, 98% used [0x00000000d8000000,0x00000000dc6323d8,0x00000000dc780000)
Event: 3324.192 GC heap after
Heap after GC invocations=122 (full 45):
 PSYoungGen      total 111104K, used 912K [0x00000000f8000000, 0x00000000ffd80000, 0x0000000100000000)
  eden space 110080K, 0% used [0x00000000f8000000,0x00000000f8000000,0x00000000feb80000)
  from space 1024K, 89% used [0x00000000feb80000,0x00000000fec64010,0x00000000fec80000)
  to   space 9216K, 0% used [0x00000000ff480000,0x00000000ff480000,0x00000000ffd80000)
 ParOldGen       total 81408K, used 45185K [0x00000000e8000000, 0x00000000ecf80000, 0x00000000f8000000)
  object space 81408K, 55% used [0x00000000e8000000,0x00000000eac206c0,0x00000000ecf80000)
 PSPermGen       total 73216K, used 71880K [0x00000000d8000000, 0x00000000dc780000, 0x00000000e8000000)
  object space 73216K, 98% used [0x00000000d8000000,0x00000000dc6323d8,0x00000000dc780000)
}
Event: 3324.192 GC heap before
{Heap before GC invocations=123 (full 46):
 PSYoungGen      total 111104K, used 912K [0x00000000f8000000, 0x00000000ffd80000, 0x0000000100000000)
  eden space 110080K, 0% used [0x00000000f8000000,0x00000000f8000000,0x00000000feb80000)
  from space 1024K, 89% used [0x00000000feb80000,0x00000000fec64010,0x00000000fec80000)
  to   space 9216K, 0% used [0x00000000ff480000,0x00000000ff480000,0x00000000ffd80000)
 ParOldGen       total 81408K, used 45185K [0x00000000e8000000, 0x00000000ecf80000, 0x00000000f8000000)
  object space 81408K, 55% used [0x00000000e8000000,0x00000000eac206c0,0x00000000ecf80000)
 PSPermGen       total 73216K, used 71880K [0x00000000d8000000, 0x00000000dc780000, 0x00000000e8000000)
  object space 73216K, 98% used [0x00000000d8000000,0x00000000dc6323d8,0x00000000dc780000)
Event: 3324.678 GC heap after
Heap after GC invocations=123 (full 46):
 PSYoungGen      total 111104K, used 0K [0x00000000f8000000, 0x00000000ffd80000, 0x0000000100000000)
  eden space 110080K, 0% used [0x00000000f8000000,0x00000000f8000000,0x00000000feb80000)
  from space 1024K, 0% used [0x00000000feb80000,0x00000000feb80000,0x00000000fec80000)
  to   space 9216K, 0% used [0x00000000ff480000,0x00000000ff480000,0x00000000ffd80000)
 ParOldGen       total 81408K, used 45054K [0x00000000e8000000, 0x00000000ecf80000, 0x00000000f8000000)
  object space 81408K, 55% used [0x00000000e8000000,0x00000000eabffac0,0x00000000ecf80000)
 PSPermGen       total 72704K, used 71880K [0x00000000d8000000, 0x00000000dc700000, 0x00000000e8000000)
  object space 72704K, 98% used [0x00000000d8000000,0x00000000dc632398,0x00000000dc700000)
}
Event: 3395.363 GC heap before
{Heap before GC invocations=124 (full 46):
 PSYoungGen      total 111104K, used 6186K [0x00000000f8000000, 0x00000000ffd80000, 0x0000000100000000)
  eden space 110080K, 5% used [0x00000000f8000000,0x00000000f860ab18,0x00000000feb80000)
  from space 1024K, 0% used [0x00000000feb80000,0x00000000feb80000,0x00000000fec80000)
  to   space 9216K, 0% used [0x00000000ff480000,0x00000000ff480000,0x00000000ffd80000)
 ParOldGen       total 81408K, used 45054K [0x00000000e8000000, 0x00000000ecf80000, 0x00000000f8000000)
  object space 81408K, 55% used [0x00000000e8000000,0x00000000eabffac0,0x00000000ecf80000)
 PSPermGen       total 72704K, used 72015K [0x00000000d8000000, 0x00000000dc700000, 0x00000000e8000000)
  object space 72704K, 99% used [0x00000000d8000000,0x00000000dc653cc8,0x00000000dc700000)
Event: 3395.373 GC heap after
Heap after GC invocations=124 (full 46):
 PSYoungGen      total 119296K, used 326K [0x00000000f8000000, 0x00000000ffd80000, 0x0000000100000000)
  eden space 110080K, 0% used [0x00000000f8000000,0x00000000f8000000,0x00000000feb80000)
  from space 9216K, 3% used [0x00000000ff480000,0x00000000ff4d18c0,0x00000000ffd80000)
  to   space 9216K, 0% used [0x00000000feb80000,0x00000000feb80000,0x00000000ff480000)
 ParOldGen       total 81408K, used 45054K [0x00000000e8000000, 0x00000000ecf80000, 0x00000000f8000000)
  object space 81408K, 55% used [0x00000000e8000000,0x00000000eabffac0,0x00000000ecf80000)
 PSPermGen       total 72704K, used 72015K [0x00000000d8000000, 0x00000000dc700000, 0x00000000e8000000)
  object space 72704K, 99% used [0x00000000d8000000,0x00000000dc653cc8,0x00000000dc700000)
}
Event: 3395.373 GC heap before
{Heap before GC invocations=125 (full 47):
 PSYoungGen      total 119296K, used 326K [0x00000000f8000000, 0x00000000ffd80000, 0x0000000100000000)
  eden space 110080K, 0% used [0x00000000f8000000,0x00000000f8000000,0x00000000feb80000)
  from space 9216K, 3% used [0x00000000ff480000,0x00000000ff4d18c0,0x00000000ffd80000)
  to   space 9216K, 0% used [0x00000000feb80000,0x00000000feb80000,0x00000000ff480000)
 ParOldGen       total 81408K, used 45054K [0x00000000e8000000, 0x00000000ecf80000, 0x00000000f8000000)
  object space 81408K, 55% used [0x00000000e8000000,0x00000000eabffac0,0x00000000ecf80000)
 PSPermGen       total 72704K, used 72015K [0x00000000d8000000, 0x00000000dc700000, 0x00000000e8000000)
  object space 72704K, 99% used [0x00000000d8000000,0x00000000dc653cc8,0x00000000dc700000)
Event: 3395.830 GC heap after
Heap after GC invocations=125 (full 47):
 PSYoungGen      total 119296K, used 0K [0x00000000f8000000, 0x00000000ffd80000, 0x0000000100000000)
  eden space 110080K, 0% used [0x00000000f8000000,0x00000000f8000000,0x00000000feb80000)
  from space 9216K, 0% used [0x00000000ff480000,0x00000000ff480000,0x00000000ffd80000)
  to   space 9216K, 0% used [0x00000000feb80000,0x00000000feb80000,0x00000000ff480000)
 ParOldGen       total 81408K, used 44972K [0x00000000e8000000, 0x00000000ecf80000, 0x00000000f8000000)
  object space 81408K, 55% used [0x00000000e8000000,0x00000000eabeb3f8,0x00000000ecf80000)
 PSPermGen       total 72704K, used 72015K [0x00000000d8000000, 0x00000000dc700000, 0x00000000e8000000)
  object space 72704K, 99% used [0x00000000d8000000,0x00000000dc653cc8,0x00000000dc700000)
}
Event: 3639.399 GC heap before
{Heap before GC invocations=126 (full 47):
 PSYoungGen      total 119296K, used 110080K [0x00000000f8000000, 0x00000000ffd80000, 0x0000000100000000)
  eden space 110080K, 100% used [0x00000000f8000000,0x00000000feb80000,0x00000000feb80000)
  from space 9216K, 0% used [0x00000000ff480000,0x00000000ff480000,0x00000000ffd80000)
  to   space 9216K, 0% used [0x00000000feb80000,0x00000000feb80000,0x00000000ff480000)
 ParOldGen       total 81408K, used 44972K [0x00000000e8000000, 0x00000000ecf80000, 0x00000000f8000000)
  object space 81408K, 55% used [0x00000000e8000000,0x00000000eabeb3f8,0x00000000ecf80000)
 PSPermGen       total 72704K, used 72100K [0x00000000d8000000, 0x00000000dc700000, 0x00000000e8000000)
  object space 72704K, 99% used [0x00000000d8000000,0x00000000dc669248,0x00000000dc700000)
Event: 3639.430 GC heap after
Heap after GC invocations=126 (full 47):
 PSYoungGen      total 119296K, used 6131K [0x00000000f8000000, 0x0000000100000000, 0x0000000100000000)
  eden space 110080K, 0% used [0x00000000f8000000,0x00000000f8000000,0x00000000feb80000)
  from space 9216K, 66% used [0x00000000feb80000,0x00000000ff17cfa0,0x00000000ff480000)
  to   space 9728K, 0% used [0x00000000ff680000,0x00000000ff680000,0x0000000100000000)
 ParOldGen       total 81408K, used 44972K [0x00000000e8000000, 0x00000000ecf80000, 0x00000000f8000000)
  object space 81408K, 55% used [0x00000000e8000000,0x00000000eabeb3f8,0x00000000ecf80000)
 PSPermGen       total 72704K, used 72100K [0x00000000d8000000, 0x00000000dc700000, 0x00000000e8000000)
  object space 72704K, 99% used [0x00000000d8000000,0x00000000dc669248,0x00000000dc700000)
}

# JRE version: OpenJDK Runtime Environment (7.0_55-b14) (build 1.7.0_55-b14)
# Java VM: OpenJDK 64-Bit Server VM (24.51-b03 mixed mode linux-amd64 compressed oops)
Heap
 PSYoungGen      total 119296K, used 75554K [0x00000000f8000000, 0x0000000100000000, 0x0000000100000000)
  eden space 110080K, 63% used [0x00000000f8000000,0x00000000fc3cb9a0,0x00000000feb80000)
  from space 9216K, 66% used [0x00000000feb80000,0x00000000ff17cfa0,0x00000000ff480000)
  to   space 9728K, 0% used [0x00000000ff680000,0x00000000ff680000,0x0000000100000000)
 ParOldGen       total 81408K, used 44972K [0x00000000e8000000, 0x00000000ecf80000, 0x00000000f8000000)
  object space 81408K, 55% used [0x00000000e8000000,0x00000000eabeb3f8,0x00000000ecf80000)
 PSPermGen       total 72704K, used 72156K [0x00000000d8000000, 0x00000000dc700000, 0x00000000e8000000)
  object space 72704K, 99% used [0x00000000d8000000,0x00000000dc677090,0x00000000dc700000)
GC Heap History (10 events):
Event: 3324.179 GC heap before
{Heap before GC invocations=122 (full 45):
 PSYoungGen      total 119808K, used 17322K [0x00000000f8000000, 0x00000000ffe80000, 0x0000000100000000)
  eden space 110080K, 15% used [0x00000000f8000000,0x00000000f90ea888,0x00000000feb80000)
  from space 9728K, 0% used [0x00000000ff500000,0x00000000ff500000,0x00000000ffe80000)
  to   space 9728K, 0% used [0x00000000feb80000,0x00000000feb80000,0x00000000ff500000)
 ParOldGen       total 81408K, used 45185K [0x00000000e8000000, 0x00000000ecf80000, 0x00000000f8000000)
  object space 81408K, 55% used [0x00000000e8000000,0x00000000eac206c0,0x00000000ecf80000)
 PSPermGen       total 73216K, used 71880K [0x00000000d8000000, 0x00000000dc780000, 0x00000000e8000000)
  object space 73216K, 98% used [0x00000000d8000000,0x00000000dc6323d8,0x00000000dc780000)
Event: 3324.192 GC heap after
Heap after GC invocations=122 (full 45):
 PSYoungGen      total 111104K, used 912K [0x00000000f8000000, 0x00000000ffd80000, 0x0000000100000000)
  eden space 110080K, 0% used [0x00000000f8000000,0x00000000f8000000,0x00000000feb80000)
  from space 1024K, 89% used [0x00000000feb80000,0x00000000fec64010,0x00000000fec80000)
  to   space 9216K, 0% used [0x00000000ff480000,0x00000000ff480000,0x00000000ffd80000)
 ParOldGen       total 81408K, used 45185K [0x00000000e8000000, 0x00000000ecf80000, 0x00000000f8000000)
  object space 81408K, 55% used [0x00000000e8000000,0x00000000eac206c0,0x00000000ecf80000)
 PSPermGen       total 73216K, used 71880K [0x00000000d8000000, 0x00000000dc780000, 0x00000000e8000000)
  object space 73216K, 98% used [0x00000000d8000000,0x00000000dc6323d8,0x00000000dc780000)
}
Event: 3324.192 GC heap before
{Heap before GC invocations=123 (full 46):
 PSYoungGen      total 111104K, used 912K [0x00000000f8000000, 0x00000000ffd80000, 0x0000000100000000)
  eden space 110080K, 0% used [0x00000000f8000000,0x00000000f8000000,0x00000000feb80000)
  from space 1024K, 89% used [0x00000000feb80000,0x00000000fec64010,0x00000000fec80000)
  to   space 9216K, 0% used [0x00000000ff480000,0x00000000ff480000,0x00000000ffd80000)
 ParOldGen       total 81408K, used 45185K [0x00000000e8000000, 0x00000000ecf80000, 0x00000000f8000000)
  object space 81408K, 55% used [0x00000000e8000000,0x00000000eac206c0,0x00000000ecf80000)
 PSPermGen       total 73216K, used 71880K [0x00000000d8000000, 0x00000000dc780000, 0x00000000e8000000)
  object space 73216K, 98% used [0x00000000d8000000,0x00000000dc6323d8,0x00000000dc780000)
Event: 3324.678 GC heap after
Heap after GC invocations=123 (full 46):
 PSYoungGen      total 111104K, used 0K [0x00000000f8000000, 0x00000000ffd80000, 0x0000000100000000)
  eden space 110080K, 0% used [0x00000000f8000000,0x00000000f8000000,0x00000000feb80000)
  from space 1024K, 0% used [0x00000000feb80000,0x00000000feb80000,0x00000000fec80000)
  to   space 9216K, 0% used [0x00000000ff480000,0x00000000ff480000,0x00000000ffd80000)
 ParOldGen       total 81408K, used 45054K [0x00000000e8000000, 0x00000000ecf80000, 0x00000000f8000000)
  object space 81408K, 55% used [0x00000000e8000000,0x00000000eabffac0,0x00000000ecf80000)
 PSPermGen       total 72704K, used 71880K [0x00000000d8000000, 0x00000000dc700000, 0x00000000e8000000)
  object space 72704K, 98% used [0x00000000d8000000,0x00000000dc632398,0x00000000dc700000)
}
Event: 3395.363 GC heap before
{Heap before GC invocations=124 (full 46):
 PSYoungGen      total 111104K, used 6186K [0x00000000f8000000, 0x00000000ffd80000, 0x0000000100000000)
  eden space 110080K, 5% used [0x00000000f8000000,0x00000000f860ab18,0x00000000feb80000)
  from space 1024K, 0% used [0x00000000feb80000,0x00000000feb80000,0x00000000fec80000)
  to   space 9216K, 0% used [0x00000000ff480000,0x00000000ff480000,0x00000000ffd80000)
 ParOldGen       total 81408K, used 45054K [0x00000000e8000000, 0x00000000ecf80000, 0x00000000f8000000)
  object space 81408K, 55% used [0x00000000e8000000,0x00000000eabffac0,0x00000000ecf80000)
 PSPermGen       total 72704K, used 72015K [0x00000000d8000000, 0x00000000dc700000, 0x00000000e8000000)
  object space 72704K, 99% used [0x00000000d8000000,0x00000000dc653cc8,0x00000000dc700000)
Event: 3395.373 GC heap after
Heap after GC invocations=124 (full 46):
 PSYoungGen      total 119296K, used 326K [0x00000000f8000000, 0x00000000ffd80000, 0x0000000100000000)
  eden space 110080K, 0% used [0x00000000f8000000,0x00000000f8000000,0x00000000feb80000)
  from space 9216K, 3% used [0x00000000ff480000,0x00000000ff4d18c0,0x00000000ffd80000)
  to   space 9216K, 0% used [0x00000000feb80000,0x00000000feb80000,0x00000000ff480000)
 ParOldGen       total 81408K, used 45054K [0x00000000e8000000, 0x00000000ecf80000, 0x00000000f8000000)
  object space 81408K, 55% used [0x00000000e8000000,0x00000000eabffac0,0x00000000ecf80000)
 PSPermGen       total 72704K, used 72015K [0x00000000d8000000, 0x00000000dc700000, 0x00000000e8000000)
  object space 72704K, 99% used [0x00000000d8000000,0x00000000dc653cc8,0x00000000dc700000)
}
Event: 3395.373 GC heap before
{Heap before GC invocations=125 (full 47):
 PSYoungGen      total 119296K, used 326K [0x00000000f8000000, 0x00000000ffd80000, 0x0000000100000000)
  eden space 110080K, 0% used [0x00000000f8000000,0x00000000f8000000,0x00000000feb80000)
  from space 9216K, 3% used [0x00000000ff480000,0x00000000ff4d18c0,0x00000000ffd80000)
  to   space 9216K, 0% used [0x00000000feb80000,0x00000000feb80000,0x00000000ff480000)
 ParOldGen       total 81408K, used 45054K [0x00000000e8000000, 0x00000000ecf80000, 0x00000000f8000000)
  object space 81408K, 55% used [0x00000000e8000000,0x00000000eabffac0,0x00000000ecf80000)
 PSPermGen       total 72704K, used 72015K [0x00000000d8000000, 0x00000000dc700000, 0x00000000e8000000)
  object space 72704K, 99% used [0x00000000d8000000,0x00000000dc653cc8,0x00000000dc700000)
Event: 3395.830 GC heap after
Heap after GC invocations=125 (full 47):
 PSYoungGen      total 119296K, used 0K [0x00000000f8000000, 0x00000000ffd80000, 0x0000000100000000)
  eden space 110080K, 0% used [0x00000000f8000000,0x00000000f8000000,0x00000000feb80000)
  from space 9216K, 0% used [0x00000000ff480000,0x00000000ff480000,0x00000000ffd80000)
  to   space 9216K, 0% used [0x00000000feb80000,0x00000000feb80000,0x00000000ff480000)
 ParOldGen       total 81408K, used 44972K [0x00000000e8000000, 0x00000000ecf80000, 0x00000000f8000000)
  object space 81408K, 55% used [0x00000000e8000000,0x00000000eabeb3f8,0x00000000ecf80000)
 PSPermGen       total 72704K, used 72015K [0x00000000d8000000, 0x00000000dc700000, 0x00000000e8000000)
  object space 72704K, 99% used [0x00000000d8000000,0x00000000dc653cc8,0x00000000dc700000)
}
Event: 3639.399 GC heap before
{Heap before GC invocations=126 (full 47):
 PSYoungGen      total 119296K, used 110080K [0x00000000f8000000, 0x00000000ffd80000, 0x0000000100000000)
  eden space 110080K, 100% used [0x00000000f8000000,0x00000000feb80000,0x00000000feb80000)
  from space 9216K, 0% used [0x00000000ff480000,0x00000000ff480000,0x00000000ffd80000)
  to   space 9216K, 0% used [0x00000000feb80000,0x00000000feb80000,0x00000000ff480000)
 ParOldGen       total 81408K, used 44972K [0x00000000e8000000, 0x00000000ecf80000, 0x00000000f8000000)
  object space 81408K, 55% used [0x00000000e8000000,0x00000000eabeb3f8,0x00000000ecf80000)
 PSPermGen       total 72704K, used 72100K [0x00000000d8000000, 0x00000000dc700000, 0x00000000e8000000)
  object space 72704K, 99% used [0x00000000d8000000,0x00000000dc669248,0x00000000dc700000)
Event: 3639.430 GC heap after
Heap after GC invocations=126 (full 47):
 PSYoungGen      total 119296K, used 6131K [0x00000000f8000000, 0x0000000100000000, 0x0000000100000000)
  eden space 110080K, 0% used [0x00000000f8000000,0x00000000f8000000,0x00000000feb80000)
  from space 9216K, 66% used [0x00000000feb80000,0x00000000ff17cfa0,0x00000000ff480000)
  to   space 9728K, 0% used [0x00000000ff680000,0x00000000ff680000,0x0000000100000000)
 ParOldGen       total 81408K, used 44972K [0x00000000e8000000, 0x00000000ecf80000, 0x00000000f8000000)
  object space 81408K, 55% used [0x00000000e8000000,0x00000000eabeb3f8,0x00000000ecf80000)
 PSPermGen       total 72704K, used 72100K [0x00000000d8000000, 0x00000000dc700000, 0x00000000e8000000)
  object space 72704K, 99% used [0x00000000d8000000,0x00000000dc669248,0x00000000dc700000)
}

# JRE version: OpenJDK Runtime Environment (7.0_55-b14) (build 1.7.0_55-b14)
# Java VM: OpenJDK 64-Bit Server VM (24.51-b03 mixed mode linux-amd64 compressed oops)
Heap
 PSYoungGen      total 119296K, used 75554K [0x00000000f8000000, 0x0000000100000000, 0x0000000100000000)
  eden space 110080K, 63% used [0x00000000f8000000,0x00000000fc3cb9a0,0x00000000feb80000)
  from space 9216K, 66% used [0x00000000feb80000,0x00000000ff17cfa0,0x00000000ff480000)
  to   space 9728K, 0% used [0x00000000ff680000,0x00000000ff680000,0x0000000100000000)
 ParOldGen       total 81408K, used 44972K [0x00000000e8000000, 0x00000000ecf80000, 0x00000000f8000000)
  object space 81408K, 55% used [0x00000000e8000000,0x00000000eabeb3f8,0x00000000ecf80000)
 PSPermGen       total 72704K, used 72156K [0x00000000d8000000, 0x00000000dc700000, 0x00000000e8000000)
  object space 72704K, 99% used [0x00000000d8000000,0x00000000dc677090,0x00000000dc700000)
GC Heap History (10 events):
Event: 3324.179 GC heap before
{Heap before GC invocations=122 (full 45):
 PSYoungGen      total 119808K, used 17322K [0x00000000f8000000, 0x00000000ffe80000, 0x0000000100000000)
  eden space 110080K, 15% used [0x00000000f8000000,0x00000000f90ea888,0x00000000feb80000)
  from space 9728K, 0% used [0x00000000ff500000,0x00000000ff500000,0x00000000ffe80000)
  to   space 9728K, 0% used [0x00000000feb80000,0x00000000feb80000,0x00000000ff500000)
 ParOldGen       total 81408K, used 45185K [0x00000000e8000000, 0x00000000ecf80000, 0x00000000f8000000)
  object space 81408K, 55% used [0x00000000e8000000,0x00000000eac206c0,0x00000000ecf80000)
 PSPermGen       total 73216K, used 71880K [0x00000000d8000000, 0x00000000dc780000, 0x00000000e8000000)
  object space 73216K, 98% used [0x00000000d8000000,0x00000000dc6323d8,0x00000000dc780000)
Event: 3324.192 GC heap after
Heap after GC invocations=122 (full 45):
 PSYoungGen      total 111104K, used 912K [0x00000000f8000000, 0x00000000ffd80000, 0x0000000100000000)
  eden space 110080K, 0% used [0x00000000f8000000,0x00000000f8000000,0x00000000feb80000)
  from space 1024K, 89% used [0x00000000feb80000,0x00000000fec64010,0x00000000fec80000)
  to   space 9216K, 0% used [0x00000000ff480000,0x00000000ff480000,0x00000000ffd80000)
 ParOldGen       total 81408K, used 45185K [0x00000000e8000000, 0x00000000ecf80000, 0x00000000f8000000)
  object space 81408K, 55% used [0x00000000e8000000,0x00000000eac206c0,0x00000000ecf80000)
 PSPermGen       total 73216K, used 71880K [0x00000000d8000000, 0x00000000dc780000, 0x00000000e8000000)
  object space 73216K, 98% used [0x00000000d8000000,0x00000000dc6323d8,0x00000000dc780000)
}
Event: 3324.192 GC heap before
{Heap before GC invocations=123 (full 46):
 PSYoungGen      total 111104K, used 912K [0x00000000f8000000, 0x00000000ffd80000, 0x0000000100000000)
  eden space 110080K, 0% used [0x00000000f8000000,0x00000000f8000000,0x00000000feb80000)
  from space 1024K, 89% used [0x00000000feb80000,0x00000000fec64010,0x00000000fec80000)
  to   space 9216K, 0% used [0x00000000ff480000,0x00000000ff480000,0x00000000ffd80000)
 ParOldGen       total 81408K, used 45185K [0x00000000e8000000, 0x00000000ecf80000, 0x00000000f8000000)
  object space 81408K, 55% used [0x00000000e8000000,0x00000000eac206c0,0x00000000ecf80000)
 PSPermGen       total 73216K, used 71880K [0x00000000d8000000, 0x00000000dc780000, 0x00000000e8000000)
  object space 73216K, 98% used [0x00000000d8000000,0x00000000dc6323d8,0x00000000dc780000)
Event: 3324.678 GC heap after
Heap after GC invocations=123 (full 46):
 PSYoungGen      total 111104K, used 0K [0x00000000f8000000, 0x00000000ffd80000, 0x0000000100000000)
  eden space 110080K, 0% used [0x00000000f8000000,0x00000000f8000000,0x00000000feb80000)
  from space 1024K, 0% used [0x00000000feb80000,0x00000000feb80000,0x00000000fec80000)
  to   space 9216K, 0% used [0x00000000ff480000,0x00000000ff480000,0x00000000ffd80000)
 ParOldGen       total 81408K, used 45054K [0x00000000e8000000, 0x00000000ecf80000, 0x00000000f8000000)
  object space 81408K, 55% used [0x00000000e8000000,0x00000000eabffac0,0x00000000ecf80000)
 PSPermGen       total 72704K, used 71880K [0x00000000d8000000, 0x00000000dc700000, 0x00000000e8000000)
  object space 72704K, 98% used [0x00000000d8000000,0x00000000dc632398,0x00000000dc700000)
}
Event: 3395.363 GC heap before
{Heap before GC invocations=124 (full 46):
 PSYoungGen      total 111104K, used 6186K [0x00000000f8000000, 0x00000000ffd80000, 0x0000000100000000)
  eden space 110080K, 5% used [0x00000000f8000000,0x00000000f860ab18,0x00000000feb80000)
  from space 1024K, 0% used [0x00000000feb80000,0x00000000feb80000,0x00000000fec80000)
  to   space 9216K, 0% used [0x00000000ff480000,0x00000000ff480000,0x00000000ffd80000)
 ParOldGen       total 81408K, used 45054K [0x00000000e8000000, 0x00000000ecf80000, 0x00000000f8000000)
  object space 81408K, 55% used [0x00000000e8000000,0x00000000eabffac0,0x00000000ecf80000)
 PSPermGen       total 72704K, used 72015K [0x00000000d8000000, 0x00000000dc700000, 0x00000000e8000000)
  object space 72704K, 99% used [0x00000000d8000000,0x00000000dc653cc8,0x00000000dc700000)
Event: 3395.373 GC heap after
Heap after GC invocations=124 (full 46):
 PSYoungGen      total 119296K, used 326K [0x00000000f8000000, 0x00000000ffd80000, 0x0000000100000000)
  eden space 110080K, 0% used [0x00000000f8000000,0x00000000f8000000,0x00000000feb80000)
  from space 9216K, 3% used [0x00000000ff480000,0x00000000ff4d18c0,0x00000000ffd80000)
  to   space 9216K, 0% used [0x00000000feb80000,0x00000000feb80000,0x00000000ff480000)
 ParOldGen       total 81408K, used 45054K [0x00000000e8000000, 0x00000000ecf80000, 0x00000000f8000000)
  object space 81408K, 55% used [0x00000000e8000000,0x00000000eabffac0,0x00000000ecf80000)
 PSPermGen       total 72704K, used 72015K [0x00000000d8000000, 0x00000000dc700000, 0x00000000e8000000)
  object space 72704K, 99% used [0x00000000d8000000,0x00000000dc653cc8,0x00000000dc700000)
}
Event: 3395.373 GC heap before
{Heap before GC invocations=125 (full 47):
 PSYoungGen      total 119296K, used 326K [0x00000000f8000000, 0x00000000ffd80000, 0x0000000100000000)
  eden space 110080K, 0% used [0x00000000f8000000,0x00000000f8000000,0x00000000feb80000)
  from space 9216K, 3% used [0x00000000ff480000,0x00000000ff4d18c0,0x00000000ffd80000)
  to   space 9216K, 0% used [0x00000000feb80000,0x00000000feb80000,0x00000000ff480000)
 ParOldGen       total 81408K, used 45054K [0x00000000e8000000, 0x00000000ecf80000, 0x00000000f8000000)
  object space 81408K, 55% used [0x00000000e8000000,0x00000000eabffac0,0x00000000ecf80000)
 PSPermGen       total 72704K, used 72015K [0x00000000d8000000, 0x00000000dc700000, 0x00000000e8000000)
  object space 72704K, 99% used [0x00000000d8000000,0x00000000dc653cc8,0x00000000dc700000)
Event: 3395.830 GC heap after
Heap after GC invocations=125 (full 47):
 PSYoungGen      total 119296K, used 0K [0x00000000f8000000, 0x00000000ffd80000, 0x0000000100000000)
  eden space 110080K, 0% used [0x00000000f8000000,0x00000000f8000000,0x00000000feb80000)
  from space 9216K, 0% used [0x00000000ff480000,0x00000000ff480000,0x00000000ffd80000)
  to   space 9216K, 0% used [0x00000000feb80000,0x00000000feb80000,0x00000000ff480000)
 ParOldGen       total 81408K, used 44972K [0x00000000e8000000, 0x00000000ecf80000, 0x00000000f8000000)
  object space 81408K, 55% used [0x00000000e8000000,0x00000000eabeb3f8,0x00000000ecf80000)
 PSPermGen       total 72704K, used 72015K [0x00000000d8000000, 0x00000000dc700000, 0x00000000e8000000)
  object space 72704K, 99% used [0x00000000d8000000,0x00000000dc653cc8,0x00000000dc700000)
}
Event: 3639.399 GC heap before
{Heap before GC invocations=126 (full 47):
 PSYoungGen      total 119296K, used 110080K [0x00000000f8000000, 0x00000000ffd80000, 0x0000000100000000)
  eden space 110080K, 100% used [0x00000000f8000000,0x00000000feb80000,0x00000000feb80000)
  from space 9216K, 0% used [0x00000000ff480000,0x00000000ff480000,0x00000000ffd80000)
  to   space 9216K, 0% used [0x00000000feb80000,0x00000000feb80000,0x00000000ff480000)
 ParOldGen       total 81408K, used 44972K [0x00000000e8000000, 0x00000000ecf80000, 0x00000000f8000000)
  object space 81408K, 55% used [0x00000000e8000000,0x00000000eabeb3f8,0x00000000ecf80000)
 PSPermGen       total 72704K, used 72100K [0x00000000d8000000, 0x00000000dc700000, 0x00000000e8000000)
  object space 72704K, 99% used [0x00000000d8000000,0x00000000dc669248,0x00000000dc700000)
Event: 3639.430 GC heap after
Heap after GC invocations=126 (full 47):
 PSYoungGen      total 119296K, used 6131K [0x00000000f8000000, 0x0000000100000000, 0x0000000100000000)
  eden space 110080K, 0% used [0x00000000f8000000,0x00000000f8000000,0x00000000feb80000)
  from space 9216K, 66% used [0x00000000feb80000,0x00000000ff17cfa0,0x00000000ff480000)
  to   space 9728K, 0% used [0x00000000ff680000,0x00000000ff680000,0x0000000100000000)
 ParOldGen       total 81408K, used 44972K [0x00000000e8000000, 0x00000000ecf80000, 0x00000000f8000000)
  object space 81408K, 55% used [0x00000000e8000000,0x00000000eabeb3f8,0x00000000ecf80000)
 PSPermGen       total 72704K, used 72100K [0x00000000d8000000, 0x00000000dc700000, 0x00000000e8000000)
  object space 72704K, 99% used [0x00000000d8000000,0x00000000dc669248,0x00000000dc700000)
}

# JRE version: OpenJDK Runtime Environment (7.0_55-b14) (build 1.7.0_55-b14)
# Java VM: OpenJDK 64-Bit Server VM (24.51-b03 mixed mode linux-amd64 compressed oops)
Heap
 PSYoungGen      total 119296K, used 75554K [0x00000000f8000000, 0x0000000100000000, 0x0000000100000000)
  eden space 110080K, 63% used [0x00000000f8000000,0x00000000fc3cb9a0,0x00000000feb80000)
  from space 9216K, 66% used [0x00000000feb80000,0x00000000ff17cfa0,0x00000000ff480000)
  to   space 9728K, 0% used [0x00000000ff680000,0x00000000ff680000,0x0000000100000000)
 ParOldGen       total 81408K, used 44972K [0x00000000e8000000, 0x00000000ecf80000, 0x00000000f8000000)
  object space 81408K, 55% used [0x00000000e8000000,0x00000000eabeb3f8,0x00000000ecf80000)
 PSPermGen       total 72704K, used 72156K [0x00000000d8000000, 0x00000000dc700000, 0x00000000e8000000)
  object space 72704K, 99% used [0x00000000d8000000,0x00000000dc677090,0x00000000dc700000)
GC Heap History (10 events):
Event: 3324.179 GC heap before
{Heap before GC invocations=122 (full 45):
 PSYoungGen      total 119808K, used 17322K [0x00000000f8000000, 0x00000000ffe80000, 0x0000000100000000)
  eden space 110080K, 15% used [0x00000000f8000000,0x00000000f90ea888,0x00000000feb80000)
  from space 9728K, 0% used [0x00000000ff500000,0x00000000ff500000,0x00000000ffe80000)
  to   space 9728K, 0% used [0x00000000feb80000,0x00000000feb80000,0x00000000ff500000)
 ParOldGen       total 81408K, used 45185K [0x00000000e8000000, 0x00000000ecf80000, 0x00000000f8000000)
  object space 81408K, 55% used [0x00000000e8000000,0x00000000eac206c0,0x00000000ecf80000)
 PSPermGen       total 73216K, used 71880K [0x00000000d8000000, 0x00000000dc780000, 0x00000000e8000000)
  object space 73216K, 98% used [0x00000000d8000000,0x00000000dc6323d8,0x00000000dc780000)
Event: 3324.192 GC heap after
Heap after GC invocations=122 (full 45):
 PSYoungGen      total 111104K, used 912K [0x00000000f8000000, 0x00000000ffd80000, 0x0000000100000000)
  eden space 110080K, 0% used [0x00000000f8000000,0x00000000f8000000,0x00000000feb80000)
  from space 1024K, 89% used [0x00000000feb80000,0x00000000fec64010,0x00000000fec80000)
  to   space 9216K, 0% used [0x00000000ff480000,0x00000000ff480000,0x00000000ffd80000)
 ParOldGen       total 81408K, used 45185K [0x00000000e8000000, 0x00000000ecf80000, 0x00000000f8000000)
  object space 81408K, 55% used [0x00000000e8000000,0x00000000eac206c0,0x00000000ecf80000)
 PSPermGen       total 73216K, used 71880K [0x00000000d8000000, 0x00000000dc780000, 0x00000000e8000000)
  object space 73216K, 98% used [0x00000000d8000000,0x00000000dc6323d8,0x00000000dc780000)
}
Event: 3324.192 GC heap before
{Heap before GC invocations=123 (full 46):
 PSYoungGen      total 111104K, used 912K [0x00000000f8000000, 0x00000000ffd80000, 0x0000000100000000)
  eden space 110080K, 0% used [0x00000000f8000000,0x00000000f8000000,0x00000000feb80000)
  from space 1024K, 89% used [0x00000000feb80000,0x00000000fec64010,0x00000000fec80000)
  to   space 9216K, 0% used [0x00000000ff480000,0x00000000ff480000,0x00000000ffd80000)
 ParOldGen       total 81408K, used 45185K [0x00000000e8000000, 0x00000000ecf80000, 0x00000000f8000000)
  object space 81408K, 55% used [0x00000000e8000000,0x00000000eac206c0,0x00000000ecf80000)
 PSPermGen       total 73216K, used 71880K [0x00000000d8000000, 0x00000000dc780000, 0x00000000e8000000)
  object space 73216K, 98% used [0x00000000d8000000,0x00000000dc6323d8,0x00000000dc780000)
Event: 3324.678 GC heap after
Heap after GC invocations=123 (full 46):
 PSYoungGen      total 111104K, used 0K [0x00000000f8000000, 0x00000000ffd80000, 0x0000000100000000)
  eden space 110080K, 0% used [0x00000000f8000000,0x00000000f8000000,0x00000000feb80000)
  from space 1024K, 0% used [0x00000000feb80000,0x00000000feb80000,0x00000000fec80000)
  to   space 9216K, 0% used [0x00000000ff480000,0x00000000ff480000,0x00000000ffd80000)
 ParOldGen       total 81408K, used 45054K [0x00000000e8000000, 0x00000000ecf80000, 0x00000000f8000000)
  object space 81408K, 55% used [0x00000000e8000000,0x00000000eabffac0,0x00000000ecf80000)
 PSPermGen       total 72704K, used 71880K [0x00000000d8000000, 0x00000000dc700000, 0x00000000e8000000)
  object space 72704K, 98% used [0x00000000d8000000,0x00000000dc632398,0x00000000dc700000)
}
Event: 3395.363 GC heap before
{Heap before GC invocations=124 (full 46):
 PSYoungGen      total 111104K, used 6186K [0x00000000f8000000, 0x00000000ffd80000, 0x0000000100000000)
  eden space 110080K, 5% used [0x00000000f8000000,0x00000000f860ab18,0x00000000feb80000)
  from space 1024K, 0% used [0x00000000feb80000,0x00000000feb80000,0x00000000fec80000)
  to   space 9216K, 0% used [0x00000000ff480000,0x00000000ff480000,0x00000000ffd80000)
 ParOldGen       total 81408K, used 45054K [0x00000000e8000000, 0x00000000ecf80000, 0x00000000f8000000)
  object space 81408K, 55% used [0x00000000e8000000,0x00000000eabffac0,0x00000000ecf80000)
 PSPermGen       total 72704K, used 72015K [0x00000000d8000000, 0x00000000dc700000, 0x00000000e8000000)
  object space 72704K, 99% used [0x00000000d8000000,0x00000000dc653cc8,0x00000000dc700000)
Event: 3395.373 GC heap after
Heap after GC invocations=124 (full 46):
 PSYoungGen      total 119296K, used 326K [0x00000000f8000000, 0x00000000ffd80000, 0x0000000100000000)
  eden space 110080K, 0% used [0x00000000f8000000,0x00000000f8000000,0x00000000feb80000)
  from space 9216K, 3% used [0x00000000ff480000,0x00000000ff4d18c0,0x00000000ffd80000)
  to   space 9216K, 0% used [0x00000000feb80000,0x00000000feb80000,0x00000000ff480000)
 ParOldGen       total 81408K, used 45054K [0x00000000e8000000, 0x00000000ecf80000, 0x00000000f8000000)
  object space 81408K, 55% used [0x00000000e8000000,0x00000000eabffac0,0x00000000ecf80000)
 PSPermGen       total 72704K, used 72015K [0x00000000d8000000, 0x00000000dc700000, 0x00000000e8000000)
  object space 72704K, 99% used [0x00000000d8000000,0x00000000dc653cc8,0x00000000dc700000)
}
Event: 3395.373 GC heap before
{Heap before GC invocations=125 (full 47):
 PSYoungGen      total 119296K, used 326K [0x00000000f8000000, 0x00000000ffd80000, 0x0000000100000000)
  eden space 110080K, 0% used [0x00000000f8000000,0x00000000f8000000,0x00000000feb80000)
  from space 9216K, 3% used [0x00000000ff480000,0x00000000ff4d18c0,0x00000000ffd80000)
  to   space 9216K, 0% used [0x00000000feb80000,0x00000000feb80000,0x00000000ff480000)
 ParOldGen       total 81408K, used 45054K [0x00000000e8000000, 0x00000000ecf80000, 0x00000000f8000000)
  object space 81408K, 55% used [0x00000000e8000000,0x00000000eabffac0,0x00000000ecf80000)
 PSPermGen       total 72704K, used 72015K [0x00000000d8000000, 0x00000000dc700000, 0x00000000e8000000)
  object space 72704K, 99% used [0x00000000d8000000,0x00000000dc653cc8,0x00000000dc700000)
Event: 3395.830 GC heap after
Heap after GC invocations=125 (full 47):
 PSYoungGen      total 119296K, used 0K [0x00000000f8000000, 0x00000000ffd80000, 0x0000000100000000)
  eden space 110080K, 0% used [0x00000000f8000000,0x00000000f8000000,0x00000000feb80000)
  from space 9216K, 0% used [0x00000000ff480000,0x00000000ff480000,0x00000000ffd80000)
  to   space 9216K, 0% used [0x00000000feb80000,0x00000000feb80000,0x00000000ff480000)
 ParOldGen       total 81408K, used 44972K [0x00000000e8000000, 0x00000000ecf80000, 0x00000000f8000000)
  object space 81408K, 55% used [0x00000000e8000000,0x00000000eabeb3f8,0x00000000ecf80000)
 PSPermGen       total 72704K, used 72015K [0x00000000d8000000, 0x00000000dc700000, 0x00000000e8000000)
  object space 72704K, 99% used [0x00000000d8000000,0x00000000dc653cc8,0x00000000dc700000)
}
Event: 3639.399 GC heap before
{Heap before GC invocations=126 (full 47):
 PSYoungGen      total 119296K, used 110080K [0x00000000f8000000, 0x00000000ffd80000, 0x0000000100000000)
  eden space 110080K, 100% used [0x00000000f8000000,0x00000000feb80000,0x00000000feb80000)
  from space 9216K, 0% used [0x00000000ff480000,0x00000000ff480000,0x00000000ffd80000)
  to   space 9216K, 0% used [0x00000000feb80000,0x00000000feb80000,0x00000000ff480000)
 ParOldGen       total 81408K, used 44972K [0x00000000e8000000, 0x00000000ecf80000, 0x00000000f8000000)
  object space 81408K, 55% used [0x00000000e8000000,0x00000000eabeb3f8,0x00000000ecf80000)
 PSPermGen       total 72704K, used 72100K [0x00000000d8000000, 0x00000000dc700000, 0x00000000e8000000)
  object space 72704K, 99% used [0x00000000d8000000,0x00000000dc669248,0x00000000dc700000)
Event: 3639.430 GC heap after
Heap after GC invocations=126 (full 47):
 PSYoungGen      total 119296K, used 6131K [0x00000000f8000000, 0x0000000100000000, 0x0000000100000000)
  eden space 110080K, 0% used [0x00000000f8000000,0x00000000f8000000,0x00000000feb80000)
  from space 9216K, 66% used [0x00000000feb80000,0x00000000ff17cfa0,0x00000000ff480000)
  to   space 9728K, 0% used [0x00000000ff680000,0x00000000ff680000,0x0000000100000000)
 ParOldGen       total 81408K, used 44972K [0x00000000e8000000, 0x00000000ecf80000, 0x00000000f8000000)
  object space 81408K, 55% used [0x00000000e8000000,0x00000000eabeb3f8,0x00000000ecf80000)
 PSPermGen       total 72704K, used 72100K [0x00000000d8000000, 0x00000000dc700000, 0x00000000e8000000)
  object space 72704K, 99% used [0x00000000d8000000,0x00000000dc669248,0x00000000dc700000)
}

# JRE version: OpenJDK Runtime Environment (7.0_55-b14) (build 1.7.0_55-b14)
# Java VM: OpenJDK 64-Bit Server VM (24.51-b03 mixed mode linux-amd64 compressed oops)
Heap
 PSYoungGen      total 119296K, used 75554K [0x00000000f8000000, 0x0000000100000000, 0x0000000100000000)
  eden space 110080K, 63% used [0x00000000f8000000,0x00000000fc3cb9a0,0x00000000feb80000)
  from space 9216K, 66% used [0x00000000feb80000,0x00000000ff17cfa0,0x00000000ff480000)
  to   space 9728K, 0% used [0x00000000ff680000,0x00000000ff680000,0x0000000100000000)
 ParOldGen       total 81408K, used 44972K [0x00000000e8000000, 0x00000000ecf80000, 0x00000000f8000000)
  object space 81408K, 55% used [0x00000000e8000000,0x00000000eabeb3f8,0x00000000ecf80000)
 PSPermGen       total 72704K, used 72156K [0x00000000d8000000, 0x00000000dc700000, 0x00000000e8000000)
  object space 72704K, 99% used [0x00000000d8000000,0x00000000dc677090,0x00000000dc700000)
GC Heap History (10 events):
Event: 3324.179 GC heap before
{Heap before GC invocations=122 (full 45):
 PSYoungGen      total 119808K, used 17322K [0x00000000f8000000, 0x00000000ffe80000, 0x0000000100000000)
  eden space 110080K, 15% used [0x00000000f8000000,0x00000000f90ea888,0x00000000feb80000)
  from space 9728K, 0% used [0x00000000ff500000,0x00000000ff500000,0x00000000ffe80000)
  to   space 9728K, 0% used [0x00000000feb80000,0x00000000feb80000,0x00000000ff500000)
 ParOldGen       total 81408K, used 45185K [0x00000000e8000000, 0x00000000ecf80000, 0x00000000f8000000)
  object space 81408K, 55% used [0x00000000e8000000,0x00000000eac206c0,0x00000000ecf80000)
 PSPermGen       total 73216K, used 71880K [0x00000000d8000000, 0x00000000dc780000, 0x00000000e8000000)
  object space 73216K, 98% used [0x00000000d8000000,0x00000000dc6323d8,0x00000000dc780000)
Event: 3324.192 GC heap after
Heap after GC invocations=122 (full 45):
 PSYoungGen      total 111104K, used 912K [0x00000000f8000000, 0x00000000ffd80000, 0x0000000100000000)
  eden space 110080K, 0% used [0x00000000f8000000,0x00000000f8000000,0x00000000feb80000)
  from space 1024K, 89% used [0x00000000feb80000,0x00000000fec64010,0x00000000fec80000)
  to   space 9216K, 0% used [0x00000000ff480000,0x00000000ff480000,0x00000000ffd80000)
 ParOldGen       total 81408K, used 45185K [0x00000000e8000000, 0x00000000ecf80000, 0x00000000f8000000)
  object space 81408K, 55% used [0x00000000e8000000,0x00000000eac206c0,0x00000000ecf80000)
 PSPermGen       total 73216K, used 71880K [0x00000000d8000000, 0x00000000dc780000, 0x00000000e8000000)
  object space 73216K, 98% used [0x00000000d8000000,0x00000000dc6323d8,0x00000000dc780000)
}
Event: 3324.192 GC heap before
{Heap before GC invocations=123 (full 46):
 PSYoungGen      total 111104K, used 912K [0x00000000f8000000, 0x00000000ffd80000, 0x0000000100000000)
  eden space 110080K, 0% used [0x00000000f8000000,0x00000000f8000000,0x00000000feb80000)
  from space 1024K, 89% used [0x00000000feb80000,0x00000000fec64010,0x00000000fec80000)
  to   space 9216K, 0% used [0x00000000ff480000,0x00000000ff480000,0x00000000ffd80000)
 ParOldGen       total 81408K, used 45185K [0x00000000e8000000, 0x00000000ecf80000, 0x00000000f8000000)
  object space 81408K, 55% used [0x00000000e8000000,0x00000000eac206c0,0x00000000ecf80000)
 PSPermGen       total 73216K, used 71880K [0x00000000d8000000, 0x00000000dc780000, 0x00000000e8000000)
  object space 73216K, 98% used [0x00000000d8000000,0x00000000dc6323d8,0x00000000dc780000)
Event: 3324.678 GC heap after
Heap after GC invocations=123 (full 46):
 PSYoungGen      total 111104K, used 0K [0x00000000f8000000, 0x00000000ffd80000, 0x0000000100000000)
  eden space 110080K, 0% used [0x00000000f8000000,0x00000000f8000000,0x00000000feb80000)
  from space 1024K, 0% used [0x00000000feb80000,0x00000000feb80000,0x00000000fec80000)
  to   space 9216K, 0% used [0x00000000ff480000,0x00000000ff480000,0x00000000ffd80000)
 ParOldGen       total 81408K, used 45054K [0x00000000e8000000, 0x00000000ecf80000, 0x00000000f8000000)
  object space 81408K, 55% used [0x00000000e8000000,0x00000000eabffac0,0x00000000ecf80000)
 PSPermGen       total 72704K, used 71880K [0x00000000d8000000, 0x00000000dc700000, 0x00000000e8000000)
  object space 72704K, 98% used [0x00000000d8000000,0x00000000dc632398,0x00000000dc700000)
}
Event: 3395.363 GC heap before
{Heap before GC invocations=124 (full 46):
 PSYoungGen      total 111104K, used 6186K [0x00000000f8000000, 0x00000000ffd80000, 0x0000000100000000)
  eden space 110080K, 5% used [0x00000000f8000000,0x00000000f860ab18,0x00000000feb80000)
  from space 1024K, 0% used [0x00000000feb80000,0x00000000feb80000,0x00000000fec80000)
  to   space 9216K, 0% used [0x00000000ff480000,0x00000000ff480000,0x00000000ffd80000)
 ParOldGen       total 81408K, used 45054K [0x00000000e8000000, 0x00000000ecf80000, 0x00000000f8000000)
  object space 81408K, 55% used [0x00000000e8000000,0x00000000eabffac0,0x00000000ecf80000)
 PSPermGen       total 72704K, used 72015K [0x00000000d8000000, 0x00000000dc700000, 0x00000000e8000000)
  object space 72704K, 99% used [0x00000000d8000000,0x00000000dc653cc8,0x00000000dc700000)
Event: 3395.373 GC heap after
Heap after GC invocations=124 (full 46):
 PSYoungGen      total 119296K, used 326K [0x00000000f8000000, 0x00000000ffd80000, 0x0000000100000000)
  eden space 110080K, 0% used [0x00000000f8000000,0x00000000f8000000,0x00000000feb80000)
  from space 9216K, 3% used [0x00000000ff480000,0x00000000ff4d18c0,0x00000000ffd80000)
  to   space 9216K, 0% used [0x00000000feb80000,0x00000000feb80000,0x00000000ff480000)
 ParOldGen       total 81408K, used 45054K [0x00000000e8000000, 0x00000000ecf80000, 0x00000000f8000000)
  object space 81408K, 55% used [0x00000000e8000000,0x00000000eabffac0,0x00000000ecf80000)
 PSPermGen       total 72704K, used 72015K [0x00000000d8000000, 0x00000000dc700000, 0x00000000e8000000)
  object space 72704K, 99% used [0x00000000d8000000,0x00000000dc653cc8,0x00000000dc700000)
}
Event: 3395.373 GC heap before
{Heap before GC invocations=125 (full 47):
 PSYoungGen      total 119296K, used 326K [0x00000000f8000000, 0x00000000ffd80000, 0x0000000100000000)
  eden space 110080K, 0% used [0x00000000f8000000,0x00000000f8000000,0x00000000feb80000)
  from space 9216K, 3% used [0x00000000ff480000,0x00000000ff4d18c0,0x00000000ffd80000)
  to   space 9216K, 0% used [0x00000000feb80000,0x00000000feb80000,0x00000000ff480000)
 ParOldGen       total 81408K, used 45054K [0x00000000e8000000, 0x00000000ecf80000, 0x00000000f8000000)
  object space 81408K, 55% used [0x00000000e8000000,0x00000000eabffac0,0x00000000ecf80000)
 PSPermGen       total 72704K, used 72015K [0x00000000d8000000, 0x00000000dc700000, 0x00000000e8000000)
  object space 72704K, 99% used [0x00000000d8000000,0x00000000dc653cc8,0x00000000dc700000)
Event: 3395.830 GC heap after
Heap after GC invocations=125 (full 47):
 PSYoungGen      total 119296K, used 0K [0x00000000f8000000, 0x00000000ffd80000, 0x0000000100000000)
  eden space 110080K, 0% used [0x00000000f8000000,0x00000000f8000000,0x00000000feb80000)
  from space 9216K, 0% used [0x00000000ff480000,0x00000000ff480000,0x00000000ffd80000)
  to   space 9216K, 0% used [0x00000000feb80000,0x00000000feb80000,0x00000000ff480000)
 ParOldGen       total 81408K, used 44972K [0x00000000e8000000, 0x00000000ecf80000, 0x00000000f8000000)
  object space 81408K, 55% used [0x00000000e8000000,0x00000000eabeb3f8,0x00000000ecf80000)
 PSPermGen       total 72704K, used 72015K [0x00000000d8000000, 0x00000000dc700000, 0x00000000e8000000)
  object space 72704K, 99% used [0x00000000d8000000,0x00000000dc653cc8,0x00000000dc700000)
}
Event: 3639.399 GC heap before
{Heap before GC invocations=126 (full 47):
 PSYoungGen      total 119296K, used 110080K [0x00000000f8000000, 0x00000000ffd80000, 0x0000000100000000)
  eden space 110080K, 100% used [0x00000000f8000000,0x00000000feb80000,0x00000000feb80000)
  from space 9216K, 0% used [0x00000000ff480000,0x00000000ff480000,0x00000000ffd80000)
  to   space 9216K, 0% used [0x00000000feb80000,0x00000000feb80000,0x00000000ff480000)
 ParOldGen       total 81408K, used 44972K [0x00000000e8000000, 0x00000000ecf80000, 0x00000000f8000000)
  object space 81408K, 55% used [0x00000000e8000000,0x00000000eabeb3f8,0x00000000ecf80000)
 PSPermGen       total 72704K, used 72100K [0x00000000d8000000, 0x00000000dc700000, 0x00000000e8000000)
  object space 72704K, 99% used [0x00000000d8000000,0x00000000dc669248,0x00000000dc700000)
Event: 3639.430 GC heap after
Heap after GC invocations=126 (full 47):
 PSYoungGen      total 119296K, used 6131K [0x00000000f8000000, 0x0000000100000000, 0x0000000100000000)
  eden space 110080K, 0% used [0x00000000f8000000,0x00000000f8000000,0x00000000feb80000)
  from space 9216K, 66% used [0x00000000feb80000,0x00000000ff17cfa0,0x00000000ff480000)
  to   space 9728K, 0% used [0x00000000ff680000,0x00000000ff680000,0x0000000100000000)
 ParOldGen       total 81408K, used 44972K [0x00000000e8000000, 0x00000000ecf80000, 0x00000000f8000000)
  object space 81408K, 55% used [0x00000000e8000000,0x00000000eabeb3f8,0x00000000ecf80000)
 PSPermGen       total 72704K, used 72100K [0x00000000d8000000, 0x00000000dc700000, 0x00000000e8000000)
  object space 72704K, 99% used [0x00000000d8000000,0x00000000dc669248,0x00000000dc700000)
}

# JRE version: OpenJDK Runtime Environment (7.0_55-b14) (build 1.7.0_55-b14)
# Java VM: OpenJDK 64-Bit Server VM (24.51-b03 mixed mode linux-amd64 compressed oops)
Heap
 PSYoungGen      total 119296K, used 75554K [0x00000000f8000000, 0x0000000100000000, 0x0000000100000000)
  eden space 110080K, 63% used [0x00000000f8000000,0x00000000fc3cb9a0,0x00000000feb80000)
  from space 9216K, 66% used [0x00000000feb80000,0x00000000ff17cfa0,0x00000000ff480000)
  to   space 9728K, 0% used [0x00000000ff680000,0x00000000ff680000,0x0000000100000000)
 ParOldGen       total 81408K, used 44972K [0x00000000e8000000, 0x00000000ecf80000, 0x00000000f8000000)
  object space 81408K, 55% used [0x00000000e8000000,0x00000000eabeb3f8,0x00000000ecf80000)
 PSPermGen       total 72704K, used 72156K [0x00000000d8000000, 0x00000000dc700000, 0x00000000e8000000)
  object space 72704K, 99% used [0x00000000d8000000,0x00000000dc677090,0x00000000dc700000)
GC Heap History (10 events):
Event: 3324.179 GC heap before
{Heap before GC invocations=122 (full 45):
 PSYoungGen      total 119808K, used 17322K [0x00000000f8000000, 0x00000000ffe80000, 0x0000000100000000)
  eden space 110080K, 15% used [0x00000000f8000000,0x00000000f90ea888,0x00000000feb80000)
  from space 9728K, 0% used [0x00000000ff500000,0x00000000ff500000,0x00000000ffe80000)
  to   space 9728K, 0% used [0x00000000feb80000,0x00000000feb80000,0x00000000ff500000)
 ParOldGen       total 81408K, used 45185K [0x00000000e8000000, 0x00000000ecf80000, 0x00000000f8000000)
  object space 81408K, 55% used [0x00000000e8000000,0x00000000eac206c0,0x00000000ecf80000)
 PSPermGen       total 73216K, used 71880K [0x00000000d8000000, 0x00000000dc780000, 0x00000000e8000000)
  object space 73216K, 98% used [0x00000000d8000000,0x00000000dc6323d8,0x00000000dc780000)
Event: 3324.192 GC heap after
Heap after GC invocations=122 (full 45):
 PSYoungGen      total 111104K, used 912K [0x00000000f8000000, 0x00000000ffd80000, 0x0000000100000000)
  eden space 110080K, 0% used [0x00000000f8000000,0x00000000f8000000,0x00000000feb80000)
  from space 1024K, 89% used [0x00000000feb80000,0x00000000fec64010,0x00000000fec80000)
  to   space 9216K, 0% used [0x00000000ff480000,0x00000000ff480000,0x00000000ffd80000)
 ParOldGen       total 81408K, used 45185K [0x00000000e8000000, 0x00000000ecf80000, 0x00000000f8000000)
  object space 81408K, 55% used [0x00000000e8000000,0x00000000eac206c0,0x00000000ecf80000)
 PSPermGen       total 73216K, used 71880K [0x00000000d8000000, 0x00000000dc780000, 0x00000000e8000000)
  object space 73216K, 98% used [0x00000000d8000000,0x00000000dc6323d8,0x00000000dc780000)
}
Event: 3324.192 GC heap before
{Heap before GC invocations=123 (full 46):
 PSYoungGen      total 111104K, used 912K [0x00000000f8000000, 0x00000000ffd80000, 0x0000000100000000)
  eden space 110080K, 0% used [0x00000000f8000000,0x00000000f8000000,0x00000000feb80000)
  from space 1024K, 89% used [0x00000000feb80000,0x00000000fec64010,0x00000000fec80000)
  to   space 9216K, 0% used [0x00000000ff480000,0x00000000ff480000,0x00000000ffd80000)
 ParOldGen       total 81408K, used 45185K [0x00000000e8000000, 0x00000000ecf80000, 0x00000000f8000000)
  object space 81408K, 55% used [0x00000000e8000000,0x00000000eac206c0,0x00000000ecf80000)
 PSPermGen       total 73216K, used 71880K [0x00000000d8000000, 0x00000000dc780000, 0x00000000e8000000)
  object space 73216K, 98% used [0x00000000d8000000,0x00000000dc6323d8,0x00000000dc780000)
Event: 3324.678 GC heap after
Heap after GC invocations=123 (full 46):
 PSYoungGen      total 111104K, used 0K [0x00000000f8000000, 0x00000000ffd80000, 0x0000000100000000)
  eden space 110080K, 0% used [0x00000000f8000000,0x00000000f8000000,0x00000000feb80000)
  from space 1024K, 0% used [0x00000000feb80000,0x00000000feb80000,0x00000000fec80000)
  to   space 9216K, 0% used [0x00000000ff480000,0x00000000ff480000,0x00000000ffd80000)
 ParOldGen       total 81408K, used 45054K [0x00000000e8000000, 0x00000000ecf80000, 0x00000000f8000000)
  object space 81408K, 55% used [0x00000000e8000000,0x00000000eabffac0,0x00000000ecf80000)
 PSPermGen       total 72704K, used 71880K [0x00000000d8000000, 0x00000000dc700000, 0x00000000e8000000)
  object space 72704K, 98% used [0x00000000d8000000,0x00000000dc632398,0x00000000dc700000)
}
Event: 3395.363 GC heap before
{Heap before GC invocations=124 (full 46):
 PSYoungGen      total 111104K, used 6186K [0x00000000f8000000, 0x00000000ffd80000, 0x0000000100000000)
  eden space 110080K, 5% used [0x00000000f8000000,0x00000000f860ab18,0x00000000feb80000)
  from space 1024K, 0% used [0x00000000feb80000,0x00000000feb80000,0x00000000fec80000)
  to   space 9216K, 0% used [0x00000000ff480000,0x00000000ff480000,0x00000000ffd80000)
 ParOldGen       total 81408K, used 45054K [0x00000000e8000000, 0x00000000ecf80000, 0x00000000f8000000)
  object space 81408K, 55% used [0x00000000e8000000,0x00000000eabffac0,0x00000000ecf80000)
 PSPermGen       total 72704K, used 72015K [0x00000000d8000000, 0x00000000dc700000, 0x00000000e8000000)
  object space 72704K, 99% used [0x00000000d8000000,0x00000000dc653cc8,0x00000000dc700000)
Event: 3395.373 GC heap after
Heap after GC invocations=124 (full 46):
 PSYoungGen      total 119296K, used 326K [0x00000000f8000000, 0x00000000ffd80000, 0x0000000100000000)
  eden space 110080K, 0% used [0x00000000f8000000,0x00000000f8000000,0x00000000feb80000)
  from space 9216K, 3% used [0x00000000ff480000,0x00000000ff4d18c0,0x00000000ffd80000)
  to   space 9216K, 0% used [0x00000000feb80000,0x00000000feb80000,0x00000000ff480000)
 ParOldGen       total 81408K, used 45054K [0x00000000e8000000, 0x00000000ecf80000, 0x00000000f8000000)
  object space 81408K, 55% used [0x00000000e8000000,0x00000000eabffac0,0x00000000ecf80000)
 PSPermGen       total 72704K, used 72015K [0x00000000d8000000, 0x00000000dc700000, 0x00000000e8000000)
  object space 72704K, 99% used [0x00000000d8000000,0x00000000dc653cc8,0x00000000dc700000)
}
Event: 3395.373 GC heap before
{Heap before GC invocations=125 (full 47):
 PSYoungGen      total 119296K, used 326K [0x00000000f8000000, 0x00000000ffd80000, 0x0000000100000000)
  eden space 110080K, 0% used [0x00000000f8000000,0x00000000f8000000,0x00000000feb80000)
  from space 9216K, 3% used [0x00000000ff480000,0x00000000ff4d18c0,0x00000000ffd80000)
  to   space 9216K, 0% used [0x00000000feb80000,0x00000000feb80000,0x00000000ff480000)
 ParOldGen       total 81408K, used 45054K [0x00000000e8000000, 0x00000000ecf80000, 0x00000000f8000000)
  object space 81408K, 55% used [0x00000000e8000000,0x00000000eabffac0,0x00000000ecf80000)
 PSPermGen       total 72704K, used 72015K [0x00000000d8000000, 0x00000000dc700000, 0x00000000e8000000)
  object space 72704K, 99% used [0x00000000d8000000,0x00000000dc653cc8,0x00000000dc700000)
Event: 3395.830 GC heap after
Heap after GC invocations=125 (full 47):
 PSYoungGen      total 119296K, used 0K [0x00000000f8000000, 0x00000000ffd80000, 0x0000000100000000)
  eden space 110080K, 0% used [0x00000000f8000000,0x00000000f8000000,0x00000000feb80000)
  from space 9216K, 0% used [0x00000000ff480000,0x00000000ff480000,0x00000000ffd80000)
  to   space 9216K, 0% used [0x00000000feb80000,0x00000000feb80000,0x00000000ff480000)
 ParOldGen       total 81408K, used 44972K [0x00000000e8000000, 0x00000000ecf80000, 0x00000000f8000000)
  object space 81408K, 55% used [0x00000000e8000000,0x00000000eabeb3f8,0x00000000ecf80000)
 PSPermGen       total 72704K, used 72015K [0x00000000d8000000, 0x00000000dc700000, 0x00000000e8000000)
  object space 72704K, 99% used [0x00000000d8000000,0x00000000dc653cc8,0x00000000dc700000)
}
Event: 3639.399 GC heap before
{Heap before GC invocations=126 (full 47):
 PSYoungGen      total 119296K, used 110080K [0x00000000f8000000, 0x00000000ffd80000, 0x0000000100000000)
  eden space 110080K, 100% used [0x00000000f8000000,0x00000000feb80000,0x00000000feb80000)
  from space 9216K, 0% used [0x00000000ff480000,0x00000000ff480000,0x00000000ffd80000)
  to   space 9216K, 0% used [0x00000000feb80000,0x00000000feb80000,0x00000000ff480000)
 ParOldGen       total 81408K, used 44972K [0x00000000e8000000, 0x00000000ecf80000, 0x00000000f8000000)
  object space 81408K, 55% used [0x00000000e8000000,0x00000000eabeb3f8,0x00000000ecf80000)
 PSPermGen       total 72704K, used 72100K [0x00000000d8000000, 0x00000000dc700000, 0x00000000e8000000)
  object space 72704K, 99% used [0x00000000d8000000,0x00000000dc669248,0x00000000dc700000)
Event: 3639.430 GC heap after
Heap after GC invocations=126 (full 47):
 PSYoungGen      total 119296K, used 6131K [0x00000000f8000000, 0x0000000100000000, 0x0000000100000000)
  eden space 110080K, 0% used [0x00000000f8000000,0x00000000f8000000,0x00000000feb80000)
  from space 9216K, 66% used [0x00000000feb80000,0x00000000ff17cfa0,0x00000000ff480000)
  to   space 9728K, 0% used [0x00000000ff680000,0x00000000ff680000,0x0000000100000000)
 ParOldGen       total 81408K, used 44972K [0x00000000e8000000, 0x00000000ecf80000, 0x00000000f8000000)
  object space 81408K, 55% used [0x00000000e8000000,0x00000000eabeb3f8,0x00000000ecf80000)
 PSPermGen       total 72704K, used 72100K [0x00000000d8000000, 0x00000000dc700000, 0x00000000e8000000)
  object space 72704K, 99% used [0x00000000d8000000,0x00000000dc669248,0x00000000dc700000)
}

# JRE version: OpenJDK Runtime Environment (7.0_55-b14) (build 1.7.0_55-b14)
# Java VM: OpenJDK 64-Bit Server VM (24.51-b03 mixed mode linux-amd64 compressed oops)
Heap
 PSYoungGen      total 119296K, used 75554K [0x00000000f8000000, 0x0000000100000000, 0x0000000100000000)
  eden space 110080K, 63% used [0x00000000f8000000,0x00000000fc3cb9a0,0x00000000feb80000)
  from space 9216K, 66% used [0x00000000feb80000,0x00000000ff17cfa0,0x00000000ff480000)
  to   space 9728K, 0% used [0x00000000ff680000,0x00000000ff680000,0x0000000100000000)
 ParOldGen       total 81408K, used 44972K [0x00000000e8000000, 0x00000000ecf80000, 0x00000000f8000000)
  object space 81408K, 55% used [0x00000000e8000000,0x00000000eabeb3f8,0x00000000ecf80000)
 PSPermGen       total 72704K, used 72156K [0x00000000d8000000, 0x00000000dc700000, 0x00000000e8000000)
  object space 72704K, 99% used [0x00000000d8000000,0x00000000dc677090,0x00000000dc700000)
GC Heap History (10 events):
Event: 3324.179 GC heap before
{Heap before GC invocations=122 (full 45):
 PSYoungGen      total 119808K, used 17322K [0x00000000f8000000, 0x00000000ffe80000, 0x0000000100000000)
  eden space 110080K, 15% used [0x00000000f8000000,0x00000000f90ea888,0x00000000feb80000)
  from space 9728K, 0% used [0x00000000ff500000,0x00000000ff500000,0x00000000ffe80000)
  to   space 9728K, 0% used [0x00000000feb80000,0x00000000feb80000,0x00000000ff500000)
 ParOldGen       total 81408K, used 45185K [0x00000000e8000000, 0x00000000ecf80000, 0x00000000f8000000)
  object space 81408K, 55% used [0x00000000e8000000,0x00000000eac206c0,0x00000000ecf80000)
 PSPermGen       total 73216K, used 71880K [0x00000000d8000000, 0x00000000dc780000, 0x00000000e8000000)
  object space 73216K, 98% used [0x00000000d8000000,0x00000000dc6323d8,0x00000000dc780000)
Event: 3324.192 GC heap after
Heap after GC invocations=122 (full 45):
 PSYoungGen      total 111104K, used 912K [0x00000000f8000000, 0x00000000ffd80000, 0x0000000100000000)
  eden space 110080K, 0% used [0x00000000f8000000,0x00000000f8000000,0x00000000feb80000)
  from space 1024K, 89% used [0x00000000feb80000,0x00000000fec64010,0x00000000fec80000)
  to   space 9216K, 0% used [0x00000000ff480000,0x00000000ff480000,0x00000000ffd80000)
 ParOldGen       total 81408K, used 45185K [0x00000000e8000000, 0x00000000ecf80000, 0x00000000f8000000)
  object space 81408K, 55% used [0x00000000e8000000,0x00000000eac206c0,0x00000000ecf80000)
 PSPermGen       total 73216K, used 71880K [0x00000000d8000000, 0x00000000dc780000, 0x00000000e8000000)
  object space 73216K, 98% used [0x00000000d8000000,0x00000000dc6323d8,0x00000000dc780000)
}
Event: 3324.192 GC heap before
{Heap before GC invocations=123 (full 46):
 PSYoungGen      total 111104K, used 912K [0x00000000f8000000, 0x00000000ffd80000, 0x0000000100000000)
  eden space 110080K, 0% used [0x00000000f8000000,0x00000000f8000000,0x00000000feb80000)
  from space 1024K, 89% used [0x00000000feb80000,0x00000000fec64010,0x00000000fec80000)
  to   space 9216K, 0% used [0x00000000ff480000,0x00000000ff480000,0x00000000ffd80000)
 ParOldGen       total 81408K, used 45185K [0x00000000e8000000, 0x00000000ecf80000, 0x00000000f8000000)
  object space 81408K, 55% used [0x00000000e8000000,0x00000000eac206c0,0x00000000ecf80000)
 PSPermGen       total 73216K, used 71880K [0x00000000d8000000, 0x00000000dc780000, 0x00000000e8000000)
  object space 73216K, 98% used [0x00000000d8000000,0x00000000dc6323d8,0x00000000dc780000)
Event: 3324.678 GC heap after
Heap after GC invocations=123 (full 46):
 PSYoungGen      total 111104K, used 0K [0x00000000f8000000, 0x00000000ffd80000, 0x0000000100000000)
  eden space 110080K, 0% used [0x00000000f8000000,0x00000000f8000000,0x00000000feb80000)
  from space 1024K, 0% used [0x00000000feb80000,0x00000000feb80000,0x00000000fec80000)
  to   space 9216K, 0% used [0x00000000ff480000,0x00000000ff480000,0x00000000ffd80000)
 ParOldGen       total 81408K, used 45054K [0x00000000e8000000, 0x00000000ecf80000, 0x00000000f8000000)
  object space 81408K, 55% used [0x00000000e8000000,0x00000000eabffac0,0x00000000ecf80000)
 PSPermGen       total 72704K, used 71880K [0x00000000d8000000, 0x00000000dc700000, 0x00000000e8000000)
  object space 72704K, 98% used [0x00000000d8000000,0x00000000dc632398,0x00000000dc700000)
}
Event: 3395.363 GC heap before
{Heap before GC invocations=124 (full 46):
 PSYoungGen      total 111104K, used 6186K [0x00000000f8000000, 0x00000000ffd80000, 0x0000000100000000)
  eden space 110080K, 5% used [0x00000000f8000000,0x00000000f860ab18,0x00000000feb80000)
  from space 1024K, 0% used [0x00000000feb80000,0x00000000feb80000,0x00000000fec80000)
  to   space 9216K, 0% used [0x00000000ff480000,0x00000000ff480000,0x00000000ffd80000)
 ParOldGen       total 81408K, used 45054K [0x00000000e8000000, 0x00000000ecf80000, 0x00000000f8000000)
  object space 81408K, 55% used [0x00000000e8000000,0x00000000eabffac0,0x00000000ecf80000)
 PSPermGen       total 72704K, used 72015K [0x00000000d8000000, 0x00000000dc700000, 0x00000000e8000000)
  object space 72704K, 99% used [0x00000000d8000000,0x00000000dc653cc8,0x00000000dc700000)
Event: 3395.373 GC heap after
Heap after GC invocations=124 (full 46):
 PSYoungGen      total 119296K, used 326K [0x00000000f8000000, 0x00000000ffd80000, 0x0000000100000000)
  eden space 110080K, 0% used [0x00000000f8000000,0x00000000f8000000,0x00000000feb80000)
  from space 9216K, 3% used [0x00000000ff480000,0x00000000ff4d18c0,0x00000000ffd80000)
  to   space 9216K, 0% used [0x00000000feb80000,0x00000000feb80000,0x00000000ff480000)
 ParOldGen       total 81408K, used 45054K [0x00000000e8000000, 0x00000000ecf80000, 0x00000000f8000000)
  object space 81408K, 55% used [0x00000000e8000000,0x00000000eabffac0,0x00000000ecf80000)
 PSPermGen       total 72704K, used 72015K [0x00000000d8000000, 0x00000000dc700000, 0x00000000e8000000)
  object space 72704K, 99% used [0x00000000d8000000,0x00000000dc653cc8,0x00000000dc700000)
}
Event: 3395.373 GC heap before
{Heap before GC invocations=125 (full 47):
 PSYoungGen      total 119296K, used 326K [0x00000000f8000000, 0x00000000ffd80000, 0x0000000100000000)
  eden space 110080K, 0% used [0x00000000f8000000,0x00000000f8000000,0x00000000feb80000)
  from space 9216K, 3% used [0x00000000ff480000,0x00000000ff4d18c0,0x00000000ffd80000)
  to   space 9216K, 0% used [0x00000000feb80000,0x00000000feb80000,0x00000000ff480000)
 ParOldGen       total 81408K, used 45054K [0x00000000e8000000, 0x00000000ecf80000, 0x00000000f8000000)
  object space 81408K, 55% used [0x00000000e8000000,0x00000000eabffac0,0x00000000ecf80000)
 PSPermGen       total 72704K, used 72015K [0x00000000d8000000, 0x00000000dc700000, 0x00000000e8000000)
  object space 72704K, 99% used [0x00000000d8000000,0x00000000dc653cc8,0x00000000dc700000)
Event: 3395.830 GC heap after
Heap after GC invocations=125 (full 47):
 PSYoungGen      total 119296K, used 0K [0x00000000f8000000, 0x00000000ffd80000, 0x0000000100000000)
  eden space 110080K, 0% used [0x00000000f8000000,0x00000000f8000000,0x00000000feb80000)
  from space 9216K, 0% used [0x00000000ff480000,0x00000000ff480000,0x00000000ffd80000)
  to   space 9216K, 0% used [0x00000000feb80000,0x00000000feb80000,0x00000000ff480000)
 ParOldGen       total 81408K, used 44972K [0x00000000e8000000, 0x00000000ecf80000, 0x00000000f8000000)
  object space 81408K, 55% used [0x00000000e8000000,0x00000000eabeb3f8,0x00000000ecf80000)
 PSPermGen       total 72704K, used 72015K [0x00000000d8000000, 0x00000000dc700000, 0x00000000e8000000)
  object space 72704K, 99% used [0x00000000d8000000,0x00000000dc653cc8,0x00000000dc700000)
}
Event: 3639.399 GC heap before
{Heap before GC invocations=126 (full 47):
 PSYoungGen      total 119296K, used 110080K [0x00000000f8000000, 0x00000000ffd80000, 0x0000000100000000)
  eden space 110080K, 100% used [0x00000000f8000000,0x00000000feb80000,0x00000000feb80000)
  from space 9216K, 0% used [0x00000000ff480000,0x00000000ff480000,0x00000000ffd80000)
  to   space 9216K, 0% used [0x00000000feb80000,0x00000000feb80000,0x00000000ff480000)
 ParOldGen       total 81408K, used 44972K [0x00000000e8000000, 0x00000000ecf80000, 0x00000000f8000000)
  object space 81408K, 55% used [0x00000000e8000000,0x00000000eabeb3f8,0x00000000ecf80000)
 PSPermGen       total 72704K, used 72100K [0x00000000d8000000, 0x00000000dc700000, 0x00000000e8000000)
  object space 72704K, 99% used [0x00000000d8000000,0x00000000dc669248,0x00000000dc700000)
Event: 3639.430 GC heap after
Heap after GC invocations=126 (full 47):
 PSYoungGen      total 119296K, used 6131K [0x00000000f8000000, 0x0000000100000000, 0x0000000100000000)
  eden space 110080K, 0% used [0x00000000f8000000,0x00000000f8000000,0x00000000feb80000)
  from space 9216K, 66% used [0x00000000feb80000,0x00000000ff17cfa0,0x00000000ff480000)
  to   space 9728K, 0% used [0x00000000ff680000,0x00000000ff680000,0x0000000100000000)
 ParOldGen       total 81408K, used 44972K [0x00000000e8000000, 0x00000000ecf80000, 0x00000000f8000000)
  object space 81408K, 55% used [0x00000000e8000000,0x00000000eabeb3f8,0x00000000ecf80000)
 PSPermGen       total 72704K, used 72100K [0x00000000d8000000, 0x00000000dc700000, 0x00000000e8000000)
  object space 72704K, 99% used [0x00000000d8000000,0x00000000dc669248,0x00000000dc700000)
}

# JRE version: OpenJDK Runtime Environment (7.0_55-b14) (build 1.7.0_55-b14)
# Java VM: OpenJDK 64-Bit Server VM (24.51-b03 mixed mode linux-amd64 compressed oops)
Heap
 PSYoungGen      total 119296K, used 75554K [0x00000000f8000000, 0x0000000100000000, 0x0000000100000000)
  eden space 110080K, 63% used [0x00000000f8000000,0x00000000fc3cb9a0,0x00000000feb80000)
  from space 9216K, 66% used [0x00000000feb80000,0x00000000ff17cfa0,0x00000000ff480000)
  to   space 9728K, 0% used [0x00000000ff680000,0x00000000ff680000,0x0000000100000000)
 ParOldGen       total 81408K, used 44972K [0x00000000e8000000, 0x00000000ecf80000, 0x00000000f8000000)
  object space 81408K, 55% used [0x00000000e8000000,0x00000000eabeb3f8,0x00000000ecf80000)
 PSPermGen       total 72704K, used 72156K [0x00000000d8000000, 0x00000000dc700000, 0x00000000e8000000)
  object space 72704K, 99% used [0x00000000d8000000,0x00000000dc677090,0x00000000dc700000)
GC Heap History (10 events):
Event: 3324.179 GC heap before
{Heap before GC invocations=122 (full 45):
 PSYoungGen      total 119808K, used 17322K [0x00000000f8000000, 0x00000000ffe80000, 0x0000000100000000)
  eden space 110080K, 15% used [0x00000000f8000000,0x00000000f90ea888,0x00000000feb80000)
  from space 9728K, 0% used [0x00000000ff500000,0x00000000ff500000,0x00000000ffe80000)
  to   space 9728K, 0% used [0x00000000feb80000,0x00000000feb80000,0x00000000ff500000)
 ParOldGen       total 81408K, used 45185K [0x00000000e8000000, 0x00000000ecf80000, 0x00000000f8000000)
  object space 81408K, 55% used [0x00000000e8000000,0x00000000eac206c0,0x00000000ecf80000)
 PSPermGen       total 73216K, used 71880K [0x00000000d8000000, 0x00000000dc780000, 0x00000000e8000000)
  object space 73216K, 98% used [0x00000000d8000000,0x00000000dc6323d8,0x00000000dc780000)
Event: 3324.192 GC heap after
Heap after GC invocations=122 (full 45):
 PSYoungGen      total 111104K, used 912K [0x00000000f8000000, 0x00000000ffd80000, 0x0000000100000000)
  eden space 110080K, 0% used [0x00000000f8000000,0x00000000f8000000,0x00000000feb80000)
  from space 1024K, 89% used [0x00000000feb80000,0x00000000fec64010,0x00000000fec80000)
  to   space 9216K, 0% used [0x00000000ff480000,0x00000000ff480000,0x00000000ffd80000)
 ParOldGen       total 81408K, used 45185K [0x00000000e8000000, 0x00000000ecf80000, 0x00000000f8000000)
  object space 81408K, 55% used [0x00000000e8000000,0x00000000eac206c0,0x00000000ecf80000)
 PSPermGen       total 73216K, used 71880K [0x00000000d8000000, 0x00000000dc780000, 0x00000000e8000000)
  object space 73216K, 98% used [0x00000000d8000000,0x00000000dc6323d8,0x00000000dc780000)
}
Event: 3324.192 GC heap before
{Heap before GC invocations=123 (full 46):
 PSYoungGen      total 111104K, used 912K [0x00000000f8000000, 0x00000000ffd80000, 0x0000000100000000)
  eden space 110080K, 0% used [0x00000000f8000000,0x00000000f8000000,0x00000000feb80000)
  from space 1024K, 89% used [0x00000000feb80000,0x00000000fec64010,0x00000000fec80000)
  to   space 9216K, 0% used [0x00000000ff480000,0x00000000ff480000,0x00000000ffd80000)
 ParOldGen       total 81408K, used 45185K [0x00000000e8000000, 0x00000000ecf80000, 0x00000000f8000000)
  object space 81408K, 55% used [0x00000000e8000000,0x00000000eac206c0,0x00000000ecf80000)
 PSPermGen       total 73216K, used 71880K [0x00000000d8000000, 0x00000000dc780000, 0x00000000e8000000)
  object space 73216K, 98% used [0x00000000d8000000,0x00000000dc6323d8,0x00000000dc780000)
Event: 3324.678 GC heap after
Heap after GC invocations=123 (full 46):
 PSYoungGen      total 111104K, used 0K [0x00000000f8000000, 0x00000000ffd80000, 0x0000000100000000)
  eden space 110080K, 0% used [0x00000000f8000000,0x00000000f8000000,0x00000000feb80000)
  from space 1024K, 0% used [0x00000000feb80000,0x00000000feb80000,0x00000000fec80000)
  to   space 9216K, 0% used [0x00000000ff480000,0x00000000ff480000,0x00000000ffd80000)
 ParOldGen       total 81408K, used 45054K [0x00000000e8000000, 0x00000000ecf80000, 0x00000000f8000000)
  object space 81408K, 55% used [0x00000000e8000000,0x00000000eabffac0,0x00000000ecf80000)
 PSPermGen       total 72704K, used 71880K [0x00000000d8000000, 0x00000000dc700000, 0x00000000e8000000)
  object space 72704K, 98% used [0x00000000d8000000,0x00000000dc632398,0x00000000dc700000)
}
Event: 3395.363 GC heap before
{Heap before GC invocations=124 (full 46):
 PSYoungGen      total 111104K, used 6186K [0x00000000f8000000, 0x00000000ffd80000, 0x0000000100000000)
  eden space 110080K, 5% used [0x00000000f8000000,0x00000000f860ab18,0x00000000feb80000)
  from space 1024K, 0% used [0x00000000feb80000,0x00000000feb80000,0x00000000fec80000)
  to   space 9216K, 0% used [0x00000000ff480000,0x00000000ff480000,0x00000000ffd80000)
 ParOldGen       total 81408K, used 45054K [0x00000000e8000000, 0x00000000ecf80000, 0x00000000f8000000)
  object space 81408K, 55% used [0x00000000e8000000,0x00000000eabffac0,0x00000000ecf80000)
 PSPermGen       total 72704K, used 72015K [0x00000000d8000000, 0x00000000dc700000, 0x00000000e8000000)
  object space 72704K, 99% used [0x00000000d8000000,0x00000000dc653cc8,0x00000000dc700000)
Event: 3395.373 GC heap after
Heap after GC invocations=124 (full 46):
 PSYoungGen      total 119296K, used 326K [0x00000000f8000000, 0x00000000ffd80000, 0x0000000100000000)
  eden space 110080K, 0% used [0x00000000f8000000,0x00000000f8000000,0x00000000feb80000)
  from space 9216K, 3% used [0x00000000ff480000,0x00000000ff4d18c0,0x00000000ffd80000)
  to   space 9216K, 0% used [0x00000000feb80000,0x00000000feb80000,0x00000000ff480000)
 ParOldGen       total 81408K, used 45054K [0x00000000e8000000, 0x00000000ecf80000, 0x00000000f8000000)
  object space 81408K, 55% used [0x00000000e8000000,0x00000000eabffac0,0x00000000ecf80000)
 PSPermGen       total 72704K, used 72015K [0x00000000d8000000, 0x00000000dc700000, 0x00000000e8000000)
  object space 72704K, 99% used [0x00000000d8000000,0x00000000dc653cc8,0x00000000dc700000)
}
Event: 3395.373 GC heap before
{Heap before GC invocations=125 (full 47):
 PSYoungGen      total 119296K, used 326K [0x00000000f8000000, 0x00000000ffd80000, 0x0000000100000000)
  eden space 110080K, 0% used [0x00000000f8000000,0x00000000f8000000,0x00000000feb80000)
  from space 9216K, 3% used [0x00000000ff480000,0x00000000ff4d18c0,0x00000000ffd80000)
  to   space 9216K, 0% used [0x00000000feb80000,0x00000000feb80000,0x00000000ff480000)
 ParOldGen       total 81408K, used 45054K [0x00000000e8000000, 0x00000000ecf80000, 0x00000000f8000000)
  object space 81408K, 55% used [0x00000000e8000000,0x00000000eabffac0,0x00000000ecf80000)
 PSPermGen       total 72704K, used 72015K [0x00000000d8000000, 0x00000000dc700000, 0x00000000e8000000)
  object space 72704K, 99% used [0x00000000d8000000,0x00000000dc653cc8,0x00000000dc700000)
Event: 3395.830 GC heap after
Heap after GC invocations=125 (full 47):
 PSYoungGen      total 119296K, used 0K [0x00000000f8000000, 0x00000000ffd80000, 0x0000000100000000)
  eden space 110080K, 0% used [0x00000000f8000000,0x00000000f8000000,0x00000000feb80000)
  from space 9216K, 0% used [0x00000000ff480000,0x00000000ff480000,0x00000000ffd80000)
  to   space 9216K, 0% used [0x00000000feb80000,0x00000000feb80000,0x00000000ff480000)
 ParOldGen       total 81408K, used 44972K [0x00000000e8000000, 0x00000000ecf80000, 0x00000000f8000000)
  object space 81408K, 55% used [0x00000000e8000000,0x00000000eabeb3f8,0x00000000ecf80000)
 PSPermGen       total 72704K, used 72015K [0x00000000d8000000, 0x00000000dc700000, 0x00000000e8000000)
  object space 72704K, 99% used [0x00000000d8000000,0x00000000dc653cc8,0x00000000dc700000)
}
Event: 3639.399 GC heap before
{Heap before GC invocations=126 (full 47):
 PSYoungGen      total 119296K, used 110080K [0x00000000f8000000, 0x00000000ffd80000, 0x0000000100000000)
  eden space 110080K, 100% used [0x00000000f8000000,0x00000000feb80000,0x00000000feb80000)
  from space 9216K, 0% used [0x00000000ff480000,0x00000000ff480000,0x00000000ffd80000)
  to   space 9216K, 0% used [0x00000000feb80000,0x00000000feb80000,0x00000000ff480000)
 ParOldGen       total 81408K, used 44972K [0x00000000e8000000, 0x00000000ecf80000, 0x00000000f8000000)
  object space 81408K, 55% used [0x00000000e8000000,0x00000000eabeb3f8,0x00000000ecf80000)
 PSPermGen       total 72704K, used 72100K [0x00000000d8000000, 0x00000000dc700000, 0x00000000e8000000)
  object space 72704K, 99% used [0x00000000d8000000,0x00000000dc669248,0x00000000dc700000)
Event: 3639.430 GC heap after
Heap after GC invocations=126 (full 47):
 PSYoungGen      total 119296K, used 6131K [0x00000000f8000000, 0x0000000100000000, 0x0000000100000000)
  eden space 110080K, 0% used [0x00000000f8000000,0x00000000f8000000,0x00000000feb80000)
  from space 9216K, 66% used [0x00000000feb80000,0x00000000ff17cfa0,0x00000000ff480000)
  to   space 9728K, 0% used [0x00000000ff680000,0x00000000ff680000,0x0000000100000000)
 ParOldGen       total 81408K, used 44972K [0x00000000e8000000, 0x00000000ecf80000, 0x00000000f8000000)
  object space 81408K, 55% used [0x00000000e8000000,0x00000000eabeb3f8,0x00000000ecf80000)
 PSPermGen       total 72704K, used 72100K [0x00000000d8000000, 0x00000000dc700000, 0x00000000e8000000)
  object space 72704K, 99% used [0x00000000d8000000,0x00000000dc669248,0x00000000dc700000)
}

# JRE version: OpenJDK Runtime Environment (7.0_55-b14) (build 1.7.0_55-b14)
# Java VM: OpenJDK 64-Bit Server VM (24.51-b03 mixed mode linux-amd64 compressed oops)
Heap
 PSYoungGen      total 119296K, used 75554K [0x00000000f8000000, 0x0000000100000000, 0x0000000100000000)
  eden space 110080K, 63% used [0x00000000f8000000,0x00000000fc3cb9a0,0x00000000feb80000)
  from space 9216K, 66% used [0x00000000feb80000,0x00000000ff17cfa0,0x00000000ff480000)
  to   space 9728K, 0% used [0x00000000ff680000,0x00000000ff680000,0x0000000100000000)
 ParOldGen       total 81408K, used 44972K [0x00000000e8000000, 0x00000000ecf80000, 0x00000000f8000000)
  object space 81408K, 55% used [0x00000000e8000000,0x00000000eabeb3f8,0x00000000ecf80000)
 PSPermGen       total 72704K, used 72156K [0x00000000d8000000, 0x00000000dc700000, 0x00000000e8000000)
  object space 72704K, 99% used [0x00000000d8000000,0x00000000dc677090,0x00000000dc700000)
GC Heap History (10 events):
Event: 3324.179 GC heap before
{Heap before GC invocations=122 (full 45):
 PSYoungGen      total 119808K, used 17322K [0x00000000f8000000, 0x00000000ffe80000, 0x0000000100000000)
  eden space 110080K, 15% used [0x00000000f8000000,0x00000000f90ea888,0x00000000feb80000)
  from space 9728K, 0% used [0x00000000ff500000,0x00000000ff500000,0x00000000ffe80000)
  to   space 9728K, 0% used [0x00000000feb80000,0x00000000feb80000,0x00000000ff500000)
 ParOldGen       total 81408K, used 45185K [0x00000000e8000000, 0x00000000ecf80000, 0x00000000f8000000)
  object space 81408K, 55% used [0x00000000e8000000,0x00000000eac206c0,0x00000000ecf80000)
 PSPermGen       total 73216K, used 71880K [0x00000000d8000000, 0x00000000dc780000, 0x00000000e8000000)
  object space 73216K, 98% used [0x00000000d8000000,0x00000000dc6323d8,0x00000000dc780000)
Event: 3324.192 GC heap after
Heap after GC invocations=122 (full 45):
 PSYoungGen      total 111104K, used 912K [0x00000000f8000000, 0x00000000ffd80000, 0x0000000100000000)
  eden space 110080K, 0% used [0x00000000f8000000,0x00000000f8000000,0x00000000feb80000)
  from space 1024K, 89% used [0x00000000feb80000,0x00000000fec64010,0x00000000fec80000)
  to   space 9216K, 0% used [0x00000000ff480000,0x00000000ff480000,0x00000000ffd80000)
 ParOldGen       total 81408K, used 45185K [0x00000000e8000000, 0x00000000ecf80000, 0x00000000f8000000)
  object space 81408K, 55% used [0x00000000e8000000,0x00000000eac206c0,0x00000000ecf80000)
 PSPermGen       total 73216K, used 71880K [0x00000000d8000000, 0x00000000dc780000, 0x00000000e8000000)
  object space 73216K, 98% used [0x00000000d8000000,0x00000000dc6323d8,0x00000000dc780000)
}
Event: 3324.192 GC heap before
{Heap before GC invocations=123 (full 46):
 PSYoungGen      total 111104K, used 912K [0x00000000f8000000, 0x00000000ffd80000, 0x0000000100000000)
  eden space 110080K, 0% used [0x00000000f8000000,0x00000000f8000000,0x00000000feb80000)
  from space 1024K, 89% used [0x00000000feb80000,0x00000000fec64010,0x00000000fec80000)
  to   space 9216K, 0% used [0x00000000ff480000,0x00000000ff480000,0x00000000ffd80000)
 ParOldGen       total 81408K, used 45185K [0x00000000e8000000, 0x00000000ecf80000, 0x00000000f8000000)
  object space 81408K, 55% used [0x00000000e8000000,0x00000000eac206c0,0x00000000ecf80000)
 PSPermGen       total 73216K, used 71880K [0x00000000d8000000, 0x00000000dc780000, 0x00000000e8000000)
  object space 73216K, 98% used [0x00000000d8000000,0x00000000dc6323d8,0x00000000dc780000)
Event: 3324.678 GC heap after
Heap after GC invocations=123 (full 46):
 PSYoungGen      total 111104K, used 0K [0x00000000f8000000, 0x00000000ffd80000, 0x0000000100000000)
  eden space 110080K, 0% used [0x00000000f8000000,0x00000000f8000000,0x00000000feb80000)
  from space 1024K, 0% used [0x00000000feb80000,0x00000000feb80000,0x00000000fec80000)
  to   space 9216K, 0% used [0x00000000ff480000,0x00000000ff480000,0x00000000ffd80000)
 ParOldGen       total 81408K, used 45054K [0x00000000e8000000, 0x00000000ecf80000, 0x00000000f8000000)
  object space 81408K, 55% used [0x00000000e8000000,0x00000000eabffac0,0x00000000ecf80000)
 PSPermGen       total 72704K, used 71880K [0x00000000d8000000, 0x00000000dc700000, 0x00000000e8000000)
  object space 72704K, 98% used [0x00000000d8000000,0x00000000dc632398,0x00000000dc700000)
}
Event: 3395.363 GC heap before
{Heap before GC invocations=124 (full 46):
 PSYoungGen      total 111104K, used 6186K [0x00000000f8000000, 0x00000000ffd80000, 0x0000000100000000)
  eden space 110080K, 5% used [0x00000000f8000000,0x00000000f860ab18,0x00000000feb80000)
  from space 1024K, 0% used [0x00000000feb80000,0x00000000feb80000,0x00000000fec80000)
  to   space 9216K, 0% used [0x00000000ff480000,0x00000000ff480000,0x00000000ffd80000)
 ParOldGen       total 81408K, used 45054K [0x00000000e8000000, 0x00000000ecf80000, 0x00000000f8000000)
  object space 81408K, 55% used [0x00000000e8000000,0x00000000eabffac0,0x00000000ecf80000)
 PSPermGen       total 72704K, used 72015K [0x00000000d8000000, 0x00000000dc700000, 0x00000000e8000000)
  object space 72704K, 99% used [0x00000000d8000000,0x00000000dc653cc8,0x00000000dc700000)
Event: 3395.373 GC heap after
Heap after GC invocations=124 (full 46):
 PSYoungGen      total 119296K, used 326K [0x00000000f8000000, 0x00000000ffd80000, 0x0000000100000000)
  eden space 110080K, 0% used [0x00000000f8000000,0x00000000f8000000,0x00000000feb80000)
  from space 9216K, 3% used [0x00000000ff480000,0x00000000ff4d18c0,0x00000000ffd80000)
  to   space 9216K, 0% used [0x00000000feb80000,0x00000000feb80000,0x00000000ff480000)
 ParOldGen       total 81408K, used 45054K [0x00000000e8000000, 0x00000000ecf80000, 0x00000000f8000000)
  object space 81408K, 55% used [0x00000000e8000000,0x00000000eabffac0,0x00000000ecf80000)
 PSPermGen       total 72704K, used 72015K [0x00000000d8000000, 0x00000000dc700000, 0x00000000e8000000)
  object space 72704K, 99% used [0x00000000d8000000,0x00000000dc653cc8,0x00000000dc700000)
}
Event: 3395.373 GC heap before
{Heap before GC invocations=125 (full 47):
 PSYoungGen      total 119296K, used 326K [0x00000000f8000000, 0x00000000ffd80000, 0x0000000100000000)
  eden space 110080K, 0% used [0x00000000f8000000,0x00000000f8000000,0x00000000feb80000)
  from space 9216K, 3% used [0x00000000ff480000,0x00000000ff4d18c0,0x00000000ffd80000)
  to   space 9216K, 0% used [0x00000000feb80000,0x00000000feb80000,0x00000000ff480000)
 ParOldGen       total 81408K, used 45054K [0x00000000e8000000, 0x00000000ecf80000, 0x00000000f8000000)
  object space 81408K, 55% used [0x00000000e8000000,0x00000000eabffac0,0x00000000ecf80000)
 PSPermGen       total 72704K, used 72015K [0x00000000d8000000, 0x00000000dc700000, 0x00000000e8000000)
  object space 72704K, 99% used [0x00000000d8000000,0x00000000dc653cc8,0x00000000dc700000)
Event: 3395.830 GC heap after
Heap after GC invocations=125 (full 47):
 PSYoungGen      total 119296K, used 0K [0x00000000f8000000, 0x00000000ffd80000, 0x0000000100000000)
  eden space 110080K, 0% used [0x00000000f8000000,0x00000000f8000000,0x00000000feb80000)
  from space 9216K, 0% used [0x00000000ff480000,0x00000000ff480000,0x00000000ffd80000)
  to   space 9216K, 0% used [0x00000000feb80000,0x00000000feb80000,0x00000000ff480000)
 ParOldGen       total 81408K, used 44972K [0x00000000e8000000, 0x00000000ecf80000, 0x00000000f8000000)
  object space 81408K, 55% used [0x00000000e8000000,0x00000000eabeb3f8,0x00000000ecf80000)
 PSPermGen       total 72704K, used 72015K [0x00000000d8000000, 0x00000000dc700000, 0x00000000e8000000)
  object space 72704K, 99% used [0x00000000d8000000,0x00000000dc653cc8,0x00000000dc700000)
}
Event: 3639.399 GC heap before
{Heap before GC invocations=126 (full 47):
 PSYoungGen      total 119296K, used 110080K [0x00000000f8000000, 0x00000000ffd80000, 0x0000000100000000)
  eden space 110080K, 100% used [0x00000000f8000000,0x00000000feb80000,0x00000000feb80000)
  from space 9216K, 0% used [0x00000000ff480000,0x00000000ff480000,0x00000000ffd80000)
  to   space 9216K, 0% used [0x00000000feb80000,0x00000000feb80000,0x00000000ff480000)
 ParOldGen       total 81408K, used 44972K [0x00000000e8000000, 0x00000000ecf80000, 0x00000000f8000000)
  object space 81408K, 55% used [0x00000000e8000000,0x00000000eabeb3f8,0x00000000ecf80000)
 PSPermGen       total 72704K, used 72100K [0x00000000d8000000, 0x00000000dc700000, 0x00000000e8000000)
  object space 72704K, 99% used [0x00000000d8000000,0x00000000dc669248,0x00000000dc700000)
Event: 3639.430 GC heap after
Heap after GC invocations=126 (full 47):
 PSYoungGen      total 119296K, used 6131K [0x00000000f8000000, 0x0000000100000000, 0x0000000100000000)
  eden space 110080K, 0% used [0x00000000f8000000,0x00000000f8000000,0x00000000feb80000)
  from space 9216K, 66% used [0x00000000feb80000,0x00000000ff17cfa0,0x00000000ff480000)
  to   space 9728K, 0% used [0x00000000ff680000,0x00000000ff680000,0x0000000100000000)
 ParOldGen       total 81408K, used 44972K [0x00000000e8000000, 0x00000000ecf80000, 0x00000000f8000000)
  object space 81408K, 55% used [0x00000000e8000000,0x00000000eabeb3f8,0x00000000ecf80000)
 PSPermGen       total 72704K, used 72100K [0x00000000d8000000, 0x00000000dc700000, 0x00000000e8000000)
  object space 72704K, 99% used [0x00000000d8000000,0x00000000dc669248,0x00000000dc700000)
}

# JRE version: OpenJDK Runtime Environment (7.0_55-b14) (build 1.7.0_55-b14)
# Java VM: OpenJDK 64-Bit Server VM (24.51-b03 mixed mode linux-amd64 compressed oops)
Heap
 PSYoungGen      total 119296K, used 75554K [0x00000000f8000000, 0x0000000100000000, 0x0000000100000000)
  eden space 110080K, 63% used [0x00000000f8000000,0x00000000fc3cb9a0,0x00000000feb80000)
  from space 9216K, 66% used [0x00000000feb80000,0x00000000ff17cfa0,0x00000000ff480000)
  to   space 9728K, 0% used [0x00000000ff680000,0x00000000ff680000,0x0000000100000000)
 ParOldGen       total 81408K, used 44972K [0x00000000e8000000, 0x00000000ecf80000, 0x00000000f8000000)
  object space 81408K, 55% used [0x00000000e8000000,0x00000000eabeb3f8,0x00000000ecf80000)
 PSPermGen       total 72704K, used 72156K [0x00000000d8000000, 0x00000000dc700000, 0x00000000e8000000)
  object space 72704K, 99% used [0x00000000d8000000,0x00000000dc677090,0x00000000dc700000)
GC Heap History (10 events):
Event: 3324.179 GC heap before
{Heap before GC invocations=122 (full 45):
 PSYoungGen      total 119808K, used 17322K [0x00000000f8000000, 0x00000000ffe80000, 0x0000000100000000)
  eden space 110080K, 15% used [0x00000000f8000000,0x00000000f90ea888,0x00000000feb80000)
  from space 9728K, 0% used [0x00000000ff500000,0x00000000ff500000,0x00000000ffe80000)
  to   space 9728K, 0% used [0x00000000feb80000,0x00000000feb80000,0x00000000ff500000)
 ParOldGen       total 81408K, used 45185K [0x00000000e8000000, 0x00000000ecf80000, 0x00000000f8000000)
  object space 81408K, 55% used [0x00000000e8000000,0x00000000eac206c0,0x00000000ecf80000)
 PSPermGen       total 73216K, used 71880K [0x00000000d8000000, 0x00000000dc780000, 0x00000000e8000000)
  object space 73216K, 98% used [0x00000000d8000000,0x00000000dc6323d8,0x00000000dc780000)
Event: 3324.192 GC heap after
Heap after GC invocations=122 (full 45):
 PSYoungGen      total 111104K, used 912K [0x00000000f8000000, 0x00000000ffd80000, 0x0000000100000000)
  eden space 110080K, 0% used [0x00000000f8000000,0x00000000f8000000,0x00000000feb80000)
  from space 1024K, 89% used [0x00000000feb80000,0x00000000fec64010,0x00000000fec80000)
  to   space 9216K, 0% used [0x00000000ff480000,0x00000000ff480000,0x00000000ffd80000)
 ParOldGen       total 81408K, used 45185K [0x00000000e8000000, 0x00000000ecf80000, 0x00000000f8000000)
  object space 81408K, 55% used [0x00000000e8000000,0x00000000eac206c0,0x00000000ecf80000)
 PSPermGen       total 73216K, used 71880K [0x00000000d8000000, 0x00000000dc780000, 0x00000000e8000000)
  object space 73216K, 98% used [0x00000000d8000000,0x00000000dc6323d8,0x00000000dc780000)
}
Event: 3324.192 GC heap before
{Heap before GC invocations=123 (full 46):
 PSYoungGen      total 111104K, used 912K [0x00000000f8000000, 0x00000000ffd80000, 0x0000000100000000)
  eden space 110080K, 0% used [0x00000000f8000000,0x00000000f8000000,0x00000000feb80000)
  from space 1024K, 89% used [0x00000000feb80000,0x00000000fec64010,0x00000000fec80000)
  to   space 9216K, 0% used [0x00000000ff480000,0x00000000ff480000,0x00000000ffd80000)
 ParOldGen       total 81408K, used 45185K [0x00000000e8000000, 0x00000000ecf80000, 0x00000000f8000000)
  object space 81408K, 55% used [0x00000000e8000000,0x00000000eac206c0,0x00000000ecf80000)
 PSPermGen       total 73216K, used 71880K [0x00000000d8000000, 0x00000000dc780000, 0x00000000e8000000)
  object space 73216K, 98% used [0x00000000d8000000,0x00000000dc6323d8,0x00000000dc780000)
Event: 3324.678 GC heap after
Heap after GC invocations=123 (full 46):
 PSYoungGen      total 111104K, used 0K [0x00000000f8000000, 0x00000000ffd80000, 0x0000000100000000)
  eden space 110080K, 0% used [0x00000000f8000000,0x00000000f8000000,0x00000000feb80000)
  from space 1024K, 0% used [0x00000000feb80000,0x00000000feb80000,0x00000000fec80000)
  to   space 9216K, 0% used [0x00000000ff480000,0x00000000ff480000,0x00000000ffd80000)
 ParOldGen       total 81408K, used 45054K [0x00000000e8000000, 0x00000000ecf80000, 0x00000000f8000000)
  object space 81408K, 55% used [0x00000000e8000000,0x00000000eabffac0,0x00000000ecf80000)
 PSPermGen       total 72704K, used 71880K [0x00000000d8000000, 0x00000000dc700000, 0x00000000e8000000)
  object space 72704K, 98% used [0x00000000d8000000,0x00000000dc632398,0x00000000dc700000)
}
Event: 3395.363 GC heap before
{Heap before GC invocations=124 (full 46):
 PSYoungGen      total 111104K, used 6186K [0x00000000f8000000, 0x00000000ffd80000, 0x0000000100000000)
  eden space 110080K, 5% used [0x00000000f8000000,0x00000000f860ab18,0x00000000feb80000)
  from space 1024K, 0% used [0x00000000feb80000,0x00000000feb80000,0x00000000fec80000)
  to   space 9216K, 0% used [0x00000000ff480000,0x00000000ff480000,0x00000000ffd80000)
 ParOldGen       total 81408K, used 45054K [0x00000000e8000000, 0x00000000ecf80000, 0x00000000f8000000)
  object space 81408K, 55% used [0x00000000e8000000,0x00000000eabffac0,0x00000000ecf80000)
 PSPermGen       total 72704K, used 72015K [0x00000000d8000000, 0x00000000dc700000, 0x00000000e8000000)
  object space 72704K, 99% used [0x00000000d8000000,0x00000000dc653cc8,0x00000000dc700000)
Event: 3395.373 GC heap after
Heap after GC invocations=124 (full 46):
 PSYoungGen      total 119296K, used 326K [0x00000000f8000000, 0x00000000ffd80000, 0x0000000100000000)
  eden space 110080K, 0% used [0x00000000f8000000,0x00000000f8000000,0x00000000feb80000)
  from space 9216K, 3% used [0x00000000ff480000,0x00000000ff4d18c0,0x00000000ffd80000)
  to   space 9216K, 0% used [0x00000000feb80000,0x00000000feb80000,0x00000000ff480000)
 ParOldGen       total 81408K, used 45054K [0x00000000e8000000, 0x00000000ecf80000, 0x00000000f8000000)
  object space 81408K, 55% used [0x00000000e8000000,0x00000000eabffac0,0x00000000ecf80000)
 PSPermGen       total 72704K, used 72015K [0x00000000d8000000, 0x00000000dc700000, 0x00000000e8000000)
  object space 72704K, 99% used [0x00000000d8000000,0x00000000dc653cc8,0x00000000dc700000)
}
Event: 3395.373 GC heap before
{Heap before GC invocations=125 (full 47):
 PSYoungGen      total 119296K, used 326K [0x00000000f8000000, 0x00000000ffd80000, 0x0000000100000000)
  eden space 110080K, 0% used [0x00000000f8000000,0x00000000f8000000,0x00000000feb80000)
  from space 9216K, 3% used [0x00000000ff480000,0x00000000ff4d18c0,0x00000000ffd80000)
  to   space 9216K, 0% used [0x00000000feb80000,0x00000000feb80000,0x00000000ff480000)
 ParOldGen       total 81408K, used 45054K [0x00000000e8000000, 0x00000000ecf80000, 0x00000000f8000000)
  object space 81408K, 55% used [0x00000000e8000000,0x00000000eabffac0,0x00000000ecf80000)
 PSPermGen       total 72704K, used 72015K [0x00000000d8000000, 0x00000000dc700000, 0x00000000e8000000)
  object space 72704K, 99% used [0x00000000d8000000,0x00000000dc653cc8,0x00000000dc700000)
Event: 3395.830 GC heap after
Heap after GC invocations=125 (full 47):
 PSYoungGen      total 119296K, used 0K [0x00000000f8000000, 0x00000000ffd80000, 0x0000000100000000)
  eden space 110080K, 0% used [0x00000000f8000000,0x00000000f8000000,0x00000000feb80000)
  from space 9216K, 0% used [0x00000000ff480000,0x00000000ff480000,0x00000000ffd80000)
  to   space 9216K, 0% used [0x00000000feb80000,0x00000000feb80000,0x00000000ff480000)
 ParOldGen       total 81408K, used 44972K [0x00000000e8000000, 0x00000000ecf80000, 0x00000000f8000000)
  object space 81408K, 55% used [0x00000000e8000000,0x00000000eabeb3f8,0x00000000ecf80000)
 PSPermGen       total 72704K, used 72015K [0x00000000d8000000, 0x00000000dc700000, 0x00000000e8000000)
  object space 72704K, 99% used [0x00000000d8000000,0x00000000dc653cc8,0x00000000dc700000)
}
Event: 3639.399 GC heap before
{Heap before GC invocations=126 (full 47):
 PSYoungGen      total 119296K, used 110080K [0x00000000f8000000, 0x00000000ffd80000, 0x0000000100000000)
  eden space 110080K, 100% used [0x00000000f8000000,0x00000000feb80000,0x00000000feb80000)
  from space 9216K, 0% used [0x00000000ff480000,0x00000000ff480000,0x00000000ffd80000)
  to   space 9216K, 0% used [0x00000000feb80000,0x00000000feb80000,0x00000000ff480000)
 ParOldGen       total 81408K, used 44972K [0x00000000e8000000, 0x00000000ecf80000, 0x00000000f8000000)
  object space 81408K, 55% used [0x00000000e8000000,0x00000000eabeb3f8,0x00000000ecf80000)
 PSPermGen       total 72704K, used 72100K [0x00000000d8000000, 0x00000000dc700000, 0x00000000e8000000)
  object space 72704K, 99% used [0x00000000d8000000,0x00000000dc669248,0x00000000dc700000)
Event: 3639.430 GC heap after
Heap after GC invocations=126 (full 47):
 PSYoungGen      total 119296K, used 6131K [0x00000000f8000000, 0x0000000100000000, 0x0000000100000000)
  eden space 110080K, 0% used [0x00000000f8000000,0x00000000f8000000,0x00000000feb80000)
  from space 9216K, 66% used [0x00000000feb80000,0x00000000ff17cfa0,0x00000000ff480000)
  to   space 9728K, 0% used [0x00000000ff680000,0x00000000ff680000,0x0000000100000000)
 ParOldGen       total 81408K, used 44972K [0x00000000e8000000, 0x00000000ecf80000, 0x00000000f8000000)
  object space 81408K, 55% used [0x00000000e8000000,0x00000000eabeb3f8,0x00000000ecf80000)
 PSPermGen       total 72704K, used 72100K [0x00000000d8000000, 0x00000000dc700000, 0x00000000e8000000)
  object space 72704K, 99% used [0x00000000d8000000,0x00000000dc669248,0x00000000dc700000)
}

# JRE version: OpenJDK Runtime Environment (7.0_55-b14) (build 1.7.0_55-b14)
# Java VM: OpenJDK 64-Bit Server VM (24.51-b03 mixed mode linux-amd64 compressed oops)
Heap
 PSYoungGen      total 119296K, used 75554K [0x00000000f8000000, 0x0000000100000000, 0x0000000100000000)
  eden space 110080K, 63% used [0x00000000f8000000,0x00000000fc3cb9a0,0x00000000feb80000)
  from space 9216K, 66% used [0x00000000feb80000,0x00000000ff17cfa0,0x00000000ff480000)
  to   space 9728K, 0% used [0x00000000ff680000,0x00000000ff680000,0x0000000100000000)
 ParOldGen       total 81408K, used 44972K [0x00000000e8000000, 0x00000000ecf80000, 0x00000000f8000000)
  object space 81408K, 55% used [0x00000000e8000000,0x00000000eabeb3f8,0x00000000ecf80000)
 PSPermGen       total 72704K, used 72156K [0x00000000d8000000, 0x00000000dc700000, 0x00000000e8000000)
  object space 72704K, 99% used [0x00000000d8000000,0x00000000dc677090,0x00000000dc700000)
GC Heap History (10 events):
Event: 3324.179 GC heap before
{Heap before GC invocations=122 (full 45):
 PSYoungGen      total 119808K, used 17322K [0x00000000f8000000, 0x00000000ffe80000, 0x0000000100000000)
  eden space 110080K, 15% used [0x00000000f8000000,0x00000000f90ea888,0x00000000feb80000)
  from space 9728K, 0% used [0x00000000ff500000,0x00000000ff500000,0x00000000ffe80000)
  to   space 9728K, 0% used [0x00000000feb80000,0x00000000feb80000,0x00000000ff500000)
 ParOldGen       total 81408K, used 45185K [0x00000000e8000000, 0x00000000ecf80000, 0x00000000f8000000)
  object space 81408K, 55% used [0x00000000e8000000,0x00000000eac206c0,0x00000000ecf80000)
 PSPermGen       total 73216K, used 71880K [0x00000000d8000000, 0x00000000dc780000, 0x00000000e8000000)
  object space 73216K, 98% used [0x00000000d8000000,0x00000000dc6323d8,0x00000000dc780000)
Event: 3324.192 GC heap after
Heap after GC invocations=122 (full 45):
 PSYoungGen      total 111104K, used 912K [0x00000000f8000000, 0x00000000ffd80000, 0x0000000100000000)
  eden space 110080K, 0% used [0x00000000f8000000,0x00000000f8000000,0x00000000feb80000)
  from space 1024K, 89% used [0x00000000feb80000,0x00000000fec64010,0x00000000fec80000)
  to   space 9216K, 0% used [0x00000000ff480000,0x00000000ff480000,0x00000000ffd80000)
 ParOldGen       total 81408K, used 45185K [0x00000000e8000000, 0x00000000ecf80000, 0x00000000f8000000)
  object space 81408K, 55% used [0x00000000e8000000,0x00000000eac206c0,0x00000000ecf80000)
 PSPermGen       total 73216K, used 71880K [0x00000000d8000000, 0x00000000dc780000, 0x00000000e8000000)
  object space 73216K, 98% used [0x00000000d8000000,0x00000000dc6323d8,0x00000000dc780000)
}
Event: 3324.192 GC heap before
{Heap before GC invocations=123 (full 46):
 PSYoungGen      total 111104K, used 912K [0x00000000f8000000, 0x00000000ffd80000, 0x0000000100000000)
  eden space 110080K, 0% used [0x00000000f8000000,0x00000000f8000000,0x00000000feb80000)
  from space 1024K, 89% used [0x00000000feb80000,0x00000000fec64010,0x00000000fec80000)
  to   space 9216K, 0% used [0x00000000ff480000,0x00000000ff480000,0x00000000ffd80000)
 ParOldGen       total 81408K, used 45185K [0x00000000e8000000, 0x00000000ecf80000, 0x00000000f8000000)
  object space 81408K, 55% used [0x00000000e8000000,0x00000000eac206c0,0x00000000ecf80000)
 PSPermGen       total 73216K, used 71880K [0x00000000d8000000, 0x00000000dc780000, 0x00000000e8000000)
  object space 73216K, 98% used [0x00000000d8000000,0x00000000dc6323d8,0x00000000dc780000)
Event: 3324.678 GC heap after
Heap after GC invocations=123 (full 46):
 PSYoungGen      total 111104K, used 0K [0x00000000f8000000, 0x00000000ffd80000, 0x0000000100000000)
  eden space 110080K, 0% used [0x00000000f8000000,0x00000000f8000000,0x00000000feb80000)
  from space 1024K, 0% used [0x00000000feb80000,0x00000000feb80000,0x00000000fec80000)
  to   space 9216K, 0% used [0x00000000ff480000,0x00000000ff480000,0x00000000ffd80000)
 ParOldGen       total 81408K, used 45054K [0x00000000e8000000, 0x00000000ecf80000, 0x00000000f8000000)
  object space 81408K, 55% used [0x00000000e8000000,0x00000000eabffac0,0x00000000ecf80000)
 PSPermGen       total 72704K, used 71880K [0x00000000d8000000, 0x00000000dc700000, 0x00000000e8000000)
  object space 72704K, 98% used [0x00000000d8000000,0x00000000dc632398,0x00000000dc700000)
}
Event: 3395.363 GC heap before
{Heap before GC invocations=124 (full 46):
 PSYoungGen      total 111104K, used 6186K [0x00000000f8000000, 0x00000000ffd80000, 0x0000000100000000)
  eden space 110080K, 5% used [0x00000000f8000000,0x00000000f860ab18,0x00000000feb80000)
  from space 1024K, 0% used [0x00000000feb80000,0x00000000feb80000,0x00000000fec80000)
  to   space 9216K, 0% used [0x00000000ff480000,0x00000000ff480000,0x00000000ffd80000)
 ParOldGen       total 81408K, used 45054K [0x00000000e8000000, 0x00000000ecf80000, 0x00000000f8000000)
  object space 81408K, 55% used [0x00000000e8000000,0x00000000eabffac0,0x00000000ecf80000)
 PSPermGen       total 72704K, used 72015K [0x00000000d8000000, 0x00000000dc700000, 0x00000000e8000000)
  object space 72704K, 99% used [0x00000000d8000000,0x00000000dc653cc8,0x00000000dc700000)
Event: 3395.373 GC heap after
Heap after GC invocations=124 (full 46):
 PSYoungGen      total 119296K, used 326K [0x00000000f8000000, 0x00000000ffd80000, 0x0000000100000000)
  eden space 110080K, 0% used [0x00000000f8000000,0x00000000f8000000,0x00000000feb80000)
  from space 9216K, 3% used [0x00000000ff480000,0x00000000ff4d18c0,0x00000000ffd80000)
  to   space 9216K, 0% used [0x00000000feb80000,0x00000000feb80000,0x00000000ff480000)
 ParOldGen       total 81408K, used 45054K [0x00000000e8000000, 0x00000000ecf80000, 0x00000000f8000000)
  object space 81408K, 55% used [0x00000000e8000000,0x00000000eabffac0,0x00000000ecf80000)
 PSPermGen       total 72704K, used 72015K [0x00000000d8000000, 0x00000000dc700000, 0x00000000e8000000)
  object space 72704K, 99% used [0x00000000d8000000,0x00000000dc653cc8,0x00000000dc700000)
}
Event: 3395.373 GC heap before
{Heap before GC invocations=125 (full 47):
 PSYoungGen      total 119296K, used 326K [0x00000000f8000000, 0x00000000ffd80000, 0x0000000100000000)
  eden space 110080K, 0% used [0x00000000f8000000,0x00000000f8000000,0x00000000feb80000)
  from space 9216K, 3% used [0x00000000ff480000,0x00000000ff4d18c0,0x00000000ffd80000)
  to   space 9216K, 0% used [0x00000000feb80000,0x00000000feb80000,0x00000000ff480000)
 ParOldGen       total 81408K, used 45054K [0x00000000e8000000, 0x00000000ecf80000, 0x00000000f8000000)
  object space 81408K, 55% used [0x00000000e8000000,0x00000000eabffac0,0x00000000ecf80000)
 PSPermGen       total 72704K, used 72015K [0x00000000d8000000, 0x00000000dc700000, 0x00000000e8000000)
  object space 72704K, 99% used [0x00000000d8000000,0x00000000dc653cc8,0x00000000dc700000)
Event: 3395.830 GC heap after
Heap after GC invocations=125 (full 47):
 PSYoungGen      total 119296K, used 0K [0x00000000f8000000, 0x00000000ffd80000, 0x0000000100000000)
  eden space 110080K, 0% used [0x00000000f8000000,0x00000000f8000000,0x00000000feb80000)
  from space 9216K, 0% used [0x00000000ff480000,0x00000000ff480000,0x00000000ffd80000)
  to   space 9216K, 0% used [0x00000000feb80000,0x00000000feb80000,0x00000000ff480000)
 ParOldGen       total 81408K, used 44972K [0x00000000e8000000, 0x00000000ecf80000, 0x00000000f8000000)
  object space 81408K, 55% used [0x00000000e8000000,0x00000000eabeb3f8,0x00000000ecf80000)
 PSPermGen       total 72704K, used 72015K [0x00000000d8000000, 0x00000000dc700000, 0x00000000e8000000)
  object space 72704K, 99% used [0x00000000d8000000,0x00000000dc653cc8,0x00000000dc700000)
}
Event: 3639.399 GC heap before
{Heap before GC invocations=126 (full 47):
 PSYoungGen      total 119296K, used 110080K [0x00000000f8000000, 0x00000000ffd80000, 0x0000000100000000)
  eden space 110080K, 100% used [0x00000000f8000000,0x00000000feb80000,0x00000000feb80000)
  from space 9216K, 0% used [0x00000000ff480000,0x00000000ff480000,0x00000000ffd80000)
  to   space 9216K, 0% used [0x00000000feb80000,0x00000000feb80000,0x00000000ff480000)
 ParOldGen       total 81408K, used 44972K [0x00000000e8000000, 0x00000000ecf80000, 0x00000000f8000000)
  object space 81408K, 55% used [0x00000000e8000000,0x00000000eabeb3f8,0x00000000ecf80000)
 PSPermGen       total 72704K, used 72100K [0x00000000d8000000, 0x00000000dc700000, 0x00000000e8000000)
  object space 72704K, 99% used [0x00000000d8000000,0x00000000dc669248,0x00000000dc700000)
Event: 3639.430 GC heap after
Heap after GC invocations=126 (full 47):
 PSYoungGen      total 119296K, used 6131K [0x00000000f8000000, 0x0000000100000000, 0x0000000100000000)
  eden space 110080K, 0% used [0x00000000f8000000,0x00000000f8000000,0x00000000feb80000)
  from space 9216K, 66% used [0x00000000feb80000,0x00000000ff17cfa0,0x00000000ff480000)
  to   space 9728K, 0% used [0x00000000ff680000,0x00000000ff680000,0x0000000100000000)
 ParOldGen       total 81408K, used 44972K [0x00000000e8000000, 0x00000000ecf80000, 0x00000000f8000000)
  object space 81408K, 55% used [0x00000000e8000000,0x00000000eabeb3f8,0x00000000ecf80000)
 PSPermGen       total 72704K, used 72100K [0x00000000d8000000, 0x00000000dc700000, 0x00000000e8000000)
  object space 72704K, 99% used [0x00000000d8000000,0x00000000dc669248,0x00000000dc700000)
}

# JRE version: OpenJDK Runtime Environment (7.0_55-b14) (build 1.7.0_55-b14)
# Java VM: OpenJDK 64-Bit Server VM (24.51-b03 mixed mode linux-amd64 compressed oops)
Heap
 PSYoungGen      total 119296K, used 75554K [0x00000000f8000000, 0x0000000100000000, 0x0000000100000000)
  eden space 110080K, 63% used [0x00000000f8000000,0x00000000fc3cb9a0,0x00000000feb80000)
  from space 9216K, 66% used [0x00000000feb80000,0x00000000ff17cfa0,0x00000000ff480000)
  to   space 9728K, 0% used [0x00000000ff680000,0x00000000ff680000,0x0000000100000000)
 ParOldGen       total 81408K, used 44972K [0x00000000e8000000, 0x00000000ecf80000, 0x00000000f8000000)
  object space 81408K, 55% used [0x00000000e8000000,0x00000000eabeb3f8,0x00000000ecf80000)
 PSPermGen       total 72704K, used 72156K [0x00000000d8000000, 0x00000000dc700000, 0x00000000e8000000)
  object space 72704K, 99% used [0x00000000d8000000,0x00000000dc677090,0x00000000dc700000)
GC Heap History (10 events):
Event: 3324.179 GC heap before
{Heap before GC invocations=122 (full 45):
 PSYoungGen      total 119808K, used 17322K [0x00000000f8000000, 0x00000000ffe80000, 0x0000000100000000)
  eden space 110080K, 15% used [0x00000000f8000000,0x00000000f90ea888,0x00000000feb80000)
  from space 9728K, 0% used [0x00000000ff500000,0x00000000ff500000,0x00000000ffe80000)
  to   space 9728K, 0% used [0x00000000feb80000,0x00000000feb80000,0x00000000ff500000)
 ParOldGen       total 81408K, used 45185K [0x00000000e8000000, 0x00000000ecf80000, 0x00000000f8000000)
  object space 81408K, 55% used [0x00000000e8000000,0x00000000eac206c0,0x00000000ecf80000)
 PSPermGen       total 73216K, used 71880K [0x00000000d8000000, 0x00000000dc780000, 0x00000000e8000000)
  object space 73216K, 98% used [0x00000000d8000000,0x00000000dc6323d8,0x00000000dc780000)
Event: 3324.192 GC heap after
Heap after GC invocations=122 (full 45):
 PSYoungGen      total 111104K, used 912K [0x00000000f8000000, 0x00000000ffd80000, 0x0000000100000000)
  eden space 110080K, 0% used [0x00000000f8000000,0x00000000f8000000,0x00000000feb80000)
  from space 1024K, 89% used [0x00000000feb80000,0x00000000fec64010,0x00000000fec80000)
  to   space 9216K, 0% used [0x00000000ff480000,0x00000000ff480000,0x00000000ffd80000)
 ParOldGen       total 81408K, used 45185K [0x00000000e8000000, 0x00000000ecf80000, 0x00000000f8000000)
  object space 81408K, 55% used [0x00000000e8000000,0x00000000eac206c0,0x00000000ecf80000)
 PSPermGen       total 73216K, used 71880K [0x00000000d8000000, 0x00000000dc780000, 0x00000000e8000000)
  object space 73216K, 98% used [0x00000000d8000000,0x00000000dc6323d8,0x00000000dc780000)
}
Event: 3324.192 GC heap before
{Heap before GC invocations=123 (full 46):
 PSYoungGen      total 111104K, used 912K [0x00000000f8000000, 0x00000000ffd80000, 0x0000000100000000)
  eden space 110080K, 0% used [0x00000000f8000000,0x00000000f8000000,0x00000000feb80000)
  from space 1024K, 89% used [0x00000000feb80000,0x00000000fec64010,0x00000000fec80000)
  to   space 9216K, 0% used [0x00000000ff480000,0x00000000ff480000,0x00000000ffd80000)
 ParOldGen       total 81408K, used 45185K [0x00000000e8000000, 0x00000000ecf80000, 0x00000000f8000000)
  object space 81408K, 55% used [0x00000000e8000000,0x00000000eac206c0,0x00000000ecf80000)
 PSPermGen       total 73216K, used 71880K [0x00000000d8000000, 0x00000000dc780000, 0x00000000e8000000)
  object space 73216K, 98% used [0x00000000d8000000,0x00000000dc6323d8,0x00000000dc780000)
Event: 3324.678 GC heap after
Heap after GC invocations=123 (full 46):
 PSYoungGen      total 111104K, used 0K [0x00000000f8000000, 0x00000000ffd80000, 0x0000000100000000)
  eden space 110080K, 0% used [0x00000000f8000000,0x00000000f8000000,0x00000000feb80000)
  from space 1024K, 0% used [0x00000000feb80000,0x00000000feb80000,0x00000000fec80000)
  to   space 9216K, 0% used [0x00000000ff480000,0x00000000ff480000,0x00000000ffd80000)
 ParOldGen       total 81408K, used 45054K [0x00000000e8000000, 0x00000000ecf80000, 0x00000000f8000000)
  object space 81408K, 55% used [0x00000000e8000000,0x00000000eabffac0,0x00000000ecf80000)
 PSPermGen       total 72704K, used 71880K [0x00000000d8000000, 0x00000000dc700000, 0x00000000e8000000)
  object space 72704K, 98% used [0x00000000d8000000,0x00000000dc632398,0x00000000dc700000)
}
Event: 3395.363 GC heap before
{Heap before GC invocations=124 (full 46):
 PSYoungGen      total 111104K, used 6186K [0x00000000f8000000, 0x00000000ffd80000, 0x0000000100000000)
  eden space 110080K, 5% used [0x00000000f8000000,0x00000000f860ab18,0x00000000feb80000)
  from space 1024K, 0% used [0x00000000feb80000,0x00000000feb80000,0x00000000fec80000)
  to   space 9216K, 0% used [0x00000000ff480000,0x00000000ff480000,0x00000000ffd80000)
 ParOldGen       total 81408K, used 45054K [0x00000000e8000000, 0x00000000ecf80000, 0x00000000f8000000)
  object space 81408K, 55% used [0x00000000e8000000,0x00000000eabffac0,0x00000000ecf80000)
 PSPermGen       total 72704K, used 72015K [0x00000000d8000000, 0x00000000dc700000, 0x00000000e8000000)
  object space 72704K, 99% used [0x00000000d8000000,0x00000000dc653cc8,0x00000000dc700000)
Event: 3395.373 GC heap after
Heap after GC invocations=124 (full 46):
 PSYoungGen      total 119296K, used 326K [0x00000000f8000000, 0x00000000ffd80000, 0x0000000100000000)
  eden space 110080K, 0% used [0x00000000f8000000,0x00000000f8000000,0x00000000feb80000)
  from space 9216K, 3% used [0x00000000ff480000,0x00000000ff4d18c0,0x00000000ffd80000)
  to   space 9216K, 0% used [0x00000000feb80000,0x00000000feb80000,0x00000000ff480000)
 ParOldGen       total 81408K, used 45054K [0x00000000e8000000, 0x00000000ecf80000, 0x00000000f8000000)
  object space 81408K, 55% used [0x00000000e8000000,0x00000000eabffac0,0x00000000ecf80000)
 PSPermGen       total 72704K, used 72015K [0x00000000d8000000, 0x00000000dc700000, 0x00000000e8000000)
  object space 72704K, 99% used [0x00000000d8000000,0x00000000dc653cc8,0x00000000dc700000)
}
Event: 3395.373 GC heap before
{Heap before GC invocations=125 (full 47):
 PSYoungGen      total 119296K, used 326K [0x00000000f8000000, 0x00000000ffd80000, 0x0000000100000000)
  eden space 110080K, 0% used [0x00000000f8000000,0x00000000f8000000,0x00000000feb80000)
  from space 9216K, 3% used [0x00000000ff480000,0x00000000ff4d18c0,0x00000000ffd80000)
  to   space 9216K, 0% used [0x00000000feb80000,0x00000000feb80000,0x00000000ff480000)
 ParOldGen       total 81408K, used 45054K [0x00000000e8000000, 0x00000000ecf80000, 0x00000000f8000000)
  object space 81408K, 55% used [0x00000000e8000000,0x00000000eabffac0,0x00000000ecf80000)
 PSPermGen       total 72704K, used 72015K [0x00000000d8000000, 0x00000000dc700000, 0x00000000e8000000)
  object space 72704K, 99% used [0x00000000d8000000,0x00000000dc653cc8,0x00000000dc700000)
Event: 3395.830 GC heap after
Heap after GC invocations=125 (full 47):
 PSYoungGen      total 119296K, used 0K [0x00000000f8000000, 0x00000000ffd80000, 0x0000000100000000)
  eden space 110080K, 0% used [0x00000000f8000000,0x00000000f8000000,0x00000000feb80000)
  from space 9216K, 0% used [0x00000000ff480000,0x00000000ff480000,0x00000000ffd80000)
  to   space 9216K, 0% used [0x00000000feb80000,0x00000000feb80000,0x00000000ff480000)
 ParOldGen       total 81408K, used 44972K [0x00000000e8000000, 0x00000000ecf80000, 0x00000000f8000000)
  object space 81408K, 55% used [0x00000000e8000000,0x00000000eabeb3f8,0x00000000ecf80000)
 PSPermGen       total 72704K, used 72015K [0x00000000d8000000, 0x00000000dc700000, 0x00000000e8000000)
  object space 72704K, 99% used [0x00000000d8000000,0x00000000dc653cc8,0x00000000dc700000)
}
Event: 3639.399 GC heap before
{Heap before GC invocations=126 (full 47):
 PSYoungGen      total 119296K, used 110080K [0x00000000f8000000, 0x00000000ffd80000, 0x0000000100000000)
  eden space 110080K, 100% used [0x00000000f8000000,0x00000000feb80000,0x00000000feb80000)
  from space 9216K, 0% used [0x00000000ff480000,0x00000000ff480000,0x00000000ffd80000)
  to   space 9216K, 0% used [0x00000000feb80000,0x00000000feb80000,0x00000000ff480000)
 ParOldGen       total 81408K, used 44972K [0x00000000e8000000, 0x00000000ecf80000, 0x00000000f8000000)
  object space 81408K, 55% used [0x00000000e8000000,0x00000000eabeb3f8,0x00000000ecf80000)
 PSPermGen       total 72704K, used 72100K [0x00000000d8000000, 0x00000000dc700000, 0x00000000e8000000)
  object space 72704K, 99% used [0x00000000d8000000,0x00000000dc669248,0x00000000dc700000)
Event: 3639.430 GC heap after
Heap after GC invocations=126 (full 47):
 PSYoungGen      total 119296K, used 6131K [0x00000000f8000000, 0x0000000100000000, 0x0000000100000000)
  eden space 110080K, 0% used [0x00000000f8000000,0x00000000f8000000,0x00000000feb80000)
  from space 9216K, 66% used [0x00000000feb80000,0x00000000ff17cfa0,0x00000000ff480000)
  to   space 9728K, 0% used [0x00000000ff680000,0x00000000ff680000,0x0000000100000000)
 ParOldGen       total 81408K, used 44972K [0x00000000e8000000, 0x00000000ecf80000, 0x00000000f8000000)
  object space 81408K, 55% used [0x00000000e8000000,0x00000000eabeb3f8,0x00000000ecf80000)
 PSPermGen       total 72704K, used 72100K [0x00000000d8000000, 0x00000000dc700000, 0x00000000e8000000)
  object space 72704K, 99% used [0x00000000d8000000,0x00000000dc669248,0x00000000dc700000)
}

# JRE version: OpenJDK Runtime Environment (7.0_55-b14) (build 1.7.0_55-b14)
# Java VM: OpenJDK 64-Bit Server VM (24.51-b03 mixed mode linux-amd64 compressed oops)
Heap
 PSYoungGen      total 119296K, used 75554K [0x00000000f8000000, 0x0000000100000000, 0x0000000100000000)
  eden space 110080K, 63% used [0x00000000f8000000,0x00000000fc3cb9a0,0x00000000feb80000)
  from space 9216K, 66% used [0x00000000feb80000,0x00000000ff17cfa0,0x00000000ff480000)
  to   space 9728K, 0% used [0x00000000ff680000,0x00000000ff680000,0x0000000100000000)
 ParOldGen       total 81408K, used 44972K [0x00000000e8000000, 0x00000000ecf80000, 0x00000000f8000000)
  object space 81408K, 55% used [0x00000000e8000000,0x00000000eabeb3f8,0x00000000ecf80000)
 PSPermGen       total 72704K, used 72156K [0x00000000d8000000, 0x00000000dc700000, 0x00000000e8000000)
  object space 72704K, 99% used [0x00000000d8000000,0x00000000dc677090,0x00000000dc700000)
GC Heap History (10 events):
Event: 3324.179 GC heap before
{Heap before GC invocations=122 (full 45):
 PSYoungGen      total 119808K, used 17322K [0x00000000f8000000, 0x00000000ffe80000, 0x0000000100000000)
  eden space 110080K, 15% used [0x00000000f8000000,0x00000000f90ea888,0x00000000feb80000)
  from space 9728K, 0% used [0x00000000ff500000,0x00000000ff500000,0x00000000ffe80000)
  to   space 9728K, 0% used [0x00000000feb80000,0x00000000feb80000,0x00000000ff500000)
 ParOldGen       total 81408K, used 45185K [0x00000000e8000000, 0x00000000ecf80000, 0x00000000f8000000)
  object space 81408K, 55% used [0x00000000e8000000,0x00000000eac206c0,0x00000000ecf80000)
 PSPermGen       total 73216K, used 71880K [0x00000000d8000000, 0x00000000dc780000, 0x00000000e8000000)
  object space 73216K, 98% used [0x00000000d8000000,0x00000000dc6323d8,0x00000000dc780000)
Event: 3324.192 GC heap after
Heap after GC invocations=122 (full 45):
 PSYoungGen      total 111104K, used 912K [0x00000000f8000000, 0x00000000ffd80000, 0x0000000100000000)
  eden space 110080K, 0% used [0x00000000f8000000,0x00000000f8000000,0x00000000feb80000)
  from space 1024K, 89% used [0x00000000feb80000,0x00000000fec64010,0x00000000fec80000)
  to   space 9216K, 0% used [0x00000000ff480000,0x00000000ff480000,0x00000000ffd80000)
 ParOldGen       total 81408K, used 45185K [0x00000000e8000000, 0x00000000ecf80000, 0x00000000f8000000)
  object space 81408K, 55% used [0x00000000e8000000,0x00000000eac206c0,0x00000000ecf80000)
 PSPermGen       total 73216K, used 71880K [0x00000000d8000000, 0x00000000dc780000, 0x00000000e8000000)
  object space 73216K, 98% used [0x00000000d8000000,0x00000000dc6323d8,0x00000000dc780000)
}
Event: 3324.192 GC heap before
{Heap before GC invocations=123 (full 46):
 PSYoungGen      total 111104K, used 912K [0x00000000f8000000, 0x00000000ffd80000, 0x0000000100000000)
  eden space 110080K, 0% used [0x00000000f8000000,0x00000000f8000000,0x00000000feb80000)
  from space 1024K, 89% used [0x00000000feb80000,0x00000000fec64010,0x00000000fec80000)
  to   space 9216K, 0% used [0x00000000ff480000,0x00000000ff480000,0x00000000ffd80000)
 ParOldGen       total 81408K, used 45185K [0x00000000e8000000, 0x00000000ecf80000, 0x00000000f8000000)
  object space 81408K, 55% used [0x00000000e8000000,0x00000000eac206c0,0x00000000ecf80000)
 PSPermGen       total 73216K, used 71880K [0x00000000d8000000, 0x00000000dc780000, 0x00000000e8000000)
  object space 73216K, 98% used [0x00000000d8000000,0x00000000dc6323d8,0x00000000dc780000)
Event: 3324.678 GC heap after
Heap after GC invocations=123 (full 46):
 PSYoungGen      total 111104K, used 0K [0x00000000f8000000, 0x00000000ffd80000, 0x0000000100000000)
  eden space 110080K, 0% used [0x00000000f8000000,0x00000000f8000000,0x00000000feb80000)
  from space 1024K, 0% used [0x00000000feb80000,0x00000000feb80000,0x00000000fec80000)
  to   space 9216K, 0% used [0x00000000ff480000,0x00000000ff480000,0x00000000ffd80000)
 ParOldGen       total 81408K, used 45054K [0x00000000e8000000, 0x00000000ecf80000, 0x00000000f8000000)
  object space 81408K, 55% used [0x00000000e8000000,0x00000000eabffac0,0x00000000ecf80000)
 PSPermGen       total 72704K, used 71880K [0x00000000d8000000, 0x00000000dc700000, 0x00000000e8000000)
  object space 72704K, 98% used [0x00000000d8000000,0x00000000dc632398,0x00000000dc700000)
}
Event: 3395.363 GC heap before
{Heap before GC invocations=124 (full 46):
 PSYoungGen      total 111104K, used 6186K [0x00000000f8000000, 0x00000000ffd80000, 0x0000000100000000)
  eden space 110080K, 5% used [0x00000000f8000000,0x00000000f860ab18,0x00000000feb80000)
  from space 1024K, 0% used [0x00000000feb80000,0x00000000feb80000,0x00000000fec80000)
  to   space 9216K, 0% used [0x00000000ff480000,0x00000000ff480000,0x00000000ffd80000)
 ParOldGen       total 81408K, used 45054K [0x00000000e8000000, 0x00000000ecf80000, 0x00000000f8000000)
  object space 81408K, 55% used [0x00000000e8000000,0x00000000eabffac0,0x00000000ecf80000)
 PSPermGen       total 72704K, used 72015K [0x00000000d8000000, 0x00000000dc700000, 0x00000000e8000000)
  object space 72704K, 99% used [0x00000000d8000000,0x00000000dc653cc8,0x00000000dc700000)
Event: 3395.373 GC heap after
Heap after GC invocations=124 (full 46):
 PSYoungGen      total 119296K, used 326K [0x00000000f8000000, 0x00000000ffd80000, 0x0000000100000000)
  eden space 110080K, 0% used [0x00000000f8000000,0x00000000f8000000,0x00000000feb80000)
  from space 9216K, 3% used [0x00000000ff480000,0x00000000ff4d18c0,0x00000000ffd80000)
  to   space 9216K, 0% used [0x00000000feb80000,0x00000000feb80000,0x00000000ff480000)
 ParOldGen       total 81408K, used 45054K [0x00000000e8000000, 0x00000000ecf80000, 0x00000000f8000000)
  object space 81408K, 55% used [0x00000000e8000000,0x00000000eabffac0,0x00000000ecf80000)
 PSPermGen       total 72704K, used 72015K [0x00000000d8000000, 0x00000000dc700000, 0x00000000e8000000)
  object space 72704K, 99% used [0x00000000d8000000,0x00000000dc653cc8,0x00000000dc700000)
}
Event: 3395.373 GC heap before
{Heap before GC invocations=125 (full 47):
 PSYoungGen      total 119296K, used 326K [0x00000000f8000000, 0x00000000ffd80000, 0x0000000100000000)
  eden space 110080K, 0% used [0x00000000f8000000,0x00000000f8000000,0x00000000feb80000)
  from space 9216K, 3% used [0x00000000ff480000,0x00000000ff4d18c0,0x00000000ffd80000)
  to   space 9216K, 0% used [0x00000000feb80000,0x00000000feb80000,0x00000000ff480000)
 ParOldGen       total 81408K, used 45054K [0x00000000e8000000, 0x00000000ecf80000, 0x00000000f8000000)
  object space 81408K, 55% used [0x00000000e8000000,0x00000000eabffac0,0x00000000ecf80000)
 PSPermGen       total 72704K, used 72015K [0x00000000d8000000, 0x00000000dc700000, 0x00000000e8000000)
  object space 72704K, 99% used [0x00000000d8000000,0x00000000dc653cc8,0x00000000dc700000)
Event: 3395.830 GC heap after
Heap after GC invocations=125 (full 47):
 PSYoungGen      total 119296K, used 0K [0x00000000f8000000, 0x00000000ffd80000, 0x0000000100000000)
  eden space 110080K, 0% used [0x00000000f8000000,0x00000000f8000000,0x00000000feb80000)
  from space 9216K, 0% used [0x00000000ff480000,0x00000000ff480000,0x00000000ffd80000)
  to   space 9216K, 0% used [0x00000000feb80000,0x00000000feb80000,0x00000000ff480000)
 ParOldGen       total 81408K, used 44972K [0x00000000e8000000, 0x00000000ecf80000, 0x00000000f8000000)
  object space 81408K, 55% used [0x00000000e8000000,0x00000000eabeb3f8,0x00000000ecf80000)
 PSPermGen       total 72704K, used 72015K [0x00000000d8000000, 0x00000000dc700000, 0x00000000e8000000)
  object space 72704K, 99% used [0x00000000d8000000,0x00000000dc653cc8,0x00000000dc700000)
}
Event: 3639.399 GC heap before
{Heap before GC invocations=126 (full 47):
 PSYoungGen      total 119296K, used 110080K [0x00000000f8000000, 0x00000000ffd80000, 0x0000000100000000)
  eden space 110080K, 100% used [0x00000000f8000000,0x00000000feb80000,0x00000000feb80000)
  from space 9216K, 0% used [0x00000000ff480000,0x00000000ff480000,0x00000000ffd80000)
  to   space 9216K, 0% used [0x00000000feb80000,0x00000000feb80000,0x00000000ff480000)
 ParOldGen       total 81408K, used 44972K [0x00000000e8000000, 0x00000000ecf80000, 0x00000000f8000000)
  object space 81408K, 55% used [0x00000000e8000000,0x00000000eabeb3f8,0x00000000ecf80000)
 PSPermGen       total 72704K, used 72100K [0x00000000d8000000, 0x00000000dc700000, 0x00000000e8000000)
  object space 72704K, 99% used [0x00000000d8000000,0x00000000dc669248,0x00000000dc700000)
Event: 3639.430 GC heap after
Heap after GC invocations=126 (full 47):
 PSYoungGen      total 119296K, used 6131K [0x00000000f8000000, 0x0000000100000000, 0x0000000100000000)
  eden space 110080K, 0% used [0x00000000f8000000,0x00000000f8000000,0x00000000feb80000)
  from space 9216K, 66% used [0x00000000feb80000,0x00000000ff17cfa0,0x00000000ff480000)
  to   space 9728K, 0% used [0x00000000ff680000,0x00000000ff680000,0x0000000100000000)
 ParOldGen       total 81408K, used 44972K [0x00000000e8000000, 0x00000000ecf80000, 0x00000000f8000000)
  object space 81408K, 55% used [0x00000000e8000000,0x00000000eabeb3f8,0x00000000ecf80000)
 PSPermGen       total 72704K, used 72100K [0x00000000d8000000, 0x00000000dc700000, 0x00000000e8000000)
  object space 72704K, 99% used [0x00000000d8000000,0x00000000dc669248,0x00000000dc700000)
}

# JRE version: OpenJDK Runtime Environment (7.0_55-b14) (build 1.7.0_55-b14)
# Java VM: OpenJDK 64-Bit Server VM (24.51-b03 mixed mode linux-amd64 compressed oops)
Heap
 PSYoungGen      total 119296K, used 75554K [0x00000000f8000000, 0x0000000100000000, 0x0000000100000000)
  eden space 110080K, 63% used [0x00000000f8000000,0x00000000fc3cb9a0,0x00000000feb80000)
  from space 9216K, 66% used [0x00000000feb80000,0x00000000ff17cfa0,0x00000000ff480000)
  to   space 9728K, 0% used [0x00000000ff680000,0x00000000ff680000,0x0000000100000000)
 ParOldGen       total 81408K, used 44972K [0x00000000e8000000, 0x00000000ecf80000, 0x00000000f8000000)
  object space 81408K, 55% used [0x00000000e8000000,0x00000000eabeb3f8,0x00000000ecf80000)
 PSPermGen       total 72704K, used 72156K [0x00000000d8000000, 0x00000000dc700000, 0x00000000e8000000)
  object space 72704K, 99% used [0x00000000d8000000,0x00000000dc677090,0x00000000dc700000)
GC Heap History (10 events):
Event: 3324.179 GC heap before
{Heap before GC invocations=122 (full 45):
 PSYoungGen      total 119808K, used 17322K [0x00000000f8000000, 0x00000000ffe80000, 0x0000000100000000)
  eden space 110080K, 15% used [0x00000000f8000000,0x00000000f90ea888,0x00000000feb80000)
  from space 9728K, 0% used [0x00000000ff500000,0x00000000ff500000,0x00000000ffe80000)
  to   space 9728K, 0% used [0x00000000feb80000,0x00000000feb80000,0x00000000ff500000)
 ParOldGen       total 81408K, used 45185K [0x00000000e8000000, 0x00000000ecf80000, 0x00000000f8000000)
  object space 81408K, 55% used [0x00000000e8000000,0x00000000eac206c0,0x00000000ecf80000)
 PSPermGen       total 73216K, used 71880K [0x00000000d8000000, 0x00000000dc780000, 0x00000000e8000000)
  object space 73216K, 98% used [0x00000000d8000000,0x00000000dc6323d8,0x00000000dc780000)
Event: 3324.192 GC heap after
Heap after GC invocations=122 (full 45):
 PSYoungGen      total 111104K, used 912K [0x00000000f8000000, 0x00000000ffd80000, 0x0000000100000000)
  eden space 110080K, 0% used [0x00000000f8000000,0x00000000f8000000,0x00000000feb80000)
  from space 1024K, 89% used [0x00000000feb80000,0x00000000fec64010,0x00000000fec80000)
  to   space 9216K, 0% used [0x00000000ff480000,0x00000000ff480000,0x00000000ffd80000)
 ParOldGen       total 81408K, used 45185K [0x00000000e8000000, 0x00000000ecf80000, 0x00000000f8000000)
  object space 81408K, 55% used [0x00000000e8000000,0x00000000eac206c0,0x00000000ecf80000)
 PSPermGen       total 73216K, used 71880K [0x00000000d8000000, 0x00000000dc780000, 0x00000000e8000000)
  object space 73216K, 98% used [0x00000000d8000000,0x00000000dc6323d8,0x00000000dc780000)
}
Event: 3324.192 GC heap before
{Heap before GC invocations=123 (full 46):
 PSYoungGen      total 111104K, used 912K [0x00000000f8000000, 0x00000000ffd80000, 0x0000000100000000)
  eden space 110080K, 0% used [0x00000000f8000000,0x00000000f8000000,0x00000000feb80000)
  from space 1024K, 89% used [0x00000000feb80000,0x00000000fec64010,0x00000000fec80000)
  to   space 9216K, 0% used [0x00000000ff480000,0x00000000ff480000,0x00000000ffd80000)
 ParOldGen       total 81408K, used 45185K [0x00000000e8000000, 0x00000000ecf80000, 0x00000000f8000000)
  object space 81408K, 55% used [0x00000000e8000000,0x00000000eac206c0,0x00000000ecf80000)
 PSPermGen       total 73216K, used 71880K [0x00000000d8000000, 0x00000000dc780000, 0x00000000e8000000)
  object space 73216K, 98% used [0x00000000d8000000,0x00000000dc6323d8,0x00000000dc780000)
Event: 3324.678 GC heap after
Heap after GC invocations=123 (full 46):
 PSYoungGen      total 111104K, used 0K [0x00000000f8000000, 0x00000000ffd80000, 0x0000000100000000)
  eden space 110080K, 0% used [0x00000000f8000000,0x00000000f8000000,0x00000000feb80000)
  from space 1024K, 0% used [0x00000000feb80000,0x00000000feb80000,0x00000000fec80000)
  to   space 9216K, 0% used [0x00000000ff480000,0x00000000ff480000,0x00000000ffd80000)
 ParOldGen       total 81408K, used 45054K [0x00000000e8000000, 0x00000000ecf80000, 0x00000000f8000000)
  object space 81408K, 55% used [0x00000000e8000000,0x00000000eabffac0,0x00000000ecf80000)
 PSPermGen       total 72704K, used 71880K [0x00000000d8000000, 0x00000000dc700000, 0x00000000e8000000)
  object space 72704K, 98% used [0x00000000d8000000,0x00000000dc632398,0x00000000dc700000)
}
Event: 3395.363 GC heap before
{Heap before GC invocations=124 (full 46):
 PSYoungGen      total 111104K, used 6186K [0x00000000f8000000, 0x00000000ffd80000, 0x0000000100000000)
  eden space 110080K, 5% used [0x00000000f8000000,0x00000000f860ab18,0x00000000feb80000)
  from space 1024K, 0% used [0x00000000feb80000,0x00000000feb80000,0x00000000fec80000)
  to   space 9216K, 0% used [0x00000000ff480000,0x00000000ff480000,0x00000000ffd80000)
 ParOldGen       total 81408K, used 45054K [0x00000000e8000000, 0x00000000ecf80000, 0x00000000f8000000)
  object space 81408K, 55% used [0x00000000e8000000,0x00000000eabffac0,0x00000000ecf80000)
 PSPermGen       total 72704K, used 72015K [0x00000000d8000000, 0x00000000dc700000, 0x00000000e8000000)
  object space 72704K, 99% used [0x00000000d8000000,0x00000000dc653cc8,0x00000000dc700000)
Event: 3395.373 GC heap after
Heap after GC invocations=124 (full 46):
 PSYoungGen      total 119296K, used 326K [0x00000000f8000000, 0x00000000ffd80000, 0x0000000100000000)
  eden space 110080K, 0% used [0x00000000f8000000,0x00000000f8000000,0x00000000feb80000)
  from space 9216K, 3% used [0x00000000ff480000,0x00000000ff4d18c0,0x00000000ffd80000)
  to   space 9216K, 0% used [0x00000000feb80000,0x00000000feb80000,0x00000000ff480000)
 ParOldGen       total 81408K, used 45054K [0x00000000e8000000, 0x00000000ecf80000, 0x00000000f8000000)
  object space 81408K, 55% used [0x00000000e8000000,0x00000000eabffac0,0x00000000ecf80000)
 PSPermGen       total 72704K, used 72015K [0x00000000d8000000, 0x00000000dc700000, 0x00000000e8000000)
  object space 72704K, 99% used [0x00000000d8000000,0x00000000dc653cc8,0x00000000dc700000)
}
Event: 3395.373 GC heap before
{Heap before GC invocations=125 (full 47):
 PSYoungGen      total 119296K, used 326K [0x00000000f8000000, 0x00000000ffd80000, 0x0000000100000000)
  eden space 110080K, 0% used [0x00000000f8000000,0x00000000f8000000,0x00000000feb80000)
  from space 9216K, 3% used [0x00000000ff480000,0x00000000ff4d18c0,0x00000000ffd80000)
  to   space 9216K, 0% used [0x00000000feb80000,0x00000000feb80000,0x00000000ff480000)
 ParOldGen       total 81408K, used 45054K [0x00000000e8000000, 0x00000000ecf80000, 0x00000000f8000000)
  object space 81408K, 55% used [0x00000000e8000000,0x00000000eabffac0,0x00000000ecf80000)
 PSPermGen       total 72704K, used 72015K [0x00000000d8000000, 0x00000000dc700000, 0x00000000e8000000)
  object space 72704K, 99% used [0x00000000d8000000,0x00000000dc653cc8,0x00000000dc700000)
Event: 3395.830 GC heap after
Heap after GC invocations=125 (full 47):
 PSYoungGen      total 119296K, used 0K [0x00000000f8000000, 0x00000000ffd80000, 0x0000000100000000)
  eden space 110080K, 0% used [0x00000000f8000000,0x00000000f8000000,0x00000000feb80000)
  from space 9216K, 0% used [0x00000000ff480000,0x00000000ff480000,0x00000000ffd80000)
  to   space 9216K, 0% used [0x00000000feb80000,0x00000000feb80000,0x00000000ff480000)
 ParOldGen       total 81408K, used 44972K [0x00000000e8000000, 0x00000000ecf80000, 0x00000000f8000000)
  object space 81408K, 55% used [0x00000000e8000000,0x00000000eabeb3f8,0x00000000ecf80000)
 PSPermGen       total 72704K, used 72015K [0x00000000d8000000, 0x00000000dc700000, 0x00000000e8000000)
  object space 72704K, 99% used [0x00000000d8000000,0x00000000dc653cc8,0x00000000dc700000)
}
Event: 3639.399 GC heap before
{Heap before GC invocations=126 (full 47):
 PSYoungGen      total 119296K, used 110080K [0x00000000f8000000, 0x00000000ffd80000, 0x0000000100000000)
  eden space 110080K, 100% used [0x00000000f8000000,0x00000000feb80000,0x00000000feb80000)
  from space 9216K, 0% used [0x00000000ff480000,0x00000000ff480000,0x00000000ffd80000)
  to   space 9216K, 0% used [0x00000000feb80000,0x00000000feb80000,0x00000000ff480000)
 ParOldGen       total 81408K, used 44972K [0x00000000e8000000, 0x00000000ecf80000, 0x00000000f8000000)
  object space 81408K, 55% used [0x00000000e8000000,0x00000000eabeb3f8,0x00000000ecf80000)
 PSPermGen       total 72704K, used 72100K [0x00000000d8000000, 0x00000000dc700000, 0x00000000e8000000)
  object space 72704K, 99% used [0x00000000d8000000,0x00000000dc669248,0x00000000dc700000)
Event: 3639.430 GC heap after
Heap after GC invocations=126 (full 47):
 PSYoungGen      total 119296K, used 6131K [0x00000000f8000000, 0x0000000100000000, 0x0000000100000000)
  eden space 110080K, 0% used [0x00000000f8000000,0x00000000f8000000,0x00000000feb80000)
  from space 9216K, 66% used [0x00000000feb80000,0x00000000ff17cfa0,0x00000000ff480000)
  to   space 9728K, 0% used [0x00000000ff680000,0x00000000ff680000,0x0000000100000000)
 ParOldGen       total 81408K, used 44972K [0x00000000e8000000, 0x00000000ecf80000, 0x00000000f8000000)
  object space 81408K, 55% used [0x00000000e8000000,0x00000000eabeb3f8,0x00000000ecf80000)
 PSPermGen       total 72704K, used 72100K [0x00000000d8000000, 0x00000000dc700000, 0x00000000e8000000)
  object space 72704K, 99% used [0x00000000d8000000,0x00000000dc669248,0x00000000dc700000)
}

# JRE version: OpenJDK Runtime Environment (7.0_55-b14) (build 1.7.0_55-b14)
# Java VM: OpenJDK 64-Bit Server VM (24.51-b03 mixed mode linux-amd64 compressed oops)
Heap
 PSYoungGen      total 119296K, used 75554K [0x00000000f8000000, 0x0000000100000000, 0x0000000100000000)
  eden space 110080K, 63% used [0x00000000f8000000,0x00000000fc3cb9a0,0x00000000feb80000)
  from space 9216K, 66% used [0x00000000feb80000,0x00000000ff17cfa0,0x00000000ff480000)
  to   space 9728K, 0% used [0x00000000ff680000,0x00000000ff680000,0x0000000100000000)
 ParOldGen       total 81408K, used 44972K [0x00000000e8000000, 0x00000000ecf80000, 0x00000000f8000000)
  object space 81408K, 55% used [0x00000000e8000000,0x00000000eabeb3f8,0x00000000ecf80000)
 PSPermGen       total 72704K, used 72156K [0x00000000d8000000, 0x00000000dc700000, 0x00000000e8000000)
  object space 72704K, 99% used [0x00000000d8000000,0x00000000dc677090,0x00000000dc700000)
GC Heap History (10 events):
Event: 3324.179 GC heap before
{Heap before GC invocations=122 (full 45):
 PSYoungGen      total 119808K, used 17322K [0x00000000f8000000, 0x00000000ffe80000, 0x0000000100000000)
  eden space 110080K, 15% used [0x00000000f8000000,0x00000000f90ea888,0x00000000feb80000)
  from space 9728K, 0% used [0x00000000ff500000,0x00000000ff500000,0x00000000ffe80000)
  to   space 9728K, 0% used [0x00000000feb80000,0x00000000feb80000,0x00000000ff500000)
 ParOldGen       total 81408K, used 45185K [0x00000000e8000000, 0x00000000ecf80000, 0x00000000f8000000)
  object space 81408K, 55% used [0x00000000e8000000,0x00000000eac206c0,0x00000000ecf80000)
 PSPermGen       total 73216K, used 71880K [0x00000000d8000000, 0x00000000dc780000, 0x00000000e8000000)
  object space 73216K, 98% used [0x00000000d8000000,0x00000000dc6323d8,0x00000000dc780000)
Event: 3324.192 GC heap after
Heap after GC invocations=122 (full 45):
 PSYoungGen      total 111104K, used 912K [0x00000000f8000000, 0x00000000ffd80000, 0x0000000100000000)
  eden space 110080K, 0% used [0x00000000f8000000,0x00000000f8000000,0x00000000feb80000)
  from space 1024K, 89% used [0x00000000feb80000,0x00000000fec64010,0x00000000fec80000)
  to   space 9216K, 0% used [0x00000000ff480000,0x00000000ff480000,0x00000000ffd80000)
 ParOldGen       total 81408K, used 45185K [0x00000000e8000000, 0x00000000ecf80000, 0x00000000f8000000)
  object space 81408K, 55% used [0x00000000e8000000,0x00000000eac206c0,0x00000000ecf80000)
 PSPermGen       total 73216K, used 71880K [0x00000000d8000000, 0x00000000dc780000, 0x00000000e8000000)
  object space 73216K, 98% used [0x00000000d8000000,0x00000000dc6323d8,0x00000000dc780000)
}
Event: 3324.192 GC heap before
{Heap before GC invocations=123 (full 46):
 PSYoungGen      total 111104K, used 912K [0x00000000f8000000, 0x00000000ffd80000, 0x0000000100000000)
  eden space 110080K, 0% used [0x00000000f8000000,0x00000000f8000000,0x00000000feb80000)
  from space 1024K, 89% used [0x00000000feb80000,0x00000000fec64010,0x00000000fec80000)
  to   space 9216K, 0% used [0x00000000ff480000,0x00000000ff480000,0x00000000ffd80000)
 ParOldGen       total 81408K, used 45185K [0x00000000e8000000, 0x00000000ecf80000, 0x00000000f8000000)
  object space 81408K, 55% used [0x00000000e8000000,0x00000000eac206c0,0x00000000ecf80000)
 PSPermGen       total 73216K, used 71880K [0x00000000d8000000, 0x00000000dc780000, 0x00000000e8000000)
  object space 73216K, 98% used [0x00000000d8000000,0x00000000dc6323d8,0x00000000dc780000)
Event: 3324.678 GC heap after
Heap after GC invocations=123 (full 46):
 PSYoungGen      total 111104K, used 0K [0x00000000f8000000, 0x00000000ffd80000, 0x0000000100000000)
  eden space 110080K, 0% used [0x00000000f8000000,0x00000000f8000000,0x00000000feb80000)
  from space 1024K, 0% used [0x00000000feb80000,0x00000000feb80000,0x00000000fec80000)
  to   space 9216K, 0% used [0x00000000ff480000,0x00000000ff480000,0x00000000ffd80000)
 ParOldGen       total 81408K, used 45054K [0x00000000e8000000, 0x00000000ecf80000, 0x00000000f8000000)
  object space 81408K, 55% used [0x00000000e8000000,0x00000000eabffac0,0x00000000ecf80000)
 PSPermGen       total 72704K, used 71880K [0x00000000d8000000, 0x00000000dc700000, 0x00000000e8000000)
  object space 72704K, 98% used [0x00000000d8000000,0x00000000dc632398,0x00000000dc700000)
}
Event: 3395.363 GC heap before
{Heap before GC invocations=124 (full 46):
 PSYoungGen      total 111104K, used 6186K [0x00000000f8000000, 0x00000000ffd80000, 0x0000000100000000)
  eden space 110080K, 5% used [0x00000000f8000000,0x00000000f860ab18,0x00000000feb80000)
  from space 1024K, 0% used [0x00000000feb80000,0x00000000feb80000,0x00000000fec80000)
  to   space 9216K, 0% used [0x00000000ff480000,0x00000000ff480000,0x00000000ffd80000)
 ParOldGen       total 81408K, used 45054K [0x00000000e8000000, 0x00000000ecf80000, 0x00000000f8000000)
  object space 81408K, 55% used [0x00000000e8000000,0x00000000eabffac0,0x00000000ecf80000)
 PSPermGen       total 72704K, used 72015K [0x00000000d8000000, 0x00000000dc700000, 0x00000000e8000000)
  object space 72704K, 99% used [0x00000000d8000000,0x00000000dc653cc8,0x00000000dc700000)
Event: 3395.373 GC heap after
Heap after GC invocations=124 (full 46):
 PSYoungGen      total 119296K, used 326K [0x00000000f8000000, 0x00000000ffd80000, 0x0000000100000000)
  eden space 110080K, 0% used [0x00000000f8000000,0x00000000f8000000,0x00000000feb80000)
  from space 9216K, 3% used [0x00000000ff480000,0x00000000ff4d18c0,0x00000000ffd80000)
  to   space 9216K, 0% used [0x00000000feb80000,0x00000000feb80000,0x00000000ff480000)
 ParOldGen       total 81408K, used 45054K [0x00000000e8000000, 0x00000000ecf80000, 0x00000000f8000000)
  object space 81408K, 55% used [0x00000000e8000000,0x00000000eabffac0,0x00000000ecf80000)
 PSPermGen       total 72704K, used 72015K [0x00000000d8000000, 0x00000000dc700000, 0x00000000e8000000)
  object space 72704K, 99% used [0x00000000d8000000,0x00000000dc653cc8,0x00000000dc700000)
}
Event: 3395.373 GC heap before
{Heap before GC invocations=125 (full 47):
 PSYoungGen      total 119296K, used 326K [0x00000000f8000000, 0x00000000ffd80000, 0x0000000100000000)
  eden space 110080K, 0% used [0x00000000f8000000,0x00000000f8000000,0x00000000feb80000)
  from space 9216K, 3% used [0x00000000ff480000,0x00000000ff4d18c0,0x00000000ffd80000)
  to   space 9216K, 0% used [0x00000000feb80000,0x00000000feb80000,0x00000000ff480000)
 ParOldGen       total 81408K, used 45054K [0x00000000e8000000, 0x00000000ecf80000, 0x00000000f8000000)
  object space 81408K, 55% used [0x00000000e8000000,0x00000000eabffac0,0x00000000ecf80000)
 PSPermGen       total 72704K, used 72015K [0x00000000d8000000, 0x00000000dc700000, 0x00000000e8000000)
  object space 72704K, 99% used [0x00000000d8000000,0x00000000dc653cc8,0x00000000dc700000)
Event: 3395.830 GC heap after
Heap after GC invocations=125 (full 47):
 PSYoungGen      total 119296K, used 0K [0x00000000f8000000, 0x00000000ffd80000, 0x0000000100000000)
  eden space 110080K, 0% used [0x00000000f8000000,0x00000000f8000000,0x00000000feb80000)
  from space 9216K, 0% used [0x00000000ff480000,0x00000000ff480000,0x00000000ffd80000)
  to   space 9216K, 0% used [0x00000000feb80000,0x00000000feb80000,0x00000000ff480000)
 ParOldGen       total 81408K, used 44972K [0x00000000e8000000, 0x00000000ecf80000, 0x00000000f8000000)
  object space 81408K, 55% used [0x00000000e8000000,0x00000000eabeb3f8,0x00000000ecf80000)
 PSPermGen       total 72704K, used 72015K [0x00000000d8000000, 0x00000000dc700000, 0x00000000e8000000)
  object space 72704K, 99% used [0x00000000d8000000,0x00000000dc653cc8,0x00000000dc700000)
}
Event: 3639.399 GC heap before
{Heap before GC invocations=126 (full 47):
 PSYoungGen      total 119296K, used 110080K [0x00000000f8000000, 0x00000000ffd80000, 0x0000000100000000)
  eden space 110080K, 100% used [0x00000000f8000000,0x00000000feb80000,0x00000000feb80000)
  from space 9216K, 0% used [0x00000000ff480000,0x00000000ff480000,0x00000000ffd80000)
  to   space 9216K, 0% used [0x00000000feb80000,0x00000000feb80000,0x00000000ff480000)
 ParOldGen       total 81408K, used 44972K [0x00000000e8000000, 0x00000000ecf80000, 0x00000000f8000000)
  object space 81408K, 55% used [0x00000000e8000000,0x00000000eabeb3f8,0x00000000ecf80000)
 PSPermGen       total 72704K, used 72100K [0x00000000d8000000, 0x00000000dc700000, 0x00000000e8000000)
  object space 72704K, 99% used [0x00000000d8000000,0x00000000dc669248,0x00000000dc700000)
Event: 3639.430 GC heap after
Heap after GC invocations=126 (full 47):
 PSYoungGen      total 119296K, used 6131K [0x00000000f8000000, 0x0000000100000000, 0x0000000100000000)
  eden space 110080K, 0% used [0x00000000f8000000,0x00000000f8000000,0x00000000feb80000)
  from space 9216K, 66% used [0x00000000feb80000,0x00000000ff17cfa0,0x00000000ff480000)
  to   space 9728K, 0% used [0x00000000ff680000,0x00000000ff680000,0x0000000100000000)
 ParOldGen       total 81408K, used 44972K [0x00000000e8000000, 0x00000000ecf80000, 0x00000000f8000000)
  object space 81408K, 55% used [0x00000000e8000000,0x00000000eabeb3f8,0x00000000ecf80000)
 PSPermGen       total 72704K, used 72100K [0x00000000d8000000, 0x00000000dc700000, 0x00000000e8000000)
  object space 72704K, 99% used [0x00000000d8000000,0x00000000dc669248,0x00000000dc700000)
}

# JRE version: OpenJDK Runtime Environment (7.0_55-b14) (build 1.7.0_55-b14)
# Java VM: OpenJDK 64-Bit Server VM (24.51-b03 mixed mode linux-amd64 compressed oops)
Heap
 PSYoungGen      total 119296K, used 75554K [0x00000000f8000000, 0x0000000100000000, 0x0000000100000000)
  eden space 110080K, 63% used [0x00000000f8000000,0x00000000fc3cb9a0,0x00000000feb80000)
  from space 9216K, 66% used [0x00000000feb80000,0x00000000ff17cfa0,0x00000000ff480000)
  to   space 9728K, 0% used [0x00000000ff680000,0x00000000ff680000,0x0000000100000000)
 ParOldGen       total 81408K, used 44972K [0x00000000e8000000, 0x00000000ecf80000, 0x00000000f8000000)
  object space 81408K, 55% used [0x00000000e8000000,0x00000000eabeb3f8,0x00000000ecf80000)
 PSPermGen       total 72704K, used 72156K [0x00000000d8000000, 0x00000000dc700000, 0x00000000e8000000)
  object space 72704K, 99% used [0x00000000d8000000,0x00000000dc677090,0x00000000dc700000)
GC Heap History (10 events):
Event: 3324.179 GC heap before
{Heap before GC invocations=122 (full 45):
 PSYoungGen      total 119808K, used 17322K [0x00000000f8000000, 0x00000000ffe80000, 0x0000000100000000)
  eden space 110080K, 15% used [0x00000000f8000000,0x00000000f90ea888,0x00000000feb80000)
  from space 9728K, 0% used [0x00000000ff500000,0x00000000ff500000,0x00000000ffe80000)
  to   space 9728K, 0% used [0x00000000feb80000,0x00000000feb80000,0x00000000ff500000)
 ParOldGen       total 81408K, used 45185K [0x00000000e8000000, 0x00000000ecf80000, 0x00000000f8000000)
  object space 81408K, 55% used [0x00000000e8000000,0x00000000eac206c0,0x00000000ecf80000)
 PSPermGen       total 73216K, used 71880K [0x00000000d8000000, 0x00000000dc780000, 0x00000000e8000000)
  object space 73216K, 98% used [0x00000000d8000000,0x00000000dc6323d8,0x00000000dc780000)
Event: 3324.192 GC heap after
Heap after GC invocations=122 (full 45):
 PSYoungGen      total 111104K, used 912K [0x00000000f8000000, 0x00000000ffd80000, 0x0000000100000000)
  eden space 110080K, 0% used [0x00000000f8000000,0x00000000f8000000,0x00000000feb80000)
  from space 1024K, 89% used [0x00000000feb80000,0x00000000fec64010,0x00000000fec80000)
  to   space 9216K, 0% used [0x00000000ff480000,0x00000000ff480000,0x00000000ffd80000)
 ParOldGen       total 81408K, used 45185K [0x00000000e8000000, 0x00000000ecf80000, 0x00000000f8000000)
  object space 81408K, 55% used [0x00000000e8000000,0x00000000eac206c0,0x00000000ecf80000)
 PSPermGen       total 73216K, used 71880K [0x00000000d8000000, 0x00000000dc780000, 0x00000000e8000000)
  object space 73216K, 98% used [0x00000000d8000000,0x00000000dc6323d8,0x00000000dc780000)
}
Event: 3324.192 GC heap before
{Heap before GC invocations=123 (full 46):
 PSYoungGen      total 111104K, used 912K [0x00000000f8000000, 0x00000000ffd80000, 0x0000000100000000)
  eden space 110080K, 0% used [0x00000000f8000000,0x00000000f8000000,0x00000000feb80000)
  from space 1024K, 89% used [0x00000000feb80000,0x00000000fec64010,0x00000000fec80000)
  to   space 9216K, 0% used [0x00000000ff480000,0x00000000ff480000,0x00000000ffd80000)
 ParOldGen       total 81408K, used 45185K [0x00000000e8000000, 0x00000000ecf80000, 0x00000000f8000000)
  object space 81408K, 55% used [0x00000000e8000000,0x00000000eac206c0,0x00000000ecf80000)
 PSPermGen       total 73216K, used 71880K [0x00000000d8000000, 0x00000000dc780000, 0x00000000e8000000)
  object space 73216K, 98% used [0x00000000d8000000,0x00000000dc6323d8,0x00000000dc780000)
Event: 3324.678 GC heap after
Heap after GC invocations=123 (full 46):
 PSYoungGen      total 111104K, used 0K [0x00000000f8000000, 0x00000000ffd80000, 0x0000000100000000)
  eden space 110080K, 0% used [0x00000000f8000000,0x00000000f8000000,0x00000000feb80000)
  from space 1024K, 0% used [0x00000000feb80000,0x00000000feb80000,0x00000000fec80000)
  to   space 9216K, 0% used [0x00000000ff480000,0x00000000ff480000,0x00000000ffd80000)
 ParOldGen       total 81408K, used 45054K [0x00000000e8000000, 0x00000000ecf80000, 0x00000000f8000000)
  object space 81408K, 55% used [0x00000000e8000000,0x00000000eabffac0,0x00000000ecf80000)
 PSPermGen       total 72704K, used 71880K [0x00000000d8000000, 0x00000000dc700000, 0x00000000e8000000)
  object space 72704K, 98% used [0x00000000d8000000,0x00000000dc632398,0x00000000dc700000)
}
Event: 3395.363 GC heap before
{Heap before GC invocations=124 (full 46):
 PSYoungGen      total 111104K, used 6186K [0x00000000f8000000, 0x00000000ffd80000, 0x0000000100000000)
  eden space 110080K, 5% used [0x00000000f8000000,0x00000000f860ab18,0x00000000feb80000)
  from space 1024K, 0% used [0x00000000feb80000,0x00000000feb80000,0x00000000fec80000)
  to   space 9216K, 0% used [0x00000000ff480000,0x00000000ff480000,0x00000000ffd80000)
 ParOldGen       total 81408K, used 45054K [0x00000000e8000000, 0x00000000ecf80000, 0x00000000f8000000)
  object space 81408K, 55% used [0x00000000e8000000,0x00000000eabffac0,0x00000000ecf80000)
 PSPermGen       total 72704K, used 72015K [0x00000000d8000000, 0x00000000dc700000, 0x00000000e8000000)
  object space 72704K, 99% used [0x00000000d8000000,0x00000000dc653cc8,0x00000000dc700000)
Event: 3395.373 GC heap after
Heap after GC invocations=124 (full 46):
 PSYoungGen      total 119296K, used 326K [0x00000000f8000000, 0x00000000ffd80000, 0x0000000100000000)
  eden space 110080K, 0% used [0x00000000f8000000,0x00000000f8000000,0x00000000feb80000)
  from space 9216K, 3% used [0x00000000ff480000,0x00000000ff4d18c0,0x00000000ffd80000)
  to   space 9216K, 0% used [0x00000000feb80000,0x00000000feb80000,0x00000000ff480000)
 ParOldGen       total 81408K, used 45054K [0x00000000e8000000, 0x00000000ecf80000, 0x00000000f8000000)
  object space 81408K, 55% used [0x00000000e8000000,0x00000000eabffac0,0x00000000ecf80000)
 PSPermGen       total 72704K, used 72015K [0x00000000d8000000, 0x00000000dc700000, 0x00000000e8000000)
  object space 72704K, 99% used [0x00000000d8000000,0x00000000dc653cc8,0x00000000dc700000)
}
Event: 3395.373 GC heap before
{Heap before GC invocations=125 (full 47):
 PSYoungGen      total 119296K, used 326K [0x00000000f8000000, 0x00000000ffd80000, 0x0000000100000000)
  eden space 110080K, 0% used [0x00000000f8000000,0x00000000f8000000,0x00000000feb80000)
  from space 9216K, 3% used [0x00000000ff480000,0x00000000ff4d18c0,0x00000000ffd80000)
  to   space 9216K, 0% used [0x00000000feb80000,0x00000000feb80000,0x00000000ff480000)
 ParOldGen       total 81408K, used 45054K [0x00000000e8000000, 0x00000000ecf80000, 0x00000000f8000000)
  object space 81408K, 55% used [0x00000000e8000000,0x00000000eabffac0,0x00000000ecf80000)
 PSPermGen       total 72704K, used 72015K [0x00000000d8000000, 0x00000000dc700000, 0x00000000e8000000)
  object space 72704K, 99% used [0x00000000d8000000,0x00000000dc653cc8,0x00000000dc700000)
Event: 3395.830 GC heap after
Heap after GC invocations=125 (full 47):
 PSYoungGen      total 119296K, used 0K [0x00000000f8000000, 0x00000000ffd80000, 0x0000000100000000)
  eden space 110080K, 0% used [0x00000000f8000000,0x00000000f8000000,0x00000000feb80000)
  from space 9216K, 0% used [0x00000000ff480000,0x00000000ff480000,0x00000000ffd80000)
  to   space 9216K, 0% used [0x00000000feb80000,0x00000000feb80000,0x00000000ff480000)
 ParOldGen       total 81408K, used 44972K [0x00000000e8000000, 0x00000000ecf80000, 0x00000000f8000000)
  object space 81408K, 55% used [0x00000000e8000000,0x00000000eabeb3f8,0x00000000ecf80000)
 PSPermGen       total 72704K, used 72015K [0x00000000d8000000, 0x00000000dc700000, 0x00000000e8000000)
  object space 72704K, 99% used [0x00000000d8000000,0x00000000dc653cc8,0x00000000dc700000)
}
Event: 3639.399 GC heap before
{Heap before GC invocations=126 (full 47):
 PSYoungGen      total 119296K, used 110080K [0x00000000f8000000, 0x00000000ffd80000, 0x0000000100000000)
  eden space 110080K, 100% used [0x00000000f8000000,0x00000000feb80000,0x00000000feb80000)
  from space 9216K, 0% used [0x00000000ff480000,0x00000000ff480000,0x00000000ffd80000)
  to   space 9216K, 0% used [0x00000000feb80000,0x00000000feb80000,0x00000000ff480000)
 ParOldGen       total 81408K, used 44972K [0x00000000e8000000, 0x00000000ecf80000, 0x00000000f8000000)
  object space 81408K, 55% used [0x00000000e8000000,0x00000000eabeb3f8,0x00000000ecf80000)
 PSPermGen       total 72704K, used 72100K [0x00000000d8000000, 0x00000000dc700000, 0x00000000e8000000)
  object space 72704K, 99% used [0x00000000d8000000,0x00000000dc669248,0x00000000dc700000)
Event: 3639.430 GC heap after
Heap after GC invocations=126 (full 47):
 PSYoungGen      total 119296K, used 6131K [0x00000000f8000000, 0x0000000100000000, 0x0000000100000000)
  eden space 110080K, 0% used [0x00000000f8000000,0x00000000f8000000,0x00000000feb80000)
  from space 9216K, 66% used [0x00000000feb80000,0x00000000ff17cfa0,0x00000000ff480000)
  to   space 9728K, 0% used [0x00000000ff680000,0x00000000ff680000,0x0000000100000000)
 ParOldGen       total 81408K, used 44972K [0x00000000e8000000, 0x00000000ecf80000, 0x00000000f8000000)
  object space 81408K, 55% used [0x00000000e8000000,0x00000000eabeb3f8,0x00000000ecf80000)
 PSPermGen       total 72704K, used 72100K [0x00000000d8000000, 0x00000000dc700000, 0x00000000e8000000)
  object space 72704K, 99% used [0x00000000d8000000,0x00000000dc669248,0x00000000dc700000)
}

# JRE version: OpenJDK Runtime Environment (7.0_55-b14) (build 1.7.0_55-b14)
# Java VM: OpenJDK 64-Bit Server VM (24.51-b03 mixed mode linux-amd64 compressed oops)
Heap
 PSYoungGen      total 119296K, used 75554K [0x00000000f8000000, 0x0000000100000000, 0x0000000100000000)
  eden space 110080K, 63% used [0x00000000f8000000,0x00000000fc3cb9a0,0x00000000feb80000)
  from space 9216K, 66% used [0x00000000feb80000,0x00000000ff17cfa0,0x00000000ff480000)
  to   space 9728K, 0% used [0x00000000ff680000,0x00000000ff680000,0x0000000100000000)
 ParOldGen       total 81408K, used 44972K [0x00000000e8000000, 0x00000000ecf80000, 0x00000000f8000000)
  object space 81408K, 55% used [0x00000000e8000000,0x00000000eabeb3f8,0x00000000ecf80000)
 PSPermGen       total 72704K, used 72156K [0x00000000d8000000, 0x00000000dc700000, 0x00000000e8000000)
  object space 72704K, 99% used [0x00000000d8000000,0x00000000dc677090,0x00000000dc700000)
GC Heap History (10 events):
Event: 3324.179 GC heap before
{Heap before GC invocations=122 (full 45):
 PSYoungGen      total 119808K, used 17322K [0x00000000f8000000, 0x00000000ffe80000, 0x0000000100000000)
  eden space 110080K, 15% used [0x00000000f8000000,0x00000000f90ea888,0x00000000feb80000)
  from space 9728K, 0% used [0x00000000ff500000,0x00000000ff500000,0x00000000ffe80000)
  to   space 9728K, 0% used [0x00000000feb80000,0x00000000feb80000,0x00000000ff500000)
 ParOldGen       total 81408K, used 45185K [0x00000000e8000000, 0x00000000ecf80000, 0x00000000f8000000)
  object space 81408K, 55% used [0x00000000e8000000,0x00000000eac206c0,0x00000000ecf80000)
 PSPermGen       total 73216K, used 71880K [0x00000000d8000000, 0x00000000dc780000, 0x00000000e8000000)
  object space 73216K, 98% used [0x00000000d8000000,0x00000000dc6323d8,0x00000000dc780000)
Event: 3324.192 GC heap after
Heap after GC invocations=122 (full 45):
 PSYoungGen      total 111104K, used 912K [0x00000000f8000000, 0x00000000ffd80000, 0x0000000100000000)
  eden space 110080K, 0% used [0x00000000f8000000,0x00000000f8000000,0x00000000feb80000)
  from space 1024K, 89% used [0x00000000feb80000,0x00000000fec64010,0x00000000fec80000)
  to   space 9216K, 0% used [0x00000000ff480000,0x00000000ff480000,0x00000000ffd80000)
 ParOldGen       total 81408K, used 45185K [0x00000000e8000000, 0x00000000ecf80000, 0x00000000f8000000)
  object space 81408K, 55% used [0x00000000e8000000,0x00000000eac206c0,0x00000000ecf80000)
 PSPermGen       total 73216K, used 71880K [0x00000000d8000000, 0x00000000dc780000, 0x00000000e8000000)
  object space 73216K, 98% used [0x00000000d8000000,0x00000000dc6323d8,0x00000000dc780000)
}
Event: 3324.192 GC heap before
{Heap before GC invocations=123 (full 46):
 PSYoungGen      total 111104K, used 912K [0x00000000f8000000, 0x00000000ffd80000, 0x0000000100000000)
  eden space 110080K, 0% used [0x00000000f8000000,0x00000000f8000000,0x00000000feb80000)
  from space 1024K, 89% used [0x00000000feb80000,0x00000000fec64010,0x00000000fec80000)
  to   space 9216K, 0% used [0x00000000ff480000,0x00000000ff480000,0x00000000ffd80000)
 ParOldGen       total 81408K, used 45185K [0x00000000e8000000, 0x00000000ecf80000, 0x00000000f8000000)
  object space 81408K, 55% used [0x00000000e8000000,0x00000000eac206c0,0x00000000ecf80000)
 PSPermGen       total 73216K, used 71880K [0x00000000d8000000, 0x00000000dc780000, 0x00000000e8000000)
  object space 73216K, 98% used [0x00000000d8000000,0x00000000dc6323d8,0x00000000dc780000)
Event: 3324.678 GC heap after
Heap after GC invocations=123 (full 46):
 PSYoungGen      total 111104K, used 0K [0x00000000f8000000, 0x00000000ffd80000, 0x0000000100000000)
  eden space 110080K, 0% used [0x00000000f8000000,0x00000000f8000000,0x00000000feb80000)
  from space 1024K, 0% used [0x00000000feb80000,0x00000000feb80000,0x00000000fec80000)
  to   space 9216K, 0% used [0x00000000ff480000,0x00000000ff480000,0x00000000ffd80000)
 ParOldGen       total 81408K, used 45054K [0x00000000e8000000, 0x00000000ecf80000, 0x00000000f8000000)
  object space 81408K, 55% used [0x00000000e8000000,0x00000000eabffac0,0x00000000ecf80000)
 PSPermGen       total 72704K, used 71880K [0x00000000d8000000, 0x00000000dc700000, 0x00000000e8000000)
  object space 72704K, 98% used [0x00000000d8000000,0x00000000dc632398,0x00000000dc700000)
}
Event: 3395.363 GC heap before
{Heap before GC invocations=124 (full 46):
 PSYoungGen      total 111104K, used 6186K [0x00000000f8000000, 0x00000000ffd80000, 0x0000000100000000)
  eden space 110080K, 5% used [0x00000000f8000000,0x00000000f860ab18,0x00000000feb80000)
  from space 1024K, 0% used [0x00000000feb80000,0x00000000feb80000,0x00000000fec80000)
  to   space 9216K, 0% used [0x00000000ff480000,0x00000000ff480000,0x00000000ffd80000)
 ParOldGen       total 81408K, used 45054K [0x00000000e8000000, 0x00000000ecf80000, 0x00000000f8000000)
  object space 81408K, 55% used [0x00000000e8000000,0x00000000eabffac0,0x00000000ecf80000)
 PSPermGen       total 72704K, used 72015K [0x00000000d8000000, 0x00000000dc700000, 0x00000000e8000000)
  object space 72704K, 99% used [0x00000000d8000000,0x00000000dc653cc8,0x00000000dc700000)
Event: 3395.373 GC heap after
Heap after GC invocations=124 (full 46):
 PSYoungGen      total 119296K, used 326K [0x00000000f8000000, 0x00000000ffd80000, 0x0000000100000000)
  eden space 110080K, 0% used [0x00000000f8000000,0x00000000f8000000,0x00000000feb80000)
  from space 9216K, 3% used [0x00000000ff480000,0x00000000ff4d18c0,0x00000000ffd80000)
  to   space 9216K, 0% used [0x00000000feb80000,0x00000000feb80000,0x00000000ff480000)
 ParOldGen       total 81408K, used 45054K [0x00000000e8000000, 0x00000000ecf80000, 0x00000000f8000000)
  object space 81408K, 55% used [0x00000000e8000000,0x00000000eabffac0,0x00000000ecf80000)
 PSPermGen       total 72704K, used 72015K [0x00000000d8000000, 0x00000000dc700000, 0x00000000e8000000)
  object space 72704K, 99% used [0x00000000d8000000,0x00000000dc653cc8,0x00000000dc700000)
}
Event: 3395.373 GC heap before
{Heap before GC invocations=125 (full 47):
 PSYoungGen      total 119296K, used 326K [0x00000000f8000000, 0x00000000ffd80000, 0x0000000100000000)
  eden space 110080K, 0% used [0x00000000f8000000,0x00000000f8000000,0x00000000feb80000)
  from space 9216K, 3% used [0x00000000ff480000,0x00000000ff4d18c0,0x00000000ffd80000)
  to   space 9216K, 0% used [0x00000000feb80000,0x00000000feb80000,0x00000000ff480000)
 ParOldGen       total 81408K, used 45054K [0x00000000e8000000, 0x00000000ecf80000, 0x00000000f8000000)
  object space 81408K, 55% used [0x00000000e8000000,0x00000000eabffac0,0x00000000ecf80000)
 PSPermGen       total 72704K, used 72015K [0x00000000d8000000, 0x00000000dc700000, 0x00000000e8000000)
  object space 72704K, 99% used [0x00000000d8000000,0x00000000dc653cc8,0x00000000dc700000)
Event: 3395.830 GC heap after
Heap after GC invocations=125 (full 47):
 PSYoungGen      total 119296K, used 0K [0x00000000f8000000, 0x00000000ffd80000, 0x0000000100000000)
  eden space 110080K, 0% used [0x00000000f8000000,0x00000000f8000000,0x00000000feb80000)
  from space 9216K, 0% used [0x00000000ff480000,0x00000000ff480000,0x00000000ffd80000)
  to   space 9216K, 0% used [0x00000000feb80000,0x00000000feb80000,0x00000000ff480000)
 ParOldGen       total 81408K, used 44972K [0x00000000e8000000, 0x00000000ecf80000, 0x00000000f8000000)
  object space 81408K, 55% used [0x00000000e8000000,0x00000000eabeb3f8,0x00000000ecf80000)
 PSPermGen       total 72704K, used 72015K [0x00000000d8000000, 0x00000000dc700000, 0x00000000e8000000)
  object space 72704K, 99% used [0x00000000d8000000,0x00000000dc653cc8,0x00000000dc700000)
}
Event: 3639.399 GC heap before
{Heap before GC invocations=126 (full 47):
 PSYoungGen      total 119296K, used 110080K [0x00000000f8000000, 0x00000000ffd80000, 0x0000000100000000)
  eden space 110080K, 100% used [0x00000000f8000000,0x00000000feb80000,0x00000000feb80000)
  from space 9216K, 0% used [0x00000000ff480000,0x00000000ff480000,0x00000000ffd80000)
  to   space 9216K, 0% used [0x00000000feb80000,0x00000000feb80000,0x00000000ff480000)
 ParOldGen       total 81408K, used 44972K [0x00000000e8000000, 0x00000000ecf80000, 0x00000000f8000000)
  object space 81408K, 55% used [0x00000000e8000000,0x00000000eabeb3f8,0x00000000ecf80000)
 PSPermGen       total 72704K, used 72100K [0x00000000d8000000, 0x00000000dc700000, 0x00000000e8000000)
  object space 72704K, 99% used [0x00000000d8000000,0x00000000dc669248,0x00000000dc700000)
Event: 3639.430 GC heap after
Heap after GC invocations=126 (full 47):
 PSYoungGen      total 119296K, used 6131K [0x00000000f8000000, 0x0000000100000000, 0x0000000100000000)
  eden space 110080K, 0% used [0x00000000f8000000,0x00000000f8000000,0x00000000feb80000)
  from space 9216K, 66% used [0x00000000feb80000,0x00000000ff17cfa0,0x00000000ff480000)
  to   space 9728K, 0% used [0x00000000ff680000,0x00000000ff680000,0x0000000100000000)
 ParOldGen       total 81408K, used 44972K [0x00000000e8000000, 0x00000000ecf80000, 0x00000000f8000000)
  object space 81408K, 55% used [0x00000000e8000000,0x00000000eabeb3f8,0x00000000ecf80000)
 PSPermGen       total 72704K, used 72100K [0x00000000d8000000, 0x00000000dc700000, 0x00000000e8000000)
  object space 72704K, 99% used [0x00000000d8000000,0x00000000dc669248,0x00000000dc700000)
}

# JRE version: OpenJDK Runtime Environment (7.0_55-b14) (build 1.7.0_55-b14)
# Java VM: OpenJDK 64-Bit Server VM (24.51-b03 mixed mode linux-amd64 compressed oops)
Heap
 PSYoungGen      total 119296K, used 75554K [0x00000000f8000000, 0x0000000100000000, 0x0000000100000000)
  eden space 110080K, 63% used [0x00000000f8000000,0x00000000fc3cb9a0,0x00000000feb80000)
  from space 9216K, 66% used [0x00000000feb80000,0x00000000ff17cfa0,0x00000000ff480000)
  to   space 9728K, 0% used [0x00000000ff680000,0x00000000ff680000,0x0000000100000000)
 ParOldGen       total 81408K, used 44972K [0x00000000e8000000, 0x00000000ecf80000, 0x00000000f8000000)
  object space 81408K, 55% used [0x00000000e8000000,0x00000000eabeb3f8,0x00000000ecf80000)
 PSPermGen       total 72704K, used 72156K [0x00000000d8000000, 0x00000000dc700000, 0x00000000e8000000)
  object space 72704K, 99% used [0x00000000d8000000,0x00000000dc677090,0x00000000dc700000)
GC Heap History (10 events):
Event: 3324.179 GC heap before
{Heap before GC invocations=122 (full 45):
 PSYoungGen      total 119808K, used 17322K [0x00000000f8000000, 0x00000000ffe80000, 0x0000000100000000)
  eden space 110080K, 15% used [0x00000000f8000000,0x00000000f90ea888,0x00000000feb80000)
  from space 9728K, 0% used [0x00000000ff500000,0x00000000ff500000,0x00000000ffe80000)
  to   space 9728K, 0% used [0x00000000feb80000,0x00000000feb80000,0x00000000ff500000)
 ParOldGen       total 81408K, used 45185K [0x00000000e8000000, 0x00000000ecf80000, 0x00000000f8000000)
  object space 81408K, 55% used [0x00000000e8000000,0x00000000eac206c0,0x00000000ecf80000)
 PSPermGen       total 73216K, used 71880K [0x00000000d8000000, 0x00000000dc780000, 0x00000000e8000000)
  object space 73216K, 98% used [0x00000000d8000000,0x00000000dc6323d8,0x00000000dc780000)
Event: 3324.192 GC heap after
Heap after GC invocations=122 (full 45):
 PSYoungGen      total 111104K, used 912K [0x00000000f8000000, 0x00000000ffd80000, 0x0000000100000000)
  eden space 110080K, 0% used [0x00000000f8000000,0x00000000f8000000,0x00000000feb80000)
  from space 1024K, 89% used [0x00000000feb80000,0x00000000fec64010,0x00000000fec80000)
  to   space 9216K, 0% used [0x00000000ff480000,0x00000000ff480000,0x00000000ffd80000)
 ParOldGen       total 81408K, used 45185K [0x00000000e8000000, 0x00000000ecf80000, 0x00000000f8000000)
  object space 81408K, 55% used [0x00000000e8000000,0x00000000eac206c0,0x00000000ecf80000)
 PSPermGen       total 73216K, used 71880K [0x00000000d8000000, 0x00000000dc780000, 0x00000000e8000000)
  object space 73216K, 98% used [0x00000000d8000000,0x00000000dc6323d8,0x00000000dc780000)
}
Event: 3324.192 GC heap before
{Heap before GC invocations=123 (full 46):
 PSYoungGen      total 111104K, used 912K [0x00000000f8000000, 0x00000000ffd80000, 0x0000000100000000)
  eden space 110080K, 0% used [0x00000000f8000000,0x00000000f8000000,0x00000000feb80000)
  from space 1024K, 89% used [0x00000000feb80000,0x00000000fec64010,0x00000000fec80000)
  to   space 9216K, 0% used [0x00000000ff480000,0x00000000ff480000,0x00000000ffd80000)
 ParOldGen       total 81408K, used 45185K [0x00000000e8000000, 0x00000000ecf80000, 0x00000000f8000000)
  object space 81408K, 55% used [0x00000000e8000000,0x00000000eac206c0,0x00000000ecf80000)
 PSPermGen       total 73216K, used 71880K [0x00000000d8000000, 0x00000000dc780000, 0x00000000e8000000)
  object space 73216K, 98% used [0x00000000d8000000,0x00000000dc6323d8,0x00000000dc780000)
Event: 3324.678 GC heap after
Heap after GC invocations=123 (full 46):
 PSYoungGen      total 111104K, used 0K [0x00000000f8000000, 0x00000000ffd80000, 0x0000000100000000)
  eden space 110080K, 0% used [0x00000000f8000000,0x00000000f8000000,0x00000000feb80000)
  from space 1024K, 0% used [0x00000000feb80000,0x00000000feb80000,0x00000000fec80000)
  to   space 9216K, 0% used [0x00000000ff480000,0x00000000ff480000,0x00000000ffd80000)
 ParOldGen       total 81408K, used 45054K [0x00000000e8000000, 0x00000000ecf80000, 0x00000000f8000000)
  object space 81408K, 55% used [0x00000000e8000000,0x00000000eabffac0,0x00000000ecf80000)
 PSPermGen       total 72704K, used 71880K [0x00000000d8000000, 0x00000000dc700000, 0x00000000e8000000)
  object space 72704K, 98% used [0x00000000d8000000,0x00000000dc632398,0x00000000dc700000)
}
Event: 3395.363 GC heap before
{Heap before GC invocations=124 (full 46):
 PSYoungGen      total 111104K, used 6186K [0x00000000f8000000, 0x00000000ffd80000, 0x0000000100000000)
  eden space 110080K, 5% used [0x00000000f8000000,0x00000000f860ab18,0x00000000feb80000)
  from space 1024K, 0% used [0x00000000feb80000,0x00000000feb80000,0x00000000fec80000)
  to   space 9216K, 0% used [0x00000000ff480000,0x00000000ff480000,0x00000000ffd80000)
 ParOldGen       total 81408K, used 45054K [0x00000000e8000000, 0x00000000ecf80000, 0x00000000f8000000)
  object space 81408K, 55% used [0x00000000e8000000,0x00000000eabffac0,0x00000000ecf80000)
 PSPermGen       total 72704K, used 72015K [0x00000000d8000000, 0x00000000dc700000, 0x00000000e8000000)
  object space 72704K, 99% used [0x00000000d8000000,0x00000000dc653cc8,0x00000000dc700000)
Event: 3395.373 GC heap after
Heap after GC invocations=124 (full 46):
 PSYoungGen      total 119296K, used 326K [0x00000000f8000000, 0x00000000ffd80000, 0x0000000100000000)
  eden space 110080K, 0% used [0x00000000f8000000,0x00000000f8000000,0x00000000feb80000)
  from space 9216K, 3% used [0x00000000ff480000,0x00000000ff4d18c0,0x00000000ffd80000)
  to   space 9216K, 0% used [0x00000000feb80000,0x00000000feb80000,0x00000000ff480000)
 ParOldGen       total 81408K, used 45054K [0x00000000e8000000, 0x00000000ecf80000, 0x00000000f8000000)
  object space 81408K, 55% used [0x00000000e8000000,0x00000000eabffac0,0x00000000ecf80000)
 PSPermGen       total 72704K, used 72015K [0x00000000d8000000, 0x00000000dc700000, 0x00000000e8000000)
  object space 72704K, 99% used [0x00000000d8000000,0x00000000dc653cc8,0x00000000dc700000)
}
Event: 3395.373 GC heap before
{Heap before GC invocations=125 (full 47):
 PSYoungGen      total 119296K, used 326K [0x00000000f8000000, 0x00000000ffd80000, 0x0000000100000000)
  eden space 110080K, 0% used [0x00000000f8000000,0x00000000f8000000,0x00000000feb80000)
  from space 9216K, 3% used [0x00000000ff480000,0x00000000ff4d18c0,0x00000000ffd80000)
  to   space 9216K, 0% used [0x00000000feb80000,0x00000000feb80000,0x00000000ff480000)
 ParOldGen       total 81408K, used 45054K [0x00000000e8000000, 0x00000000ecf80000, 0x00000000f8000000)
  object space 81408K, 55% used [0x00000000e8000000,0x00000000eabffac0,0x00000000ecf80000)
 PSPermGen       total 72704K, used 72015K [0x00000000d8000000, 0x00000000dc700000, 0x00000000e8000000)
  object space 72704K, 99% used [0x00000000d8000000,0x00000000dc653cc8,0x00000000dc700000)
Event: 3395.830 GC heap after
Heap after GC invocations=125 (full 47):
 PSYoungGen      total 119296K, used 0K [0x00000000f8000000, 0x00000000ffd80000, 0x0000000100000000)
  eden space 110080K, 0% used [0x00000000f8000000,0x00000000f8000000,0x00000000feb80000)
  from space 9216K, 0% used [0x00000000ff480000,0x00000000ff480000,0x00000000ffd80000)
  to   space 9216K, 0% used [0x00000000feb80000,0x00000000feb80000,0x00000000ff480000)
 ParOldGen       total 81408K, used 44972K [0x00000000e8000000, 0x00000000ecf80000, 0x00000000f8000000)
  object space 81408K, 55% used [0x00000000e8000000,0x00000000eabeb3f8,0x00000000ecf80000)
 PSPermGen       total 72704K, used 72015K [0x00000000d8000000, 0x00000000dc700000, 0x00000000e8000000)
  object space 72704K, 99% used [0x00000000d8000000,0x00000000dc653cc8,0x00000000dc700000)
}
Event: 3639.399 GC heap before
{Heap before GC invocations=126 (full 47):
 PSYoungGen      total 119296K, used 110080K [0x00000000f8000000, 0x00000000ffd80000, 0x0000000100000000)
  eden space 110080K, 100% used [0x00000000f8000000,0x00000000feb80000,0x00000000feb80000)
  from space 9216K, 0% used [0x00000000ff480000,0x00000000ff480000,0x00000000ffd80000)
  to   space 9216K, 0% used [0x00000000feb80000,0x00000000feb80000,0x00000000ff480000)
 ParOldGen       total 81408K, used 44972K [0x00000000e8000000, 0x00000000ecf80000, 0x00000000f8000000)
  object space 81408K, 55% used [0x00000000e8000000,0x00000000eabeb3f8,0x00000000ecf80000)
 PSPermGen       total 72704K, used 72100K [0x00000000d8000000, 0x00000000dc700000, 0x00000000e8000000)
  object space 72704K, 99% used [0x00000000d8000000,0x00000000dc669248,0x00000000dc700000)
Event: 3639.430 GC heap after
Heap after GC invocations=126 (full 47):
 PSYoungGen      total 119296K, used 6131K [0x00000000f8000000, 0x0000000100000000, 0x0000000100000000)
  eden space 110080K, 0% used [0x00000000f8000000,0x00000000f8000000,0x00000000feb80000)
  from space 9216K, 66% used [0x00000000feb80000,0x00000000ff17cfa0,0x00000000ff480000)
  to   space 9728K, 0% used [0x00000000ff680000,0x00000000ff680000,0x0000000100000000)
 ParOldGen       total 81408K, used 44972K [0x00000000e8000000, 0x00000000ecf80000, 0x00000000f8000000)
  object space 81408K, 55% used [0x00000000e8000000,0x00000000eabeb3f8,0x00000000ecf80000)
 PSPermGen       total 72704K, used 72100K [0x00000000d8000000, 0x00000000dc700000, 0x00000000e8000000)
  object space 72704K, 99% used [0x00000000d8000000,0x00000000dc669248,0x00000000dc700000)
}

# JRE version: OpenJDK Runtime Environment (7.0_55-b14) (build 1.7.0_55-b14)
# Java VM: OpenJDK 64-Bit Server VM (24.51-b03 mixed mode linux-amd64 compressed oops)
Heap
 PSYoungGen      total 119296K, used 75554K [0x00000000f8000000, 0x0000000100000000, 0x0000000100000000)
  eden space 110080K, 63% used [0x00000000f8000000,0x00000000fc3cb9a0,0x00000000feb80000)
  from space 9216K, 66% used [0x00000000feb80000,0x00000000ff17cfa0,0x00000000ff480000)
  to   space 9728K, 0% used [0x00000000ff680000,0x00000000ff680000,0x0000000100000000)
 ParOldGen       total 81408K, used 44972K [0x00000000e8000000, 0x00000000ecf80000, 0x00000000f8000000)
  object space 81408K, 55% used [0x00000000e8000000,0x00000000eabeb3f8,0x00000000ecf80000)
 PSPermGen       total 72704K, used 72156K [0x00000000d8000000, 0x00000000dc700000, 0x00000000e8000000)
  object space 72704K, 99% used [0x00000000d8000000,0x00000000dc677090,0x00000000dc700000)
GC Heap History (10 events):
Event: 3324.179 GC heap before
{Heap before GC invocations=122 (full 45):
 PSYoungGen      total 119808K, used 17322K [0x00000000f8000000, 0x00000000ffe80000, 0x0000000100000000)
  eden space 110080K, 15% used [0x00000000f8000000,0x00000000f90ea888,0x00000000feb80000)
  from space 9728K, 0% used [0x00000000ff500000,0x00000000ff500000,0x00000000ffe80000)
  to   space 9728K, 0% used [0x00000000feb80000,0x00000000feb80000,0x00000000ff500000)
 ParOldGen       total 81408K, used 45185K [0x00000000e8000000, 0x00000000ecf80000, 0x00000000f8000000)
  object space 81408K, 55% used [0x00000000e8000000,0x00000000eac206c0,0x00000000ecf80000)
 PSPermGen       total 73216K, used 71880K [0x00000000d8000000, 0x00000000dc780000, 0x00000000e8000000)
  object space 73216K, 98% used [0x00000000d8000000,0x00000000dc6323d8,0x00000000dc780000)
Event: 3324.192 GC heap after
Heap after GC invocations=122 (full 45):
 PSYoungGen      total 111104K, used 912K [0x00000000f8000000, 0x00000000ffd80000, 0x0000000100000000)
  eden space 110080K, 0% used [0x00000000f8000000,0x00000000f8000000,0x00000000feb80000)
  from space 1024K, 89% used [0x00000000feb80000,0x00000000fec64010,0x00000000fec80000)
  to   space 9216K, 0% used [0x00000000ff480000,0x00000000ff480000,0x00000000ffd80000)
 ParOldGen       total 81408K, used 45185K [0x00000000e8000000, 0x00000000ecf80000, 0x00000000f8000000)
  object space 81408K, 55% used [0x00000000e8000000,0x00000000eac206c0,0x00000000ecf80000)
 PSPermGen       total 73216K, used 71880K [0x00000000d8000000, 0x00000000dc780000, 0x00000000e8000000)
  object space 73216K, 98% used [0x00000000d8000000,0x00000000dc6323d8,0x00000000dc780000)
}
Event: 3324.192 GC heap before
{Heap before GC invocations=123 (full 46):
 PSYoungGen      total 111104K, used 912K [0x00000000f8000000, 0x00000000ffd80000, 0x0000000100000000)
  eden space 110080K, 0% used [0x00000000f8000000,0x00000000f8000000,0x00000000feb80000)
  from space 1024K, 89% used [0x00000000feb80000,0x00000000fec64010,0x00000000fec80000)
  to   space 9216K, 0% used [0x00000000ff480000,0x00000000ff480000,0x00000000ffd80000)
 ParOldGen       total 81408K, used 45185K [0x00000000e8000000, 0x00000000ecf80000, 0x00000000f8000000)
  object space 81408K, 55% used [0x00000000e8000000,0x00000000eac206c0,0x00000000ecf80000)
 PSPermGen       total 73216K, used 71880K [0x00000000d8000000, 0x00000000dc780000, 0x00000000e8000000)
  object space 73216K, 98% used [0x00000000d8000000,0x00000000dc6323d8,0x00000000dc780000)
Event: 3324.678 GC heap after
Heap after GC invocations=123 (full 46):
 PSYoungGen      total 111104K, used 0K [0x00000000f8000000, 0x00000000ffd80000, 0x0000000100000000)
  eden space 110080K, 0% used [0x00000000f8000000,0x00000000f8000000,0x00000000feb80000)
  from space 1024K, 0% used [0x00000000feb80000,0x00000000feb80000,0x00000000fec80000)
  to   space 9216K, 0% used [0x00000000ff480000,0x00000000ff480000,0x00000000ffd80000)
 ParOldGen       total 81408K, used 45054K [0x00000000e8000000, 0x00000000ecf80000, 0x00000000f8000000)
  object space 81408K, 55% used [0x00000000e8000000,0x00000000eabffac0,0x00000000ecf80000)
 PSPermGen       total 72704K, used 71880K [0x00000000d8000000, 0x00000000dc700000, 0x00000000e8000000)
  object space 72704K, 98% used [0x00000000d8000000,0x00000000dc632398,0x00000000dc700000)
}
Event: 3395.363 GC heap before
{Heap before GC invocations=124 (full 46):
 PSYoungGen      total 111104K, used 6186K [0x00000000f8000000, 0x00000000ffd80000, 0x0000000100000000)
  eden space 110080K, 5% used [0x00000000f8000000,0x00000000f860ab18,0x00000000feb80000)
  from space 1024K, 0% used [0x00000000feb80000,0x00000000feb80000,0x00000000fec80000)
  to   space 9216K, 0% used [0x00000000ff480000,0x00000000ff480000,0x00000000ffd80000)
 ParOldGen       total 81408K, used 45054K [0x00000000e8000000, 0x00000000ecf80000, 0x00000000f8000000)
  object space 81408K, 55% used [0x00000000e8000000,0x00000000eabffac0,0x00000000ecf80000)
 PSPermGen       total 72704K, used 72015K [0x00000000d8000000, 0x00000000dc700000, 0x00000000e8000000)
  object space 72704K, 99% used [0x00000000d8000000,0x00000000dc653cc8,0x00000000dc700000)
Event: 3395.373 GC heap after
Heap after GC invocations=124 (full 46):
 PSYoungGen      total 119296K, used 326K [0x00000000f8000000, 0x00000000ffd80000, 0x0000000100000000)
  eden space 110080K, 0% used [0x00000000f8000000,0x00000000f8000000,0x00000000feb80000)
  from space 9216K, 3% used [0x00000000ff480000,0x00000000ff4d18c0,0x00000000ffd80000)
  to   space 9216K, 0% used [0x00000000feb80000,0x00000000feb80000,0x00000000ff480000)
 ParOldGen       total 81408K, used 45054K [0x00000000e8000000, 0x00000000ecf80000, 0x00000000f8000000)
  object space 81408K, 55% used [0x00000000e8000000,0x00000000eabffac0,0x00000000ecf80000)
 PSPermGen       total 72704K, used 72015K [0x00000000d8000000, 0x00000000dc700000, 0x00000000e8000000)
  object space 72704K, 99% used [0x00000000d8000000,0x00000000dc653cc8,0x00000000dc700000)
}
Event: 3395.373 GC heap before
{Heap before GC invocations=125 (full 47):
 PSYoungGen      total 119296K, used 326K [0x00000000f8000000, 0x00000000ffd80000, 0x0000000100000000)
  eden space 110080K, 0% used [0x00000000f8000000,0x00000000f8000000,0x00000000feb80000)
  from space 9216K, 3% used [0x00000000ff480000,0x00000000ff4d18c0,0x00000000ffd80000)
  to   space 9216K, 0% used [0x00000000feb80000,0x00000000feb80000,0x00000000ff480000)
 ParOldGen       total 81408K, used 45054K [0x00000000e8000000, 0x00000000ecf80000, 0x00000000f8000000)
  object space 81408K, 55% used [0x00000000e8000000,0x00000000eabffac0,0x00000000ecf80000)
 PSPermGen       total 72704K, used 72015K [0x00000000d8000000, 0x00000000dc700000, 0x00000000e8000000)
  object space 72704K, 99% used [0x00000000d8000000,0x00000000dc653cc8,0x00000000dc700000)
Event: 3395.830 GC heap after
Heap after GC invocations=125 (full 47):
 PSYoungGen      total 119296K, used 0K [0x00000000f8000000, 0x00000000ffd80000, 0x0000000100000000)
  eden space 110080K, 0% used [0x00000000f8000000,0x00000000f8000000,0x00000000feb80000)
  from space 9216K, 0% used [0x00000000ff480000,0x00000000ff480000,0x00000000ffd80000)
  to   space 9216K, 0% used [0x00000000feb80000,0x00000000feb80000,0x00000000ff480000)
 ParOldGen       total 81408K, used 44972K [0x00000000e8000000, 0x00000000ecf80000, 0x00000000f8000000)
  object space 81408K, 55% used [0x00000000e8000000,0x00000000eabeb3f8,0x00000000ecf80000)
 PSPermGen       total 72704K, used 72015K [0x00000000d8000000, 0x00000000dc700000, 0x00000000e8000000)
  object space 72704K, 99% used [0x00000000d8000000,0x00000000dc653cc8,0x00000000dc700000)
}
Event: 3639.399 GC heap before
{Heap before GC invocations=126 (full 47):
 PSYoungGen      total 119296K, used 110080K [0x00000000f8000000, 0x00000000ffd80000, 0x0000000100000000)
  eden space 110080K, 100% used [0x00000000f8000000,0x00000000feb80000,0x00000000feb80000)
  from space 9216K, 0% used [0x00000000ff480000,0x00000000ff480000,0x00000000ffd80000)
  to   space 9216K, 0% used [0x00000000feb80000,0x00000000feb80000,0x00000000ff480000)
 ParOldGen       total 81408K, used 44972K [0x00000000e8000000, 0x00000000ecf80000, 0x00000000f8000000)
  object space 81408K, 55% used [0x00000000e8000000,0x00000000eabeb3f8,0x00000000ecf80000)
 PSPermGen       total 72704K, used 72100K [0x00000000d8000000, 0x00000000dc700000, 0x00000000e8000000)
  object space 72704K, 99% used [0x00000000d8000000,0x00000000dc669248,0x00000000dc700000)
Event: 3639.430 GC heap after
Heap after GC invocations=126 (full 47):
 PSYoungGen      total 119296K, used 6131K [0x00000000f8000000, 0x0000000100000000, 0x0000000100000000)
  eden space 110080K, 0% used [0x00000000f8000000,0x00000000f8000000,0x00000000feb80000)
  from space 9216K, 66% used [0x00000000feb80000,0x00000000ff17cfa0,0x00000000ff480000)
  to   space 9728K, 0% used [0x00000000ff680000,0x00000000ff680000,0x0000000100000000)
 ParOldGen       total 81408K, used 44972K [0x00000000e8000000, 0x00000000ecf80000, 0x00000000f8000000)
  object space 81408K, 55% used [0x00000000e8000000,0x00000000eabeb3f8,0x00000000ecf80000)
 PSPermGen       total 72704K, used 72100K [0x00000000d8000000, 0x00000000dc700000, 0x00000000e8000000)
  object space 72704K, 99% used [0x00000000d8000000,0x00000000dc669248,0x00000000dc700000)
}

